{"/Users/harshithpola/Documents/TechnicianMarketPlace/src/__tests__/setup/emulator-seed.js": {"path":"/Users/harshithpola/Documents/TechnicianMarketPlace/src/__tests__/setup/emulator-seed.js","statementMap":{"0":{"start":{"line":8,"column":25},"end":{"line":173,"column":1}},"1":{"start":{"line":181,"column":2},"end":{"line":181,"column":65}},"2":{"start":{"line":183,"column":21},"end":{"line":183,"column":22}},"3":{"start":{"line":184,"column":18},"end":{"line":184,"column":19}},"4":{"start":{"line":186,"column":2},"end":{"line":285,"column":3}},"5":{"start":{"line":188,"column":4},"end":{"line":188,"column":35}},"6":{"start":{"line":189,"column":4},"end":{"line":202,"column":5}},"7":{"start":{"line":190,"column":6},"end":{"line":201,"column":7}},"8":{"start":{"line":191,"column":24},"end":{"line":191,"column":49}},"9":{"start":{"line":192,"column":8},"end":{"line":192,"column":36}},"10":{"start":{"line":193,"column":8},"end":{"line":193,"column":23}},"11":{"start":{"line":195,"column":8},"end":{"line":200,"column":9}},"12":{"start":{"line":196,"column":10},"end":{"line":196,"column":95}},"13":{"start":{"line":197,"column":10},"end":{"line":197,"column":22}},"14":{"start":{"line":199,"column":10},"end":{"line":199,"column":20}},"15":{"start":{"line":205,"column":4},"end":{"line":205,"column":38}},"16":{"start":{"line":206,"column":4},"end":{"line":218,"column":5}},"17":{"start":{"line":207,"column":6},"end":{"line":217,"column":7}},"18":{"start":{"line":208,"column":27},"end":{"line":208,"column":58}},"19":{"start":{"line":209,"column":8},"end":{"line":209,"column":42}},"20":{"start":{"line":210,"column":8},"end":{"line":210,"column":23}},"21":{"start":{"line":212,"column":8},"end":{"line":216,"column":9}},"22":{"start":{"line":213,"column":10},"end":{"line":213,"column":22}},"23":{"start":{"line":215,"column":10},"end":{"line":215,"column":20}},"24":{"start":{"line":221,"column":4},"end":{"line":221,"column":38}},"25":{"start":{"line":222,"column":4},"end":{"line":234,"column":5}},"26":{"start":{"line":223,"column":6},"end":{"line":233,"column":7}},"27":{"start":{"line":224,"column":27},"end":{"line":224,"column":58}},"28":{"start":{"line":225,"column":8},"end":{"line":225,"column":42}},"29":{"start":{"line":226,"column":8},"end":{"line":226,"column":23}},"30":{"start":{"line":228,"column":8},"end":{"line":232,"column":9}},"31":{"start":{"line":229,"column":10},"end":{"line":229,"column":22}},"32":{"start":{"line":231,"column":10},"end":{"line":231,"column":20}},"33":{"start":{"line":237,"column":4},"end":{"line":237,"column":43}},"34":{"start":{"line":238,"column":4},"end":{"line":250,"column":5}},"35":{"start":{"line":239,"column":6},"end":{"line":249,"column":7}},"36":{"start":{"line":240,"column":24},"end":{"line":240,"column":57}},"37":{"start":{"line":241,"column":8},"end":{"line":241,"column":36}},"38":{"start":{"line":242,"column":8},"end":{"line":242,"column":23}},"39":{"start":{"line":244,"column":8},"end":{"line":248,"column":9}},"40":{"start":{"line":245,"column":10},"end":{"line":245,"column":22}},"41":{"start":{"line":247,"column":10},"end":{"line":247,"column":20}},"42":{"start":{"line":253,"column":4},"end":{"line":253,"column":38}},"43":{"start":{"line":254,"column":4},"end":{"line":272,"column":5}},"44":{"start":{"line":255,"column":6},"end":{"line":271,"column":7}},"45":{"start":{"line":256,"column":27},"end":{"line":262,"column":9}},"46":{"start":{"line":263,"column":8},"end":{"line":263,"column":42}},"47":{"start":{"line":264,"column":8},"end":{"line":264,"column":23}},"48":{"start":{"line":266,"column":8},"end":{"line":270,"column":9}},"49":{"start":{"line":267,"column":10},"end":{"line":267,"column":22}},"50":{"start":{"line":269,"column":10},"end":{"line":269,"column":20}},"51":{"start":{"line":274,"column":4},"end":{"line":279,"column":5}},"52":{"start":{"line":275,"column":6},"end":{"line":275,"column":105}},"53":{"start":{"line":276,"column":6},"end":{"line":276,"column":85}},"54":{"start":{"line":278,"column":6},"end":{"line":278,"column":89}},"55":{"start":{"line":280,"column":4},"end":{"line":280,"column":16}},"56":{"start":{"line":282,"column":4},"end":{"line":282,"column":67}},"57":{"start":{"line":283,"column":4},"end":{"line":283,"column":67}},"58":{"start":{"line":284,"column":4},"end":{"line":284,"column":17}},"59":{"start":{"line":293,"column":2},"end":{"line":293,"column":58}},"60":{"start":{"line":295,"column":2},"end":{"line":301,"column":3}},"61":{"start":{"line":298,"column":4},"end":{"line":298,"column":81}},"62":{"start":{"line":300,"column":4},"end":{"line":300,"column":58}}},"fnMap":{"0":{"name":"seedEmulatorData","decl":{"start":{"line":180,"column":22},"end":{"line":180,"column":38}},"loc":{"start":{"line":180,"column":43},"end":{"line":286,"column":1}},"line":180},"1":{"name":"clearEmulatorData","decl":{"start":{"line":292,"column":22},"end":{"line":292,"column":39}},"loc":{"start":{"line":292,"column":44},"end":{"line":302,"column":1}},"line":292}},"branchMap":{"0":{"loc":{"start":{"line":195,"column":8},"end":{"line":200,"column":9}},"type":"if","locations":[{"start":{"line":195,"column":8},"end":{"line":200,"column":9}},{"start":{"line":198,"column":15},"end":{"line":200,"column":9}}],"line":195},"1":{"loc":{"start":{"line":212,"column":8},"end":{"line":216,"column":9}},"type":"if","locations":[{"start":{"line":212,"column":8},"end":{"line":216,"column":9}},{"start":{"line":214,"column":15},"end":{"line":216,"column":9}}],"line":212},"2":{"loc":{"start":{"line":228,"column":8},"end":{"line":232,"column":9}},"type":"if","locations":[{"start":{"line":228,"column":8},"end":{"line":232,"column":9}},{"start":{"line":230,"column":15},"end":{"line":232,"column":9}}],"line":228},"3":{"loc":{"start":{"line":244,"column":8},"end":{"line":248,"column":9}},"type":"if","locations":[{"start":{"line":244,"column":8},"end":{"line":248,"column":9}},{"start":{"line":246,"column":15},"end":{"line":248,"column":9}}],"line":244},"4":{"loc":{"start":{"line":266,"column":8},"end":{"line":270,"column":9}},"type":"if","locations":[{"start":{"line":266,"column":8},"end":{"line":270,"column":9}},{"start":{"line":268,"column":15},"end":{"line":270,"column":9}}],"line":266},"5":{"loc":{"start":{"line":274,"column":4},"end":{"line":279,"column":5}},"type":"if","locations":[{"start":{"line":274,"column":4},"end":{"line":279,"column":5}},{"start":{"line":277,"column":11},"end":{"line":279,"column":5}}],"line":274}},"s":{"0":10,"1":10,"2":10,"3":10,"4":10,"5":10,"6":10,"7":30,"8":30,"9":30,"10":30,"11":0,"12":0,"13":0,"14":0,"15":10,"16":10,"17":20,"18":20,"19":20,"20":20,"21":0,"22":0,"23":0,"24":10,"25":10,"26":30,"27":30,"28":30,"29":30,"30":0,"31":0,"32":0,"33":10,"34":10,"35":10,"36":10,"37":10,"38":10,"39":0,"40":0,"41":0,"42":10,"43":10,"44":30,"45":30,"46":30,"47":30,"48":0,"49":0,"50":0,"51":10,"52":0,"53":0,"54":10,"55":10,"56":0,"57":0,"58":0,"59":0,"60":0,"61":0,"62":0},"f":{"0":10,"1":0},"b":{"0":[0,0],"1":[0,0],"2":[0,0],"3":[0,0],"4":[0,0],"5":[0,10]},"_coverageSchema":"1a1c01bbd47fc00a2c39e90264f33305004495a9","hash":"d0195f12babf540d28108829f3c04919959ea802"}
,"/Users/harshithpola/Documents/TechnicianMarketPlace/src/__tests__/setup/unitTestSetup.js": {"path":"/Users/harshithpola/Documents/TechnicianMarketPlace/src/__tests__/setup/unitTestSetup.js","statementMap":{"0":{"start":{"line":7,"column":21},"end":{"line":7,"column":33}},"1":{"start":{"line":8,"column":22},"end":{"line":8,"column":35}},"2":{"start":{"line":10,"column":0},"end":{"line":18,"column":2}},"3":{"start":{"line":11,"column":2},"end":{"line":16,"column":3}},"4":{"start":{"line":15,"column":4},"end":{"line":15,"column":11}},"5":{"start":{"line":17,"column":2},"end":{"line":17,"column":38}},"6":{"start":{"line":20,"column":0},"end":{"line":28,"column":2}},"7":{"start":{"line":21,"column":2},"end":{"line":26,"column":3}},"8":{"start":{"line":25,"column":4},"end":{"line":25,"column":11}},"9":{"start":{"line":27,"column":2},"end":{"line":27,"column":39}}},"fnMap":{"0":{"name":"(anonymous_0)","decl":{"start":{"line":10,"column":22},"end":{"line":10,"column":23}},"loc":{"start":{"line":10,"column":35},"end":{"line":18,"column":1}},"line":10},"1":{"name":"(anonymous_1)","decl":{"start":{"line":20,"column":23},"end":{"line":20,"column":24}},"loc":{"start":{"line":20,"column":36},"end":{"line":28,"column":1}},"line":20}},"branchMap":{"0":{"loc":{"start":{"line":11,"column":2},"end":{"line":16,"column":3}},"type":"if","locations":[{"start":{"line":11,"column":2},"end":{"line":16,"column":3}},{"start":{},"end":{}}],"line":11},"1":{"loc":{"start":{"line":12,"column":4},"end":{"line":13,"column":36}},"type":"binary-expr","locations":[{"start":{"line":12,"column":4},"end":{"line":12,"column":35}},{"start":{"line":13,"column":4},"end":{"line":13,"column":36}}],"line":12},"2":{"loc":{"start":{"line":21,"column":2},"end":{"line":26,"column":3}},"type":"if","locations":[{"start":{"line":21,"column":2},"end":{"line":26,"column":3}},{"start":{},"end":{}}],"line":21},"3":{"loc":{"start":{"line":22,"column":4},"end":{"line":23,"column":36}},"type":"binary-expr","locations":[{"start":{"line":22,"column":4},"end":{"line":22,"column":35}},{"start":{"line":23,"column":4},"end":{"line":23,"column":36}}],"line":22}},"s":{"0":0,"1":0,"2":0,"3":0,"4":0,"5":0,"6":0,"7":0,"8":0,"9":0},"f":{"0":0,"1":0},"b":{"0":[0,0],"1":[0,0],"2":[0,0],"3":[0,0]}}
,"/Users/harshithpola/Documents/TechnicianMarketPlace/src/components/ActionMenu.js": {"path":"/Users/harshithpola/Documents/TechnicianMarketPlace/src/components/ActionMenu.js","statementMap":{"0":{"start":{"line":12,"column":19},"end":{"line":12,"column":43}},"1":{"start":{"line":14,"column":26},"end":{"line":93,"column":1}},"2":{"start":{"line":15,"column":22},"end":{"line":15,"column":64}},"3":{"start":{"line":17,"column":2},"end":{"line":31,"column":27}},"4":{"start":{"line":18,"column":4},"end":{"line":30,"column":5}},"5":{"start":{"line":19,"column":6},"end":{"line":23,"column":17}},"6":{"start":{"line":25,"column":6},"end":{"line":29,"column":17}},"7":{"start":{"line":33,"column":23},"end":{"line":36,"column":3}},"8":{"start":{"line":34,"column":4},"end":{"line":34,"column":14}},"9":{"start":{"line":35,"column":4},"end":{"line":35,"column":30}},"10":{"start":{"line":38,"column":20},"end":{"line":57,"column":3}},"11":{"start":{"line":43,"column":21},"end":{"line":43,"column":48}},"12":{"start":{"line":49,"column":21},"end":{"line":49,"column":50}},"13":{"start":{"line":55,"column":21},"end":{"line":55,"column":47}},"14":{"start":{"line":59,"column":2},"end":{"line":92,"column":4}},"15":{"start":{"line":76,"column":12},"end":{"line":83,"column":31}},"16":{"start":{"line":95,"column":15},"end":{"line":158,"column":2}}},"fnMap":{"0":{"name":"(anonymous_0)","decl":{"start":{"line":14,"column":26},"end":{"line":14,"column":27}},"loc":{"start":{"line":14,"column":98},"end":{"line":93,"column":1}},"line":14},"1":{"name":"(anonymous_1)","decl":{"start":{"line":17,"column":18},"end":{"line":17,"column":19}},"loc":{"start":{"line":17,"column":24},"end":{"line":31,"column":3}},"line":17},"2":{"name":"(anonymous_2)","decl":{"start":{"line":33,"column":23},"end":{"line":33,"column":24}},"loc":{"start":{"line":33,"column":37},"end":{"line":36,"column":3}},"line":33},"3":{"name":"(anonymous_3)","decl":{"start":{"line":43,"column":15},"end":{"line":43,"column":16}},"loc":{"start":{"line":43,"column":21},"end":{"line":43,"column":48}},"line":43},"4":{"name":"(anonymous_4)","decl":{"start":{"line":49,"column":15},"end":{"line":49,"column":16}},"loc":{"start":{"line":49,"column":21},"end":{"line":49,"column":50}},"line":49},"5":{"name":"(anonymous_5)","decl":{"start":{"line":55,"column":15},"end":{"line":55,"column":16}},"loc":{"start":{"line":55,"column":21},"end":{"line":55,"column":47}},"line":55},"6":{"name":"(anonymous_6)","decl":{"start":{"line":75,"column":25},"end":{"line":75,"column":26}},"loc":{"start":{"line":76,"column":12},"end":{"line":83,"column":31}},"line":76}},"branchMap":{"0":{"loc":{"start":{"line":18,"column":4},"end":{"line":30,"column":5}},"type":"if","locations":[{"start":{"line":18,"column":4},"end":{"line":30,"column":5}},{"start":{"line":24,"column":11},"end":{"line":30,"column":5}}],"line":18}},"s":{"0":0,"1":0,"2":0,"3":0,"4":0,"5":0,"6":0,"7":0,"8":0,"9":0,"10":0,"11":0,"12":0,"13":0,"14":0,"15":0,"16":0},"f":{"0":0,"1":0,"2":0,"3":0,"4":0,"5":0,"6":0},"b":{"0":[0,0]}}
,"/Users/harshithpola/Documents/TechnicianMarketPlace/src/components/BookingModal.js": {"path":"/Users/harshithpola/Documents/TechnicianMarketPlace/src/components/BookingModal.js","statementMap":{"0":{"start":{"line":16,"column":28},"end":{"line":171,"column":1}},"1":{"start":{"line":17,"column":44},"end":{"line":17,"column":64}},"2":{"start":{"line":18,"column":46},"end":{"line":18,"column":61}},"3":{"start":{"line":19,"column":34},"end":{"line":19,"column":46}},"4":{"start":{"line":20,"column":40},"end":{"line":20,"column":52}},"5":{"start":{"line":22,"column":27},"end":{"line":29,"column":3}},"6":{"start":{"line":23,"column":4},"end":{"line":25,"column":5}},"7":{"start":{"line":24,"column":6},"end":{"line":24,"column":31}},"8":{"start":{"line":26,"column":4},"end":{"line":28,"column":5}},"9":{"start":{"line":27,"column":6},"end":{"line":27,"column":37}},"10":{"start":{"line":31,"column":21},"end":{"line":47,"column":3}},"11":{"start":{"line":32,"column":4},"end":{"line":35,"column":5}},"12":{"start":{"line":33,"column":6},"end":{"line":33,"column":60}},"13":{"start":{"line":34,"column":6},"end":{"line":34,"column":13}},"14":{"start":{"line":37,"column":4},"end":{"line":40,"column":5}},"15":{"start":{"line":38,"column":6},"end":{"line":38,"column":58}},"16":{"start":{"line":39,"column":6},"end":{"line":39,"column":13}},"17":{"start":{"line":42,"column":4},"end":{"line":46,"column":7}},"18":{"start":{"line":49,"column":2},"end":{"line":49,"column":43}},"19":{"start":{"line":49,"column":31},"end":{"line":49,"column":43}},"20":{"start":{"line":51,"column":2},"end":{"line":170,"column":4}},"21":{"start":{"line":81,"column":29},"end":{"line":81,"column":52}},"22":{"start":{"line":173,"column":15},"end":{"line":339,"column":2}}},"fnMap":{"0":{"name":"(anonymous_0)","decl":{"start":{"line":16,"column":28},"end":{"line":16,"column":29}},"loc":{"start":{"line":16,"column":100},"end":{"line":171,"column":1}},"line":16},"1":{"name":"(anonymous_1)","decl":{"start":{"line":22,"column":27},"end":{"line":22,"column":28}},"loc":{"start":{"line":22,"column":52},"end":{"line":29,"column":3}},"line":22},"2":{"name":"(anonymous_2)","decl":{"start":{"line":31,"column":21},"end":{"line":31,"column":22}},"loc":{"start":{"line":31,"column":27},"end":{"line":47,"column":3}},"line":31},"3":{"name":"(anonymous_3)","decl":{"start":{"line":81,"column":23},"end":{"line":81,"column":24}},"loc":{"start":{"line":81,"column":29},"end":{"line":81,"column":52}},"line":81}},"branchMap":{"0":{"loc":{"start":{"line":16,"column":78},"end":{"line":16,"column":93}},"type":"default-arg","locations":[{"start":{"line":16,"column":88},"end":{"line":16,"column":93}}],"line":16},"1":{"loc":{"start":{"line":23,"column":4},"end":{"line":25,"column":5}},"type":"if","locations":[{"start":{"line":23,"column":4},"end":{"line":25,"column":5}},{"start":{},"end":{}}],"line":23},"2":{"loc":{"start":{"line":26,"column":4},"end":{"line":28,"column":5}},"type":"if","locations":[{"start":{"line":26,"column":4},"end":{"line":28,"column":5}},{"start":{},"end":{}}],"line":26},"3":{"loc":{"start":{"line":32,"column":4},"end":{"line":35,"column":5}},"type":"if","locations":[{"start":{"line":32,"column":4},"end":{"line":35,"column":5}},{"start":{},"end":{}}],"line":32},"4":{"loc":{"start":{"line":37,"column":4},"end":{"line":40,"column":5}},"type":"if","locations":[{"start":{"line":37,"column":4},"end":{"line":40,"column":5}},{"start":{},"end":{}}],"line":37},"5":{"loc":{"start":{"line":49,"column":2},"end":{"line":49,"column":43}},"type":"if","locations":[{"start":{"line":49,"column":2},"end":{"line":49,"column":43}},{"start":{},"end":{}}],"line":49},"6":{"loc":{"start":{"line":49,"column":6},"end":{"line":49,"column":29}},"type":"binary-expr","locations":[{"start":{"line":49,"column":6},"end":{"line":49,"column":14}},{"start":{"line":49,"column":18},"end":{"line":49,"column":29}}],"line":49},"7":{"loc":{"start":{"line":67,"column":48},"end":{"line":67,"column":90}},"type":"binary-expr","locations":[{"start":{"line":67,"column":48},"end":{"line":67,"column":61}},{"start":{"line":67,"column":65},"end":{"line":67,"column":77}},{"start":{"line":67,"column":81},"end":{"line":67,"column":90}}],"line":67},"8":{"loc":{"start":{"line":68,"column":15},"end":{"line":70,"column":15}},"type":"binary-expr","locations":[{"start":{"line":68,"column":15},"end":{"line":68,"column":31}},{"start":{"line":69,"column":16},"end":{"line":69,"column":78}}],"line":68},"9":{"loc":{"start":{"line":88,"column":13},"end":{"line":96,"column":13}},"type":"binary-expr","locations":[{"start":{"line":88,"column":13},"end":{"line":88,"column":27}},{"start":{"line":89,"column":14},"end":{"line":95,"column":16}}],"line":88},"10":{"loc":{"start":{"line":92,"column":25},"end":{"line":92,"column":70}},"type":"cond-expr","locations":[{"start":{"line":92,"column":49},"end":{"line":92,"column":58}},{"start":{"line":92,"column":61},"end":{"line":92,"column":70}}],"line":92},"11":{"loc":{"start":{"line":157,"column":39},"end":{"line":157,"column":75}},"type":"binary-expr","locations":[{"start":{"line":157,"column":39},"end":{"line":157,"column":46}},{"start":{"line":157,"column":50},"end":{"line":157,"column":75}}],"line":157},"12":{"loc":{"start":{"line":161,"column":13},"end":{"line":165,"column":13}},"type":"cond-expr","locations":[{"start":{"line":162,"column":14},"end":{"line":162,"column":48}},{"start":{"line":164,"column":14},"end":{"line":164,"column":75}}],"line":161}},"s":{"0":0,"1":0,"2":0,"3":0,"4":0,"5":0,"6":0,"7":0,"8":0,"9":0,"10":0,"11":0,"12":0,"13":0,"14":0,"15":0,"16":0,"17":0,"18":0,"19":0,"20":0,"21":0,"22":0},"f":{"0":0,"1":0,"2":0,"3":0},"b":{"0":[0],"1":[0,0],"2":[0,0],"3":[0,0],"4":[0,0],"5":[0,0],"6":[0,0],"7":[0,0,0],"8":[0,0],"9":[0,0],"10":[0,0],"11":[0,0],"12":[0,0]}}
,"/Users/harshithpola/Documents/TechnicianMarketPlace/src/components/OTPDisplay.js": {"path":"/Users/harshithpola/Documents/TechnicianMarketPlace/src/components/OTPDisplay.js","statementMap":{"0":{"start":{"line":8,"column":19},"end":{"line":47,"column":1}},"1":{"start":{"line":9,"column":2},"end":{"line":11,"column":3}},"2":{"start":{"line":10,"column":4},"end":{"line":10,"column":16}},"3":{"start":{"line":14,"column":17},"end":{"line":14,"column":41}},"4":{"start":{"line":16,"column":2},"end":{"line":46,"column":4}},"5":{"start":{"line":24,"column":8},"end":{"line":43,"column":15}},"6":{"start":{"line":49,"column":15},"end":{"line":105,"column":2}}},"fnMap":{"0":{"name":"(anonymous_0)","decl":{"start":{"line":8,"column":19},"end":{"line":8,"column":20}},"loc":{"start":{"line":8,"column":48},"end":{"line":47,"column":1}},"line":8},"1":{"name":"(anonymous_1)","decl":{"start":{"line":23,"column":18},"end":{"line":23,"column":19}},"loc":{"start":{"line":24,"column":8},"end":{"line":43,"column":15}},"line":24}},"branchMap":{"0":{"loc":{"start":{"line":8,"column":27},"end":{"line":8,"column":41}},"type":"default-arg","locations":[{"start":{"line":8,"column":34},"end":{"line":8,"column":41}}],"line":8},"1":{"loc":{"start":{"line":9,"column":2},"end":{"line":11,"column":3}},"type":"if","locations":[{"start":{"line":9,"column":2},"end":{"line":11,"column":3}},{"start":{},"end":{}}],"line":9},"2":{"loc":{"start":{"line":19,"column":6},"end":{"line":19,"column":47}},"type":"binary-expr","locations":[{"start":{"line":19,"column":6},"end":{"line":19,"column":22}},{"start":{"line":19,"column":26},"end":{"line":19,"column":47}}],"line":19},"3":{"loc":{"start":{"line":20,"column":6},"end":{"line":20,"column":49}},"type":"binary-expr","locations":[{"start":{"line":20,"column":6},"end":{"line":20,"column":23}},{"start":{"line":20,"column":27},"end":{"line":20,"column":49}}],"line":20},"4":{"loc":{"start":{"line":21,"column":6},"end":{"line":21,"column":47}},"type":"binary-expr","locations":[{"start":{"line":21,"column":6},"end":{"line":21,"column":22}},{"start":{"line":21,"column":26},"end":{"line":21,"column":47}}],"line":21},"5":{"loc":{"start":{"line":28,"column":12},"end":{"line":28,"column":52}},"type":"binary-expr","locations":[{"start":{"line":28,"column":12},"end":{"line":28,"column":28}},{"start":{"line":28,"column":32},"end":{"line":28,"column":52}}],"line":28},"6":{"loc":{"start":{"line":29,"column":12},"end":{"line":29,"column":54}},"type":"binary-expr","locations":[{"start":{"line":29,"column":12},"end":{"line":29,"column":29}},{"start":{"line":29,"column":33},"end":{"line":29,"column":54}}],"line":29},"7":{"loc":{"start":{"line":30,"column":12},"end":{"line":30,"column":52}},"type":"binary-expr","locations":[{"start":{"line":30,"column":12},"end":{"line":30,"column":28}},{"start":{"line":30,"column":32},"end":{"line":30,"column":52}}],"line":30},"8":{"loc":{"start":{"line":36,"column":14},"end":{"line":36,"column":51}},"type":"binary-expr","locations":[{"start":{"line":36,"column":14},"end":{"line":36,"column":30}},{"start":{"line":36,"column":34},"end":{"line":36,"column":51}}],"line":36},"9":{"loc":{"start":{"line":37,"column":14},"end":{"line":37,"column":53}},"type":"binary-expr","locations":[{"start":{"line":37,"column":14},"end":{"line":37,"column":31}},{"start":{"line":37,"column":35},"end":{"line":37,"column":53}}],"line":37},"10":{"loc":{"start":{"line":38,"column":14},"end":{"line":38,"column":51}},"type":"binary-expr","locations":[{"start":{"line":38,"column":14},"end":{"line":38,"column":30}},{"start":{"line":38,"column":34},"end":{"line":38,"column":51}}],"line":38}},"s":{"0":0,"1":0,"2":0,"3":0,"4":0,"5":0,"6":0},"f":{"0":0,"1":0},"b":{"0":[0],"1":[0,0],"2":[0,0],"3":[0,0],"4":[0,0],"5":[0,0],"6":[0,0],"7":[0,0],"8":[0,0],"9":[0,0],"10":[0,0]}}
,"/Users/harshithpola/Documents/TechnicianMarketPlace/src/components/OTPInput.js": {"path":"/Users/harshithpola/Documents/TechnicianMarketPlace/src/components/OTPInput.js","statementMap":{"0":{"start":{"line":9,"column":17},"end":{"line":114,"column":1}},"1":{"start":{"line":10,"column":20},"end":{"line":10,"column":30}},"2":{"start":{"line":11,"column":42},"end":{"line":11,"column":68}},"3":{"start":{"line":14,"column":2},"end":{"line":24,"column":14}},"4":{"start":{"line":15,"column":4},"end":{"line":23,"column":5}},"5":{"start":{"line":16,"column":21},"end":{"line":16,"column":59}},"6":{"start":{"line":17,"column":6},"end":{"line":22,"column":9}},"7":{"start":{"line":26,"column":28},"end":{"line":55,"column":3}},"8":{"start":{"line":28,"column":4},"end":{"line":30,"column":5}},"9":{"start":{"line":29,"column":6},"end":{"line":29,"column":13}},"10":{"start":{"line":33,"column":18},"end":{"line":33,"column":32}},"11":{"start":{"line":36,"column":23},"end":{"line":36,"column":40}},"12":{"start":{"line":37,"column":4},"end":{"line":37,"column":30}},"13":{"start":{"line":38,"column":4},"end":{"line":38,"column":32}},"14":{"start":{"line":41,"column":20},"end":{"line":41,"column":39}},"15":{"start":{"line":42,"column":4},"end":{"line":42,"column":26}},"16":{"start":{"line":45,"column":4},"end":{"line":47,"column":5}},"17":{"start":{"line":46,"column":6},"end":{"line":46,"column":44}},"18":{"start":{"line":50,"column":4},"end":{"line":54,"column":5}},"19":{"start":{"line":51,"column":6},"end":{"line":53,"column":7}},"20":{"start":{"line":52,"column":8},"end":{"line":52,"column":28}},"21":{"start":{"line":57,"column":25},"end":{"line":71,"column":3}},"22":{"start":{"line":59,"column":4},"end":{"line":70,"column":5}},"23":{"start":{"line":60,"column":6},"end":{"line":69,"column":7}},"24":{"start":{"line":62,"column":8},"end":{"line":62,"column":46}},"25":{"start":{"line":65,"column":27},"end":{"line":65,"column":44}},"26":{"start":{"line":66,"column":8},"end":{"line":66,"column":31}},"27":{"start":{"line":67,"column":8},"end":{"line":67,"column":36}},"28":{"start":{"line":68,"column":8},"end":{"line":68,"column":42}},"29":{"start":{"line":73,"column":22},"end":{"line":84,"column":3}},"30":{"start":{"line":75,"column":19},"end":{"line":75,"column":54}},"31":{"start":{"line":76,"column":4},"end":{"line":83,"column":5}},"32":{"start":{"line":77,"column":25},"end":{"line":77,"column":41}},"33":{"start":{"line":78,"column":6},"end":{"line":78,"column":34}},"34":{"start":{"line":79,"column":6},"end":{"line":79,"column":27}},"35":{"start":{"line":80,"column":6},"end":{"line":82,"column":7}},"36":{"start":{"line":81,"column":8},"end":{"line":81,"column":27}},"37":{"start":{"line":86,"column":2},"end":{"line":113,"column":4}},"38":{"start":{"line":89,"column":8},"end":{"line":110,"column":10}},"39":{"start":{"line":92,"column":12},"end":{"line":92,"column":43}},"40":{"start":{"line":96,"column":34},"end":{"line":96,"column":64}},"41":{"start":{"line":97,"column":29},"end":{"line":97,"column":53}},"42":{"start":{"line":107,"column":12},"end":{"line":108,"column":52}},"43":{"start":{"line":116,"column":15},"end":{"line":137,"column":2}}},"fnMap":{"0":{"name":"(anonymous_0)","decl":{"start":{"line":9,"column":17},"end":{"line":9,"column":18}},"loc":{"start":{"line":9,"column":103},"end":{"line":114,"column":1}},"line":9},"1":{"name":"(anonymous_1)","decl":{"start":{"line":9,"column":42},"end":{"line":9,"column":43}},"loc":{"start":{"line":9,"column":48},"end":{"line":9,"column":50}},"line":9},"2":{"name":"(anonymous_2)","decl":{"start":{"line":14,"column":12},"end":{"line":14,"column":13}},"loc":{"start":{"line":14,"column":18},"end":{"line":24,"column":3}},"line":14},"3":{"name":"(anonymous_3)","decl":{"start":{"line":26,"column":28},"end":{"line":26,"column":29}},"loc":{"start":{"line":26,"column":45},"end":{"line":55,"column":3}},"line":26},"4":{"name":"(anonymous_4)","decl":{"start":{"line":57,"column":25},"end":{"line":57,"column":26}},"loc":{"start":{"line":57,"column":39},"end":{"line":71,"column":3}},"line":57},"5":{"name":"(anonymous_5)","decl":{"start":{"line":73,"column":22},"end":{"line":73,"column":23}},"loc":{"start":{"line":73,"column":32},"end":{"line":84,"column":3}},"line":73},"6":{"name":"(anonymous_6)","decl":{"start":{"line":88,"column":24},"end":{"line":88,"column":25}},"loc":{"start":{"line":89,"column":8},"end":{"line":110,"column":10}},"line":89},"7":{"name":"(anonymous_7)","decl":{"start":{"line":91,"column":15},"end":{"line":91,"column":16}},"loc":{"start":{"line":91,"column":24},"end":{"line":93,"column":11}},"line":91},"8":{"name":"(anonymous_8)","decl":{"start":{"line":96,"column":24},"end":{"line":96,"column":25}},"loc":{"start":{"line":96,"column":34},"end":{"line":96,"column":64}},"line":96},"9":{"name":"(anonymous_9)","decl":{"start":{"line":97,"column":22},"end":{"line":97,"column":23}},"loc":{"start":{"line":97,"column":29},"end":{"line":97,"column":53}},"line":97},"10":{"name":"(anonymous_10)","decl":{"start":{"line":105,"column":19},"end":{"line":105,"column":20}},"loc":{"start":{"line":105,"column":26},"end":{"line":109,"column":11}},"line":105}},"branchMap":{"0":{"loc":{"start":{"line":9,"column":27},"end":{"line":9,"column":50}},"type":"default-arg","locations":[{"start":{"line":9,"column":42},"end":{"line":9,"column":50}}],"line":9},"1":{"loc":{"start":{"line":9,"column":64},"end":{"line":9,"column":79}},"type":"default-arg","locations":[{"start":{"line":9,"column":75},"end":{"line":9,"column":79}}],"line":9},"2":{"loc":{"start":{"line":9,"column":81},"end":{"line":9,"column":96}},"type":"default-arg","locations":[{"start":{"line":9,"column":95},"end":{"line":9,"column":96}}],"line":9},"3":{"loc":{"start":{"line":15,"column":4},"end":{"line":23,"column":5}},"type":"if","locations":[{"start":{"line":15,"column":4},"end":{"line":23,"column":5}},{"start":{},"end":{}}],"line":15},"4":{"loc":{"start":{"line":18,"column":8},"end":{"line":18,"column":23}},"type":"binary-expr","locations":[{"start":{"line":18,"column":8},"end":{"line":18,"column":17}},{"start":{"line":18,"column":21},"end":{"line":18,"column":23}}],"line":18},"5":{"loc":{"start":{"line":19,"column":8},"end":{"line":19,"column":23}},"type":"binary-expr","locations":[{"start":{"line":19,"column":8},"end":{"line":19,"column":17}},{"start":{"line":19,"column":21},"end":{"line":19,"column":23}}],"line":19},"6":{"loc":{"start":{"line":20,"column":8},"end":{"line":20,"column":23}},"type":"binary-expr","locations":[{"start":{"line":20,"column":8},"end":{"line":20,"column":17}},{"start":{"line":20,"column":21},"end":{"line":20,"column":23}}],"line":20},"7":{"loc":{"start":{"line":21,"column":8},"end":{"line":21,"column":23}},"type":"binary-expr","locations":[{"start":{"line":21,"column":8},"end":{"line":21,"column":17}},{"start":{"line":21,"column":21},"end":{"line":21,"column":23}}],"line":21},"8":{"loc":{"start":{"line":28,"column":4},"end":{"line":30,"column":5}},"type":"if","locations":[{"start":{"line":28,"column":4},"end":{"line":30,"column":5}},{"start":{},"end":{}}],"line":28},"9":{"loc":{"start":{"line":45,"column":4},"end":{"line":47,"column":5}},"type":"if","locations":[{"start":{"line":45,"column":4},"end":{"line":47,"column":5}},{"start":{},"end":{}}],"line":45},"10":{"loc":{"start":{"line":45,"column":8},"end":{"line":45,"column":26}},"type":"binary-expr","locations":[{"start":{"line":45,"column":8},"end":{"line":45,"column":13}},{"start":{"line":45,"column":17},"end":{"line":45,"column":26}}],"line":45},"11":{"loc":{"start":{"line":50,"column":4},"end":{"line":54,"column":5}},"type":"if","locations":[{"start":{"line":50,"column":4},"end":{"line":54,"column":5}},{"start":{},"end":{}}],"line":50},"12":{"loc":{"start":{"line":50,"column":8},"end":{"line":50,"column":52}},"type":"binary-expr","locations":[{"start":{"line":50,"column":8},"end":{"line":50,"column":13}},{"start":{"line":50,"column":17},"end":{"line":50,"column":28}},{"start":{"line":50,"column":32},"end":{"line":50,"column":52}}],"line":50},"13":{"loc":{"start":{"line":51,"column":6},"end":{"line":53,"column":7}},"type":"if","locations":[{"start":{"line":51,"column":6},"end":{"line":53,"column":7}},{"start":{},"end":{}}],"line":51},"14":{"loc":{"start":{"line":59,"column":4},"end":{"line":70,"column":5}},"type":"if","locations":[{"start":{"line":59,"column":4},"end":{"line":70,"column":5}},{"start":{},"end":{}}],"line":59},"15":{"loc":{"start":{"line":60,"column":6},"end":{"line":69,"column":7}},"type":"if","locations":[{"start":{"line":60,"column":6},"end":{"line":69,"column":7}},{"start":{"line":63,"column":13},"end":{"line":69,"column":7}}],"line":60},"16":{"loc":{"start":{"line":60,"column":10},"end":{"line":60,"column":43}},"type":"binary-expr","locations":[{"start":{"line":60,"column":10},"end":{"line":60,"column":30}},{"start":{"line":60,"column":34},"end":{"line":60,"column":43}}],"line":60},"17":{"loc":{"start":{"line":76,"column":4},"end":{"line":83,"column":5}},"type":"if","locations":[{"start":{"line":76,"column":4},"end":{"line":83,"column":5}},{"start":{},"end":{}}],"line":76},"18":{"loc":{"start":{"line":80,"column":6},"end":{"line":82,"column":7}},"type":"if","locations":[{"start":{"line":80,"column":6},"end":{"line":82,"column":7}},{"start":{},"end":{}}],"line":80},"19":{"loc":{"start":{"line":107,"column":12},"end":{"line":108,"column":51}},"type":"binary-expr","locations":[{"start":{"line":107,"column":12},"end":{"line":107,"column":46}},{"start":{"line":108,"column":12},"end":{"line":108,"column":51}}],"line":107}},"s":{"0":0,"1":0,"2":0,"3":0,"4":0,"5":0,"6":0,"7":0,"8":0,"9":0,"10":0,"11":0,"12":0,"13":0,"14":0,"15":0,"16":0,"17":0,"18":0,"19":0,"20":0,"21":0,"22":0,"23":0,"24":0,"25":0,"26":0,"27":0,"28":0,"29":0,"30":0,"31":0,"32":0,"33":0,"34":0,"35":0,"36":0,"37":0,"38":0,"39":0,"40":0,"41":0,"42":0,"43":0},"f":{"0":0,"1":0,"2":0,"3":0,"4":0,"5":0,"6":0,"7":0,"8":0,"9":0,"10":0},"b":{"0":[0],"1":[0],"2":[0],"3":[0,0],"4":[0,0],"5":[0,0],"6":[0,0],"7":[0,0],"8":[0,0],"9":[0,0],"10":[0,0],"11":[0,0],"12":[0,0,0],"13":[0,0],"14":[0,0],"15":[0,0],"16":[0,0],"17":[0,0],"18":[0,0],"19":[0,0]}}
,"/Users/harshithpola/Documents/TechnicianMarketPlace/src/components/PhoneVerificationModal.js": {"path":"/Users/harshithpola/Documents/TechnicianMarketPlace/src/components/PhoneVerificationModal.js","statementMap":{"0":{"start":{"line":26,"column":38},"end":{"line":308,"column":1}},"1":{"start":{"line":27,"column":19},"end":{"line":27,"column":32}},"2":{"start":{"line":40,"column":6},"end":{"line":40,"column":45}},"3":{"start":{"line":40,"column":29},"end":{"line":40,"column":44}},"4":{"start":{"line":42,"column":34},"end":{"line":42,"column":45}},"5":{"start":{"line":43,"column":52},"end":{"line":43,"column":67}},"6":{"start":{"line":46,"column":2},"end":{"line":59,"column":22}},"7":{"start":{"line":47,"column":4},"end":{"line":47,"column":31}},"8":{"start":{"line":47,"column":24},"end":{"line":47,"column":31}},"9":{"start":{"line":49,"column":21},"end":{"line":56,"column":12}},"10":{"start":{"line":50,"column":24},"end":{"line":50,"column":84}},"11":{"start":{"line":51,"column":6},"end":{"line":51,"column":29}},"12":{"start":{"line":53,"column":6},"end":{"line":55,"column":7}},"13":{"start":{"line":54,"column":8},"end":{"line":54,"column":32}},"14":{"start":{"line":58,"column":4},"end":{"line":58,"column":41}},"15":{"start":{"line":58,"column":17},"end":{"line":58,"column":40}},"16":{"start":{"line":61,"column":24},"end":{"line":76,"column":3}},"17":{"start":{"line":62,"column":23},"end":{"line":62,"column":68}},"18":{"start":{"line":63,"column":4},"end":{"line":68,"column":5}},"19":{"start":{"line":64,"column":6},"end":{"line":66,"column":8}},"20":{"start":{"line":67,"column":6},"end":{"line":67,"column":13}},"21":{"start":{"line":70,"column":4},"end":{"line":75,"column":6}},"22":{"start":{"line":78,"column":26},"end":{"line":93,"column":3}},"23":{"start":{"line":79,"column":4},"end":{"line":81,"column":5}},"24":{"start":{"line":80,"column":6},"end":{"line":80,"column":13}},"25":{"start":{"line":83,"column":4},"end":{"line":85,"column":5}},"26":{"start":{"line":84,"column":6},"end":{"line":84,"column":13}},"27":{"start":{"line":87,"column":4},"end":{"line":92,"column":6}},"28":{"start":{"line":95,"column":36},"end":{"line":99,"column":3}},"29":{"start":{"line":96,"column":4},"end":{"line":98,"column":5}},"30":{"start":{"line":97,"column":6},"end":{"line":97,"column":18}},"31":{"start":{"line":101,"column":2},"end":{"line":108,"column":24}},"32":{"start":{"line":102,"column":4},"end":{"line":107,"column":5}},"33":{"start":{"line":103,"column":20},"end":{"line":105,"column":14}},"34":{"start":{"line":104,"column":8},"end":{"line":104,"column":36}},"35":{"start":{"line":106,"column":6},"end":{"line":106,"column":39}},"36":{"start":{"line":106,"column":19},"end":{"line":106,"column":38}},"37":{"start":{"line":110,"column":23},"end":{"line":110,"column":82}},"38":{"start":{"line":111,"column":23},"end":{"line":111,"column":68}},"39":{"start":{"line":113,"column":2},"end":{"line":307,"column":4}},"40":{"start":{"line":151,"column":37},"end":{"line":151,"column":77}},"41":{"start":{"line":165,"column":24},"end":{"line":165,"column":73}},"42":{"start":{"line":175,"column":24},"end":{"line":188,"column":43}},"43":{"start":{"line":179,"column":28},"end":{"line":179,"column":67}},"44":{"start":{"line":180,"column":28},"end":{"line":180,"column":56}},"45":{"start":{"line":224,"column":44},"end":{"line":224,"column":85}},"46":{"start":{"line":293,"column":22},"end":{"line":293,"column":51}},"47":{"start":{"line":294,"column":22},"end":{"line":294,"column":43}},"48":{"start":{"line":310,"column":15},"end":{"line":555,"column":2}}},"fnMap":{"0":{"name":"(anonymous_0)","decl":{"start":{"line":26,"column":38},"end":{"line":26,"column":39}},"loc":{"start":{"line":26,"column":75},"end":{"line":308,"column":1}},"line":26},"1":{"name":"(anonymous_1)","decl":{"start":{"line":40,"column":18},"end":{"line":40,"column":19}},"loc":{"start":{"line":40,"column":29},"end":{"line":40,"column":44}},"line":40},"2":{"name":"(anonymous_2)","decl":{"start":{"line":46,"column":12},"end":{"line":46,"column":13}},"loc":{"start":{"line":46,"column":18},"end":{"line":59,"column":3}},"line":46},"3":{"name":"(anonymous_3)","decl":{"start":{"line":49,"column":33},"end":{"line":49,"column":34}},"loc":{"start":{"line":49,"column":39},"end":{"line":56,"column":5}},"line":49},"4":{"name":"(anonymous_4)","decl":{"start":{"line":58,"column":11},"end":{"line":58,"column":12}},"loc":{"start":{"line":58,"column":17},"end":{"line":58,"column":40}},"line":58},"5":{"name":"(anonymous_5)","decl":{"start":{"line":61,"column":24},"end":{"line":61,"column":25}},"loc":{"start":{"line":61,"column":36},"end":{"line":76,"column":3}},"line":61},"6":{"name":"(anonymous_6)","decl":{"start":{"line":78,"column":26},"end":{"line":78,"column":27}},"loc":{"start":{"line":78,"column":38},"end":{"line":93,"column":3}},"line":78},"7":{"name":"(anonymous_7)","decl":{"start":{"line":95,"column":36},"end":{"line":95,"column":37}},"loc":{"start":{"line":95,"column":42},"end":{"line":99,"column":3}},"line":95},"8":{"name":"(anonymous_8)","decl":{"start":{"line":101,"column":12},"end":{"line":101,"column":13}},"loc":{"start":{"line":101,"column":18},"end":{"line":108,"column":3}},"line":101},"9":{"name":"(anonymous_9)","decl":{"start":{"line":103,"column":31},"end":{"line":103,"column":32}},"loc":{"start":{"line":103,"column":37},"end":{"line":105,"column":7}},"line":103},"10":{"name":"(anonymous_10)","decl":{"start":{"line":106,"column":13},"end":{"line":106,"column":14}},"loc":{"start":{"line":106,"column":19},"end":{"line":106,"column":38}},"line":106},"11":{"name":"(anonymous_11)","decl":{"start":{"line":151,"column":31},"end":{"line":151,"column":32}},"loc":{"start":{"line":151,"column":37},"end":{"line":151,"column":77}},"line":151},"12":{"name":"(anonymous_12)","decl":{"start":{"line":164,"column":36},"end":{"line":164,"column":37}},"loc":{"start":{"line":165,"column":24},"end":{"line":165,"column":73}},"line":165},"13":{"name":"(anonymous_13)","decl":{"start":{"line":174,"column":41},"end":{"line":174,"column":42}},"loc":{"start":{"line":175,"column":24},"end":{"line":188,"column":43}},"line":175},"14":{"name":"(anonymous_14)","decl":{"start":{"line":178,"column":35},"end":{"line":178,"column":36}},"loc":{"start":{"line":178,"column":41},"end":{"line":181,"column":27}},"line":178},"15":{"name":"(anonymous_15)","decl":{"start":{"line":224,"column":34},"end":{"line":224,"column":35}},"loc":{"start":{"line":224,"column":44},"end":{"line":224,"column":85}},"line":224},"16":{"name":"(anonymous_16)","decl":{"start":{"line":292,"column":29},"end":{"line":292,"column":30}},"loc":{"start":{"line":292,"column":35},"end":{"line":295,"column":21}},"line":292}},"branchMap":{"0":{"loc":{"start":{"line":47,"column":4},"end":{"line":47,"column":31}},"type":"if","locations":[{"start":{"line":47,"column":4},"end":{"line":47,"column":31}},{"start":{},"end":{}}],"line":47},"1":{"loc":{"start":{"line":53,"column":6},"end":{"line":55,"column":7}},"type":"if","locations":[{"start":{"line":53,"column":6},"end":{"line":55,"column":7}},{"start":{},"end":{}}],"line":53},"2":{"loc":{"start":{"line":63,"column":4},"end":{"line":68,"column":5}},"type":"if","locations":[{"start":{"line":63,"column":4},"end":{"line":68,"column":5}},{"start":{},"end":{}}],"line":63},"3":{"loc":{"start":{"line":79,"column":4},"end":{"line":81,"column":5}},"type":"if","locations":[{"start":{"line":79,"column":4},"end":{"line":81,"column":5}},{"start":{},"end":{}}],"line":79},"4":{"loc":{"start":{"line":83,"column":4},"end":{"line":85,"column":5}},"type":"if","locations":[{"start":{"line":83,"column":4},"end":{"line":85,"column":5}},{"start":{},"end":{}}],"line":83},"5":{"loc":{"start":{"line":96,"column":4},"end":{"line":98,"column":5}},"type":"if","locations":[{"start":{"line":96,"column":4},"end":{"line":98,"column":5}},{"start":{},"end":{}}],"line":96},"6":{"loc":{"start":{"line":96,"column":8},"end":{"line":96,"column":36}},"type":"binary-expr","locations":[{"start":{"line":96,"column":8},"end":{"line":96,"column":23}},{"start":{"line":96,"column":27},"end":{"line":96,"column":36}}],"line":96},"7":{"loc":{"start":{"line":102,"column":4},"end":{"line":107,"column":5}},"type":"if","locations":[{"start":{"line":102,"column":4},"end":{"line":107,"column":5}},{"start":{},"end":{}}],"line":102},"8":{"loc":{"start":{"line":110,"column":23},"end":{"line":110,"column":82}},"type":"binary-expr","locations":[{"start":{"line":110,"column":23},"end":{"line":110,"column":36}},{"start":{"line":110,"column":40},"end":{"line":110,"column":82}}],"line":110},"9":{"loc":{"start":{"line":111,"column":23},"end":{"line":111,"column":68}},"type":"binary-expr","locations":[{"start":{"line":111,"column":23},"end":{"line":111,"column":37}},{"start":{"line":111,"column":41},"end":{"line":111,"column":48}},{"start":{"line":111,"column":52},"end":{"line":111,"column":68}}],"line":111},"10":{"loc":{"start":{"line":116,"column":18},"end":{"line":116,"column":62}},"type":"cond-expr","locations":[{"start":{"line":116,"column":42},"end":{"line":116,"column":51}},{"start":{"line":116,"column":54},"end":{"line":116,"column":62}}],"line":116},"11":{"loc":{"start":{"line":134,"column":11},"end":{"line":302,"column":11}},"type":"cond-expr","locations":[{"start":{"line":135,"column":12},"end":{"line":139,"column":19}},{"start":{"line":141,"column":12},"end":{"line":301,"column":19}}],"line":134},"12":{"loc":{"start":{"line":143,"column":15},"end":{"line":300,"column":15}},"type":"cond-expr","locations":[{"start":{"line":144,"column":16},"end":{"line":208,"column":19}},{"start":{"line":210,"column":16},"end":{"line":299,"column":19}}],"line":143},"13":{"loc":{"start":{"line":172,"column":19},"end":{"line":191,"column":19}},"type":"binary-expr","locations":[{"start":{"line":172,"column":19},"end":{"line":172,"column":36}},{"start":{"line":173,"column":20},"end":{"line":190,"column":27}}],"line":172},"14":{"loc":{"start":{"line":194,"column":19},"end":{"line":194,"column":73}},"type":"binary-expr","locations":[{"start":{"line":194,"column":19},"end":{"line":194,"column":24}},{"start":{"line":194,"column":28},"end":{"line":194,"column":73}}],"line":194},"15":{"loc":{"start":{"line":198,"column":43},"end":{"line":198,"column":75}},"type":"binary-expr","locations":[{"start":{"line":198,"column":43},"end":{"line":198,"column":50}},{"start":{"line":198,"column":54},"end":{"line":198,"column":75}}],"line":198},"16":{"loc":{"start":{"line":200,"column":30},"end":{"line":200,"column":53}},"type":"binary-expr","locations":[{"start":{"line":200,"column":30},"end":{"line":200,"column":37}},{"start":{"line":200,"column":41},"end":{"line":200,"column":53}}],"line":200},"17":{"loc":{"start":{"line":202,"column":21},"end":{"line":206,"column":21}},"type":"cond-expr","locations":[{"start":{"line":203,"column":22},"end":{"line":203,"column":56}},{"start":{"line":205,"column":22},"end":{"line":205,"column":69}}],"line":202},"18":{"loc":{"start":{"line":225,"column":30},"end":{"line":225,"column":55}},"type":"binary-expr","locations":[{"start":{"line":225,"column":30},"end":{"line":225,"column":38}},{"start":{"line":225,"column":42},"end":{"line":225,"column":55}}],"line":225},"19":{"loc":{"start":{"line":234,"column":19},"end":{"line":240,"column":26}},"type":"cond-expr","locations":[{"start":{"line":235,"column":20},"end":{"line":237,"column":27}},{"start":{"line":238,"column":22},"end":{"line":240,"column":26}}],"line":234},"20":{"loc":{"start":{"line":238,"column":22},"end":{"line":240,"column":26}},"type":"cond-expr","locations":[{"start":{"line":239,"column":20},"end":{"line":239,"column":91}},{"start":{"line":240,"column":22},"end":{"line":240,"column":26}}],"line":238},"21":{"loc":{"start":{"line":238,"column":22},"end":{"line":238,"column":49}},"type":"binary-expr","locations":[{"start":{"line":238,"column":22},"end":{"line":238,"column":29}},{"start":{"line":238,"column":33},"end":{"line":238,"column":49}}],"line":238},"22":{"loc":{"start":{"line":243,"column":19},"end":{"line":247,"column":19}},"type":"binary-expr","locations":[{"start":{"line":243,"column":19},"end":{"line":243,"column":43}},{"start":{"line":243,"column":47},"end":{"line":243,"column":71}},{"start":{"line":244,"column":20},"end":{"line":246,"column":27}}],"line":243},"23":{"loc":{"start":{"line":249,"column":19},"end":{"line":253,"column":19}},"type":"binary-expr","locations":[{"start":{"line":249,"column":19},"end":{"line":249,"column":44}},{"start":{"line":250,"column":20},"end":{"line":252,"column":27}}],"line":249},"24":{"loc":{"start":{"line":256,"column":19},"end":{"line":256,"column":73}},"type":"binary-expr","locations":[{"start":{"line":256,"column":19},"end":{"line":256,"column":24}},{"start":{"line":256,"column":28},"end":{"line":256,"column":73}}],"line":256},"25":{"loc":{"start":{"line":259,"column":19},"end":{"line":259,"column":79}},"type":"binary-expr","locations":[{"start":{"line":259,"column":19},"end":{"line":259,"column":26}},{"start":{"line":259,"column":30},"end":{"line":259,"column":79}}],"line":259},"26":{"loc":{"start":{"line":265,"column":22},"end":{"line":266,"column":45}},"type":"binary-expr","locations":[{"start":{"line":265,"column":23},"end":{"line":265,"column":30}},{"start":{"line":265,"column":34},"end":{"line":265,"column":50}},{"start":{"line":265,"column":54},"end":{"line":265,"column":66}},{"start":{"line":265,"column":70},"end":{"line":265,"column":95}},{"start":{"line":266,"column":24},"end":{"line":266,"column":45}}],"line":265},"27":{"loc":{"start":{"line":269,"column":30},"end":{"line":269,"column":102}},"type":"binary-expr","locations":[{"start":{"line":269,"column":30},"end":{"line":269,"column":37}},{"start":{"line":269,"column":41},"end":{"line":269,"column":57}},{"start":{"line":269,"column":61},"end":{"line":269,"column":73}},{"start":{"line":269,"column":77},"end":{"line":269,"column":102}}],"line":269},"28":{"loc":{"start":{"line":271,"column":21},"end":{"line":275,"column":21}},"type":"cond-expr","locations":[{"start":{"line":272,"column":22},"end":{"line":272,"column":56}},{"start":{"line":274,"column":22},"end":{"line":274,"column":71}}],"line":271},"29":{"loc":{"start":{"line":279,"column":19},"end":{"line":287,"column":19}},"type":"binary-expr","locations":[{"start":{"line":279,"column":20},"end":{"line":279,"column":32}},{"start":{"line":279,"column":36},"end":{"line":279,"column":48}},{"start":{"line":280,"column":20},"end":{"line":286,"column":39}}],"line":279}},"s":{"0":0,"1":0,"2":0,"3":0,"4":0,"5":0,"6":0,"7":0,"8":0,"9":0,"10":0,"11":0,"12":0,"13":0,"14":0,"15":0,"16":0,"17":0,"18":0,"19":0,"20":0,"21":0,"22":0,"23":0,"24":0,"25":0,"26":0,"27":0,"28":0,"29":0,"30":0,"31":0,"32":0,"33":0,"34":0,"35":0,"36":0,"37":0,"38":0,"39":0,"40":0,"41":0,"42":0,"43":0,"44":0,"45":0,"46":0,"47":0,"48":0},"f":{"0":0,"1":0,"2":0,"3":0,"4":0,"5":0,"6":0,"7":0,"8":0,"9":0,"10":0,"11":0,"12":0,"13":0,"14":0,"15":0,"16":0},"b":{"0":[0,0],"1":[0,0],"2":[0,0],"3":[0,0],"4":[0,0],"5":[0,0],"6":[0,0],"7":[0,0],"8":[0,0],"9":[0,0,0],"10":[0,0],"11":[0,0],"12":[0,0],"13":[0,0],"14":[0,0],"15":[0,0],"16":[0,0],"17":[0,0],"18":[0,0],"19":[0,0],"20":[0,0],"21":[0,0],"22":[0,0,0],"23":[0,0],"24":[0,0],"25":[0,0],"26":[0,0,0,0,0],"27":[0,0,0,0],"28":[0,0],"29":[0,0,0]}}
,"/Users/harshithpola/Documents/TechnicianMarketPlace/src/config/firebase-emulator.js": {"path":"/Users/harshithpola/Documents/TechnicianMarketPlace/src/config/firebase-emulator.js","statementMap":{"0":{"start":{"line":12,"column":22},"end":{"line":12,"column":69}},"1":{"start":{"line":14,"column":2},"end":{"line":17,"column":3}},"2":{"start":{"line":15,"column":4},"end":{"line":15,"column":77}},"3":{"start":{"line":16,"column":4},"end":{"line":16,"column":11}},"4":{"start":{"line":19,"column":2},"end":{"line":50,"column":3}},"5":{"start":{"line":21,"column":4},"end":{"line":47,"column":5}},"6":{"start":{"line":23,"column":6},"end":{"line":30,"column":7}},"7":{"start":{"line":24,"column":8},"end":{"line":26,"column":11}},"8":{"start":{"line":27,"column":8},"end":{"line":27,"column":69}},"9":{"start":{"line":29,"column":8},"end":{"line":29,"column":72}},"10":{"start":{"line":33,"column":6},"end":{"line":38,"column":7}},"11":{"start":{"line":34,"column":8},"end":{"line":34,"column":56}},"12":{"start":{"line":35,"column":8},"end":{"line":35,"column":74}},"13":{"start":{"line":37,"column":8},"end":{"line":37,"column":77}},"14":{"start":{"line":41,"column":6},"end":{"line":46,"column":7}},"15":{"start":{"line":42,"column":8},"end":{"line":42,"column":59}},"16":{"start":{"line":43,"column":8},"end":{"line":43,"column":72}},"17":{"start":{"line":45,"column":8},"end":{"line":45,"column":75}},"18":{"start":{"line":49,"column":4},"end":{"line":49,"column":58}},"19":{"start":{"line":58,"column":2},"end":{"line":72,"column":3}},"20":{"start":{"line":59,"column":4},"end":{"line":66,"column":5}},"21":{"start":{"line":60,"column":6},"end":{"line":62,"column":9}},"22":{"start":{"line":63,"column":6},"end":{"line":63,"column":54}},"23":{"start":{"line":64,"column":6},"end":{"line":64,"column":57}},"24":{"start":{"line":65,"column":6},"end":{"line":65,"column":59}},"25":{"start":{"line":69,"column":4},"end":{"line":71,"column":5}},"26":{"start":{"line":70,"column":6},"end":{"line":70,"column":58}}},"fnMap":{"0":{"name":"initializeEmulators","decl":{"start":{"line":11,"column":16},"end":{"line":11,"column":35}},"loc":{"start":{"line":11,"column":55},"end":{"line":51,"column":1}},"line":11},"1":{"name":"connectEmulators","decl":{"start":{"line":57,"column":16},"end":{"line":57,"column":32}},"loc":{"start":{"line":57,"column":52},"end":{"line":73,"column":1}},"line":57}},"branchMap":{"0":{"loc":{"start":{"line":14,"column":2},"end":{"line":17,"column":3}},"type":"if","locations":[{"start":{"line":14,"column":2},"end":{"line":17,"column":3}},{"start":{},"end":{}}],"line":14},"1":{"loc":{"start":{"line":21,"column":4},"end":{"line":47,"column":5}},"type":"if","locations":[{"start":{"line":21,"column":4},"end":{"line":47,"column":5}},{"start":{},"end":{}}],"line":21},"2":{"loc":{"start":{"line":59,"column":4},"end":{"line":66,"column":5}},"type":"if","locations":[{"start":{"line":59,"column":4},"end":{"line":66,"column":5}},{"start":{},"end":{}}],"line":59},"3":{"loc":{"start":{"line":69,"column":4},"end":{"line":71,"column":5}},"type":"if","locations":[{"start":{"line":69,"column":4},"end":{"line":71,"column":5}},{"start":{},"end":{}}],"line":69}},"s":{"0":0,"1":0,"2":0,"3":0,"4":0,"5":0,"6":0,"7":0,"8":0,"9":0,"10":0,"11":0,"12":0,"13":0,"14":0,"15":0,"16":0,"17":0,"18":0,"19":0,"20":0,"21":0,"22":0,"23":0,"24":0,"25":0,"26":0},"f":{"0":0,"1":0},"b":{"0":[0,0],"1":[0,0],"2":[0,0],"3":[0,0]}}
,"/Users/harshithpola/Documents/TechnicianMarketPlace/src/config/firebase.js": {"path":"/Users/harshithpola/Documents/TechnicianMarketPlace/src/config/firebase.js","statementMap":{"0":{"start":{"line":8,"column":23},"end":{"line":15,"column":1}},"1":{"start":{"line":18,"column":0},"end":{"line":20,"column":1}},"2":{"start":{"line":19,"column":2},"end":{"line":19,"column":69}},"3":{"start":{"line":23,"column":12},"end":{"line":23,"column":41}},"4":{"start":{"line":26,"column":20},"end":{"line":28,"column":2}},"5":{"start":{"line":31,"column":18},"end":{"line":31,"column":35}},"6":{"start":{"line":34,"column":23},"end":{"line":34,"column":38}}},"fnMap":{},"branchMap":{"0":{"loc":{"start":{"line":18,"column":0},"end":{"line":20,"column":1}},"type":"if","locations":[{"start":{"line":18,"column":0},"end":{"line":20,"column":1}},{"start":{},"end":{}}],"line":18}},"s":{"0":0,"1":0,"2":0,"3":0,"4":0,"5":0,"6":0},"f":{},"b":{"0":[0,0]}}
,"/Users/harshithpola/Documents/TechnicianMarketPlace/src/constants/countryCodes.js": {"path":"/Users/harshithpola/Documents/TechnicianMarketPlace/src/constants/countryCodes.js","statementMap":{"0":{"start":{"line":1,"column":29},"end":{"line":17,"column":1}},"1":{"start":{"line":19,"column":32},"end":{"line":21,"column":1}},"2":{"start":{"line":20,"column":2},"end":{"line":20,"column":62}},"3":{"start":{"line":20,"column":39},"end":{"line":20,"column":60}},"4":{"start":{"line":23,"column":32},"end":{"line":25,"column":1}},"5":{"start":{"line":24,"column":2},"end":{"line":24,"column":62}},"6":{"start":{"line":24,"column":39},"end":{"line":24,"column":60}}},"fnMap":{"0":{"name":"(anonymous_0)","decl":{"start":{"line":19,"column":32},"end":{"line":19,"column":33}},"loc":{"start":{"line":19,"column":42},"end":{"line":21,"column":1}},"line":19},"1":{"name":"(anonymous_1)","decl":{"start":{"line":20,"column":28},"end":{"line":20,"column":29}},"loc":{"start":{"line":20,"column":39},"end":{"line":20,"column":60}},"line":20},"2":{"name":"(anonymous_2)","decl":{"start":{"line":23,"column":32},"end":{"line":23,"column":33}},"loc":{"start":{"line":23,"column":42},"end":{"line":25,"column":1}},"line":23},"3":{"name":"(anonymous_3)","decl":{"start":{"line":24,"column":28},"end":{"line":24,"column":29}},"loc":{"start":{"line":24,"column":39},"end":{"line":24,"column":60}},"line":24}},"branchMap":{},"s":{"0":1,"1":1,"2":0,"3":0,"4":1,"5":0,"6":0},"f":{"0":0,"1":0,"2":0,"3":0},"b":{},"_coverageSchema":"1a1c01bbd47fc00a2c39e90264f33305004495a9","hash":"90445327d0a4863513d13e4bdcde3540a1f3846a"}
,"/Users/harshithpola/Documents/TechnicianMarketPlace/src/context/AuthContext.js": {"path":"/Users/harshithpola/Documents/TechnicianMarketPlace/src/context/AuthContext.js","statementMap":{"0":{"start":{"line":10,"column":27},"end":{"line":10,"column":42}},"1":{"start":{"line":12,"column":28},"end":{"line":98,"column":1}},"2":{"start":{"line":13,"column":26},"end":{"line":13,"column":40}},"3":{"start":{"line":14,"column":32},"end":{"line":14,"column":47}},"4":{"start":{"line":16,"column":16},"end":{"line":52,"column":3}},"5":{"start":{"line":17,"column":4},"end":{"line":17,"column":21}},"6":{"start":{"line":18,"column":4},"end":{"line":51,"column":5}},"7":{"start":{"line":19,"column":29},"end":{"line":19,"column":84}},"8":{"start":{"line":22,"column":22},"end":{"line":22,"column":77}},"9":{"start":{"line":24,"column":6},"end":{"line":46,"column":7}},"10":{"start":{"line":25,"column":25},"end":{"line":25,"column":39}},"11":{"start":{"line":26,"column":8},"end":{"line":30,"column":11}},"12":{"start":{"line":31,"column":8},"end":{"line":31,"column":33}},"13":{"start":{"line":34,"column":8},"end":{"line":38,"column":11}},"14":{"start":{"line":40,"column":8},"end":{"line":44,"column":11}},"15":{"start":{"line":45,"column":8},"end":{"line":45,"column":33}},"16":{"start":{"line":48,"column":6},"end":{"line":48,"column":54}},"17":{"start":{"line":50,"column":6},"end":{"line":50,"column":24}},"18":{"start":{"line":54,"column":19},"end":{"line":78,"column":3}},"19":{"start":{"line":55,"column":4},"end":{"line":55,"column":21}},"20":{"start":{"line":56,"column":4},"end":{"line":77,"column":5}},"21":{"start":{"line":58,"column":29},"end":{"line":58,"column":88}},"22":{"start":{"line":61,"column":6},"end":{"line":65,"column":9}},"23":{"start":{"line":67,"column":6},"end":{"line":71,"column":9}},"24":{"start":{"line":72,"column":6},"end":{"line":72,"column":31}},"25":{"start":{"line":74,"column":6},"end":{"line":74,"column":54}},"26":{"start":{"line":76,"column":6},"end":{"line":76,"column":24}},"27":{"start":{"line":80,"column":17},"end":{"line":91,"column":3}},"28":{"start":{"line":81,"column":4},"end":{"line":81,"column":21}},"29":{"start":{"line":82,"column":4},"end":{"line":90,"column":5}},"30":{"start":{"line":83,"column":6},"end":{"line":83,"column":26}},"31":{"start":{"line":84,"column":6},"end":{"line":84,"column":20}},"32":{"start":{"line":85,"column":6},"end":{"line":85,"column":31}},"33":{"start":{"line":87,"column":6},"end":{"line":87,"column":54}},"34":{"start":{"line":89,"column":6},"end":{"line":89,"column":24}},"35":{"start":{"line":93,"column":2},"end":{"line":97,"column":4}}},"fnMap":{"0":{"name":"(anonymous_0)","decl":{"start":{"line":12,"column":28},"end":{"line":12,"column":29}},"loc":{"start":{"line":12,"column":46},"end":{"line":98,"column":1}},"line":12},"1":{"name":"(anonymous_1)","decl":{"start":{"line":16,"column":16},"end":{"line":16,"column":17}},"loc":{"start":{"line":16,"column":43},"end":{"line":52,"column":3}},"line":16},"2":{"name":"(anonymous_2)","decl":{"start":{"line":54,"column":19},"end":{"line":54,"column":20}},"loc":{"start":{"line":54,"column":52},"end":{"line":78,"column":3}},"line":54},"3":{"name":"(anonymous_3)","decl":{"start":{"line":80,"column":17},"end":{"line":80,"column":18}},"loc":{"start":{"line":80,"column":29},"end":{"line":91,"column":3}},"line":80}},"branchMap":{"0":{"loc":{"start":{"line":24,"column":6},"end":{"line":46,"column":7}},"type":"if","locations":[{"start":{"line":24,"column":6},"end":{"line":46,"column":7}},{"start":{"line":32,"column":13},"end":{"line":46,"column":7}}],"line":24}},"s":{"0":0,"1":0,"2":0,"3":0,"4":0,"5":0,"6":0,"7":0,"8":0,"9":0,"10":0,"11":0,"12":0,"13":0,"14":0,"15":0,"16":0,"17":0,"18":0,"19":0,"20":0,"21":0,"22":0,"23":0,"24":0,"25":0,"26":0,"27":0,"28":0,"29":0,"30":0,"31":0,"32":0,"33":0,"34":0,"35":0},"f":{"0":0,"1":0,"2":0,"3":0},"b":{"0":[0,0]}}
,"/Users/harshithpola/Documents/TechnicianMarketPlace/src/navigation/RootNavigator.js": {"path":"/Users/harshithpola/Documents/TechnicianMarketPlace/src/navigation/RootNavigator.js","statementMap":{"0":{"start":{"line":27,"column":14},"end":{"line":27,"column":36}},"1":{"start":{"line":29,"column":29},"end":{"line":217,"column":1}},"2":{"start":{"line":30,"column":15},"end":{"line":30,"column":54}},"3":{"start":{"line":30,"column":38},"end":{"line":30,"column":53}},"4":{"start":{"line":31,"column":24},"end":{"line":31,"column":55}},"5":{"start":{"line":33,"column":2},"end":{"line":216,"column":4}},"6":{"start":{"line":55,"column":36},"end":{"line":55,"column":40}},"7":{"start":{"line":67,"column":38},"end":{"line":67,"column":42}},"8":{"start":{"line":167,"column":34},"end":{"line":167,"column":38}},"9":{"start":{"line":175,"column":34},"end":{"line":175,"column":38}},"10":{"start":{"line":183,"column":34},"end":{"line":183,"column":38}},"11":{"start":{"line":191,"column":34},"end":{"line":191,"column":38}}},"fnMap":{"0":{"name":"(anonymous_0)","decl":{"start":{"line":29,"column":29},"end":{"line":29,"column":30}},"loc":{"start":{"line":29,"column":35},"end":{"line":217,"column":1}},"line":29},"1":{"name":"(anonymous_1)","decl":{"start":{"line":30,"column":27},"end":{"line":30,"column":28}},"loc":{"start":{"line":30,"column":38},"end":{"line":30,"column":53}},"line":30},"2":{"name":"(anonymous_2)","decl":{"start":{"line":55,"column":30},"end":{"line":55,"column":31}},"loc":{"start":{"line":55,"column":36},"end":{"line":55,"column":40}},"line":55},"3":{"name":"(anonymous_3)","decl":{"start":{"line":67,"column":32},"end":{"line":67,"column":33}},"loc":{"start":{"line":67,"column":38},"end":{"line":67,"column":42}},"line":67},"4":{"name":"(anonymous_4)","decl":{"start":{"line":167,"column":28},"end":{"line":167,"column":29}},"loc":{"start":{"line":167,"column":34},"end":{"line":167,"column":38}},"line":167},"5":{"name":"(anonymous_5)","decl":{"start":{"line":175,"column":28},"end":{"line":175,"column":29}},"loc":{"start":{"line":175,"column":34},"end":{"line":175,"column":38}},"line":175},"6":{"name":"(anonymous_6)","decl":{"start":{"line":183,"column":28},"end":{"line":183,"column":29}},"loc":{"start":{"line":183,"column":34},"end":{"line":183,"column":38}},"line":183},"7":{"name":"(anonymous_7)","decl":{"start":{"line":191,"column":28},"end":{"line":191,"column":29}},"loc":{"start":{"line":191,"column":34},"end":{"line":191,"column":38}},"line":191}},"branchMap":{"0":{"loc":{"start":{"line":45,"column":9},"end":{"line":213,"column":9}},"type":"cond-expr","locations":[{"start":{"line":47,"column":10},"end":{"line":196,"column":13}},{"start":{"line":199,"column":10},"end":{"line":212,"column":24}}],"line":45},"1":{"loc":{"start":{"line":48,"column":13},"end":{"line":195,"column":13}},"type":"cond-expr","locations":[{"start":{"line":50,"column":14},"end":{"line":58,"column":16}},{"start":{"line":61,"column":14},"end":{"line":194,"column":28}}],"line":48}},"s":{"0":0,"1":0,"2":0,"3":0,"4":0,"5":0,"6":0,"7":0,"8":0,"9":0,"10":0,"11":0},"f":{"0":0,"1":0,"2":0,"3":0,"4":0,"5":0,"6":0,"7":0},"b":{"0":[0,0],"1":[0,0]}}
,"/Users/harshithpola/Documents/TechnicianMarketPlace/src/redux/authSlice.js": {"path":"/Users/harshithpola/Documents/TechnicianMarketPlace/src/redux/authSlice.js","statementMap":{"0":{"start":{"line":11,"column":31},"end":{"line":17,"column":1}},"1":{"start":{"line":12,"column":2},"end":{"line":12,"column":25}},"2":{"start":{"line":12,"column":13},"end":{"line":12,"column":25}},"3":{"start":{"line":13,"column":2},"end":{"line":16,"column":4}},"4":{"start":{"line":19,"column":28},"end":{"line":57,"column":1}},"5":{"start":{"line":22,"column":4},"end":{"line":55,"column":5}},"6":{"start":{"line":23,"column":29},"end":{"line":23,"column":88}},"7":{"start":{"line":25,"column":6},"end":{"line":38,"column":9}},"8":{"start":{"line":40,"column":6},"end":{"line":52,"column":8}},"9":{"start":{"line":54,"column":6},"end":{"line":54,"column":44}},"10":{"start":{"line":59,"column":25},"end":{"line":100,"column":1}},"11":{"start":{"line":62,"column":4},"end":{"line":98,"column":5}},"12":{"start":{"line":63,"column":29},"end":{"line":63,"column":84}},"13":{"start":{"line":65,"column":22},"end":{"line":65,"column":77}},"14":{"start":{"line":67,"column":6},"end":{"line":95,"column":7}},"15":{"start":{"line":68,"column":25},"end":{"line":68,"column":39}},"16":{"start":{"line":69,"column":8},"end":{"line":75,"column":10}},"17":{"start":{"line":78,"column":30},"end":{"line":78,"column":49}},"18":{"start":{"line":79,"column":36},"end":{"line":79,"column":89}},"19":{"start":{"line":80,"column":8},"end":{"line":86,"column":11}},"20":{"start":{"line":88,"column":8},"end":{"line":94,"column":10}},"21":{"start":{"line":97,"column":6},"end":{"line":97,"column":44}},"22":{"start":{"line":102,"column":30},"end":{"line":134,"column":1}},"23":{"start":{"line":105,"column":4},"end":{"line":132,"column":5}},"24":{"start":{"line":107,"column":6},"end":{"line":109,"column":7}},"25":{"start":{"line":108,"column":8},"end":{"line":108,"column":62}},"26":{"start":{"line":111,"column":18},"end":{"line":111,"column":41}},"27":{"start":{"line":112,"column":22},"end":{"line":112,"column":57}},"28":{"start":{"line":114,"column":6},"end":{"line":128,"column":7}},"29":{"start":{"line":115,"column":25},"end":{"line":115,"column":39}},"30":{"start":{"line":116,"column":8},"end":{"line":124,"column":10}},"31":{"start":{"line":127,"column":8},"end":{"line":127,"column":86}},"32":{"start":{"line":130,"column":6},"end":{"line":130,"column":49}},"33":{"start":{"line":131,"column":6},"end":{"line":131,"column":68}},"34":{"start":{"line":136,"column":26},"end":{"line":146,"column":1}},"35":{"start":{"line":139,"column":4},"end":{"line":144,"column":5}},"36":{"start":{"line":140,"column":6},"end":{"line":140,"column":26}},"37":{"start":{"line":141,"column":6},"end":{"line":141,"column":18}},"38":{"start":{"line":143,"column":6},"end":{"line":143,"column":44}},"39":{"start":{"line":148,"column":29},"end":{"line":163,"column":1}},"40":{"start":{"line":151,"column":4},"end":{"line":161,"column":5}},"41":{"start":{"line":152,"column":25},"end":{"line":152,"column":27}},"42":{"start":{"line":153,"column":6},"end":{"line":153,"column":39}},"43":{"start":{"line":153,"column":16},"end":{"line":153,"column":39}},"44":{"start":{"line":154,"column":6},"end":{"line":154,"column":39}},"45":{"start":{"line":154,"column":16},"end":{"line":154,"column":39}},"46":{"start":{"line":156,"column":6},"end":{"line":156,"column":74}},"47":{"start":{"line":158,"column":6},"end":{"line":158,"column":24}},"48":{"start":{"line":160,"column":6},"end":{"line":160,"column":44}},"49":{"start":{"line":165,"column":32},"end":{"line":191,"column":1}},"50":{"start":{"line":168,"column":4},"end":{"line":189,"column":5}},"51":{"start":{"line":169,"column":29},"end":{"line":176,"column":7}},"52":{"start":{"line":178,"column":6},"end":{"line":178,"column":78}},"53":{"start":{"line":181,"column":6},"end":{"line":186,"column":8}},"54":{"start":{"line":188,"column":6},"end":{"line":188,"column":44}},"55":{"start":{"line":193,"column":21},"end":{"line":197,"column":1}},"56":{"start":{"line":199,"column":18},"end":{"line":309,"column":2}},"57":{"start":{"line":204,"column":6},"end":{"line":204,"column":25}},"58":{"start":{"line":209,"column":4},"end":{"line":222,"column":9}},"59":{"start":{"line":211,"column":8},"end":{"line":211,"column":29}},"60":{"start":{"line":212,"column":8},"end":{"line":212,"column":27}},"61":{"start":{"line":215,"column":8},"end":{"line":215,"column":30}},"62":{"start":{"line":216,"column":8},"end":{"line":216,"column":36}},"63":{"start":{"line":217,"column":8},"end":{"line":217,"column":27}},"64":{"start":{"line":220,"column":8},"end":{"line":220,"column":30}},"65":{"start":{"line":221,"column":8},"end":{"line":221,"column":37}},"66":{"start":{"line":225,"column":4},"end":{"line":238,"column":9}},"67":{"start":{"line":227,"column":8},"end":{"line":227,"column":29}},"68":{"start":{"line":228,"column":8},"end":{"line":228,"column":27}},"69":{"start":{"line":231,"column":8},"end":{"line":231,"column":30}},"70":{"start":{"line":232,"column":8},"end":{"line":232,"column":36}},"71":{"start":{"line":233,"column":8},"end":{"line":233,"column":27}},"72":{"start":{"line":236,"column":8},"end":{"line":236,"column":30}},"73":{"start":{"line":237,"column":8},"end":{"line":237,"column":37}},"74":{"start":{"line":241,"column":4},"end":{"line":254,"column":9}},"75":{"start":{"line":243,"column":8},"end":{"line":243,"column":29}},"76":{"start":{"line":244,"column":8},"end":{"line":244,"column":27}},"77":{"start":{"line":247,"column":8},"end":{"line":247,"column":30}},"78":{"start":{"line":248,"column":8},"end":{"line":248,"column":36}},"79":{"start":{"line":249,"column":8},"end":{"line":249,"column":27}},"80":{"start":{"line":252,"column":8},"end":{"line":252,"column":30}},"81":{"start":{"line":253,"column":8},"end":{"line":253,"column":37}},"82":{"start":{"line":257,"column":4},"end":{"line":270,"column":9}},"83":{"start":{"line":259,"column":8},"end":{"line":259,"column":29}},"84":{"start":{"line":260,"column":8},"end":{"line":260,"column":27}},"85":{"start":{"line":263,"column":8},"end":{"line":263,"column":30}},"86":{"start":{"line":264,"column":8},"end":{"line":264,"column":26}},"87":{"start":{"line":265,"column":8},"end":{"line":265,"column":27}},"88":{"start":{"line":268,"column":8},"end":{"line":268,"column":30}},"89":{"start":{"line":269,"column":8},"end":{"line":269,"column":37}},"90":{"start":{"line":273,"column":4},"end":{"line":289,"column":9}},"91":{"start":{"line":275,"column":8},"end":{"line":275,"column":29}},"92":{"start":{"line":276,"column":8},"end":{"line":276,"column":27}},"93":{"start":{"line":279,"column":8},"end":{"line":279,"column":30}},"94":{"start":{"line":280,"column":8},"end":{"line":283,"column":9}},"95":{"start":{"line":281,"column":10},"end":{"line":281,"column":73}},"96":{"start":{"line":281,"column":35},"end":{"line":281,"column":73}},"97":{"start":{"line":282,"column":10},"end":{"line":282,"column":73}},"98":{"start":{"line":282,"column":35},"end":{"line":282,"column":73}},"99":{"start":{"line":284,"column":8},"end":{"line":284,"column":27}},"100":{"start":{"line":287,"column":8},"end":{"line":287,"column":30}},"101":{"start":{"line":288,"column":8},"end":{"line":288,"column":37}},"102":{"start":{"line":292,"column":4},"end":{"line":307,"column":9}},"103":{"start":{"line":294,"column":8},"end":{"line":294,"column":29}},"104":{"start":{"line":295,"column":8},"end":{"line":295,"column":27}},"105":{"start":{"line":298,"column":8},"end":{"line":298,"column":30}},"106":{"start":{"line":299,"column":8},"end":{"line":301,"column":9}},"107":{"start":{"line":300,"column":10},"end":{"line":300,"column":54}},"108":{"start":{"line":302,"column":8},"end":{"line":302,"column":27}},"109":{"start":{"line":305,"column":8},"end":{"line":305,"column":30}},"110":{"start":{"line":306,"column":8},"end":{"line":306,"column":37}},"111":{"start":{"line":311,"column":30},"end":{"line":311,"column":47}}},"fnMap":{"0":{"name":"(anonymous_0)","decl":{"start":{"line":11,"column":31},"end":{"line":11,"column":32}},"loc":{"start":{"line":11,"column":41},"end":{"line":17,"column":1}},"line":11},"1":{"name":"(anonymous_1)","decl":{"start":{"line":21,"column":2},"end":{"line":21,"column":3}},"loc":{"start":{"line":21,"column":99},"end":{"line":56,"column":3}},"line":21},"2":{"name":"(anonymous_2)","decl":{"start":{"line":61,"column":2},"end":{"line":61,"column":3}},"loc":{"start":{"line":61,"column":54},"end":{"line":99,"column":3}},"line":61},"3":{"name":"(anonymous_3)","decl":{"start":{"line":104,"column":2},"end":{"line":104,"column":3}},"loc":{"start":{"line":104,"column":66},"end":{"line":133,"column":3}},"line":104},"4":{"name":"(anonymous_4)","decl":{"start":{"line":138,"column":2},"end":{"line":138,"column":3}},"loc":{"start":{"line":138,"column":36},"end":{"line":145,"column":3}},"line":138},"5":{"name":"(anonymous_5)","decl":{"start":{"line":150,"column":2},"end":{"line":150,"column":3}},"loc":{"start":{"line":150,"column":57},"end":{"line":162,"column":3}},"line":150},"6":{"name":"(anonymous_6)","decl":{"start":{"line":167,"column":2},"end":{"line":167,"column":3}},"loc":{"start":{"line":167,"column":45},"end":{"line":190,"column":3}},"line":167},"7":{"name":"(anonymous_7)","decl":{"start":{"line":203,"column":16},"end":{"line":203,"column":17}},"loc":{"start":{"line":203,"column":27},"end":{"line":205,"column":5}},"line":203},"8":{"name":"(anonymous_8)","decl":{"start":{"line":207,"column":17},"end":{"line":207,"column":18}},"loc":{"start":{"line":207,"column":30},"end":{"line":308,"column":3}},"line":207},"9":{"name":"(anonymous_9)","decl":{"start":{"line":210,"column":37},"end":{"line":210,"column":38}},"loc":{"start":{"line":210,"column":48},"end":{"line":213,"column":7}},"line":210},"10":{"name":"(anonymous_10)","decl":{"start":{"line":214,"column":39},"end":{"line":214,"column":40}},"loc":{"start":{"line":214,"column":58},"end":{"line":218,"column":7}},"line":214},"11":{"name":"(anonymous_11)","decl":{"start":{"line":219,"column":38},"end":{"line":219,"column":39}},"loc":{"start":{"line":219,"column":57},"end":{"line":222,"column":7}},"line":219},"12":{"name":"(anonymous_12)","decl":{"start":{"line":226,"column":34},"end":{"line":226,"column":35}},"loc":{"start":{"line":226,"column":45},"end":{"line":229,"column":7}},"line":226},"13":{"name":"(anonymous_13)","decl":{"start":{"line":230,"column":36},"end":{"line":230,"column":37}},"loc":{"start":{"line":230,"column":55},"end":{"line":234,"column":7}},"line":230},"14":{"name":"(anonymous_14)","decl":{"start":{"line":235,"column":35},"end":{"line":235,"column":36}},"loc":{"start":{"line":235,"column":54},"end":{"line":238,"column":7}},"line":235},"15":{"name":"(anonymous_15)","decl":{"start":{"line":242,"column":39},"end":{"line":242,"column":40}},"loc":{"start":{"line":242,"column":50},"end":{"line":245,"column":7}},"line":242},"16":{"name":"(anonymous_16)","decl":{"start":{"line":246,"column":41},"end":{"line":246,"column":42}},"loc":{"start":{"line":246,"column":60},"end":{"line":250,"column":7}},"line":246},"17":{"name":"(anonymous_17)","decl":{"start":{"line":251,"column":40},"end":{"line":251,"column":41}},"loc":{"start":{"line":251,"column":59},"end":{"line":254,"column":7}},"line":251},"18":{"name":"(anonymous_18)","decl":{"start":{"line":258,"column":35},"end":{"line":258,"column":36}},"loc":{"start":{"line":258,"column":46},"end":{"line":261,"column":7}},"line":258},"19":{"name":"(anonymous_19)","decl":{"start":{"line":262,"column":37},"end":{"line":262,"column":38}},"loc":{"start":{"line":262,"column":48},"end":{"line":266,"column":7}},"line":262},"20":{"name":"(anonymous_20)","decl":{"start":{"line":267,"column":36},"end":{"line":267,"column":37}},"loc":{"start":{"line":267,"column":55},"end":{"line":270,"column":7}},"line":267},"21":{"name":"(anonymous_21)","decl":{"start":{"line":274,"column":38},"end":{"line":274,"column":39}},"loc":{"start":{"line":274,"column":49},"end":{"line":277,"column":7}},"line":274},"22":{"name":"(anonymous_22)","decl":{"start":{"line":278,"column":40},"end":{"line":278,"column":41}},"loc":{"start":{"line":278,"column":59},"end":{"line":285,"column":7}},"line":278},"23":{"name":"(anonymous_23)","decl":{"start":{"line":286,"column":39},"end":{"line":286,"column":40}},"loc":{"start":{"line":286,"column":58},"end":{"line":289,"column":7}},"line":286},"24":{"name":"(anonymous_24)","decl":{"start":{"line":293,"column":41},"end":{"line":293,"column":42}},"loc":{"start":{"line":293,"column":52},"end":{"line":296,"column":7}},"line":293},"25":{"name":"(anonymous_25)","decl":{"start":{"line":297,"column":43},"end":{"line":297,"column":44}},"loc":{"start":{"line":297,"column":62},"end":{"line":303,"column":7}},"line":297},"26":{"name":"(anonymous_26)","decl":{"start":{"line":304,"column":42},"end":{"line":304,"column":43}},"loc":{"start":{"line":304,"column":61},"end":{"line":307,"column":7}},"line":304}},"branchMap":{"0":{"loc":{"start":{"line":12,"column":2},"end":{"line":12,"column":25}},"type":"if","locations":[{"start":{"line":12,"column":2},"end":{"line":12,"column":25}},{"start":{},"end":{}}],"line":12},"1":{"loc":{"start":{"line":15,"column":16},"end":{"line":15,"column":163}},"type":"cond-expr","locations":[{"start":{"line":15,"column":35},"end":{"line":15,"column":155}},{"start":{"line":15,"column":159},"end":{"line":15,"column":163}}],"line":15},"2":{"loc":{"start":{"line":15,"column":35},"end":{"line":15,"column":155}},"type":"cond-expr","locations":[{"start":{"line":15,"column":99},"end":{"line":15,"column":137}},{"start":{"line":15,"column":140},"end":{"line":15,"column":155}}],"line":15},"3":{"loc":{"start":{"line":15,"column":35},"end":{"line":15,"column":96}},"type":"binary-expr","locations":[{"start":{"line":15,"column":35},"end":{"line":15,"column":70}},{"start":{"line":15,"column":74},"end":{"line":15,"column":96}}],"line":15},"4":{"loc":{"start":{"line":21,"column":34},"end":{"line":21,"column":51}},"type":"default-arg","locations":[{"start":{"line":21,"column":41},"end":{"line":21,"column":51}}],"line":21},"5":{"loc":{"start":{"line":21,"column":53},"end":{"line":21,"column":71}},"type":"default-arg","locations":[{"start":{"line":21,"column":67},"end":{"line":21,"column":71}}],"line":21},"6":{"loc":{"start":{"line":29,"column":21},"end":{"line":29,"column":40}},"type":"binary-expr","locations":[{"start":{"line":29,"column":21},"end":{"line":29,"column":32}},{"start":{"line":29,"column":36},"end":{"line":29,"column":40}}],"line":29},"7":{"loc":{"start":{"line":30,"column":25},"end":{"line":30,"column":51}},"type":"cond-expr","locations":[{"start":{"line":30,"column":39},"end":{"line":30,"column":43}},{"start":{"line":30,"column":46},"end":{"line":30,"column":51}}],"line":30},"8":{"loc":{"start":{"line":31,"column":25},"end":{"line":31,"column":56}},"type":"cond-expr","locations":[{"start":{"line":31,"column":39},"end":{"line":31,"column":49}},{"start":{"line":31,"column":52},"end":{"line":31,"column":56}}],"line":31},"9":{"loc":{"start":{"line":46,"column":25},"end":{"line":46,"column":51}},"type":"cond-expr","locations":[{"start":{"line":46,"column":39},"end":{"line":46,"column":43}},{"start":{"line":46,"column":46},"end":{"line":46,"column":51}}],"line":46},"10":{"loc":{"start":{"line":67,"column":6},"end":{"line":95,"column":7}},"type":"if","locations":[{"start":{"line":67,"column":6},"end":{"line":95,"column":7}},{"start":{"line":76,"column":13},"end":{"line":95,"column":7}}],"line":67},"11":{"loc":{"start":{"line":72,"column":16},"end":{"line":72,"column":52}},"type":"binary-expr","locations":[{"start":{"line":72,"column":16},"end":{"line":72,"column":29}},{"start":{"line":72,"column":33},"end":{"line":72,"column":52}}],"line":72},"12":{"loc":{"start":{"line":73,"column":16},"end":{"line":73,"column":43}},"type":"binary-expr","locations":[{"start":{"line":73,"column":16},"end":{"line":73,"column":29}},{"start":{"line":73,"column":33},"end":{"line":73,"column":43}}],"line":73},"13":{"loc":{"start":{"line":74,"column":27},"end":{"line":74,"column":132}},"type":"binary-expr","locations":[{"start":{"line":74,"column":27},"end":{"line":74,"column":75}},{"start":{"line":74,"column":79},"end":{"line":74,"column":132}}],"line":74},"14":{"loc":{"start":{"line":107,"column":6},"end":{"line":109,"column":7}},"type":"if","locations":[{"start":{"line":107,"column":6},"end":{"line":109,"column":7}},{"start":{},"end":{}}],"line":107},"15":{"loc":{"start":{"line":107,"column":10},"end":{"line":107,"column":49}},"type":"binary-expr","locations":[{"start":{"line":107,"column":10},"end":{"line":107,"column":25}},{"start":{"line":107,"column":29},"end":{"line":107,"column":49}}],"line":107},"16":{"loc":{"start":{"line":114,"column":6},"end":{"line":128,"column":7}},"type":"if","locations":[{"start":{"line":114,"column":6},"end":{"line":128,"column":7}},{"start":{"line":125,"column":13},"end":{"line":128,"column":7}}],"line":114},"17":{"loc":{"start":{"line":118,"column":17},"end":{"line":118,"column":37}},"type":"binary-expr","locations":[{"start":{"line":118,"column":17},"end":{"line":118,"column":31}},{"start":{"line":118,"column":35},"end":{"line":118,"column":37}}],"line":118},"18":{"loc":{"start":{"line":119,"column":16},"end":{"line":119,"column":39}},"type":"binary-expr","locations":[{"start":{"line":119,"column":16},"end":{"line":119,"column":29}},{"start":{"line":119,"column":33},"end":{"line":119,"column":39}}],"line":119},"19":{"loc":{"start":{"line":120,"column":16},"end":{"line":120,"column":43}},"type":"binary-expr","locations":[{"start":{"line":120,"column":16},"end":{"line":120,"column":29}},{"start":{"line":120,"column":33},"end":{"line":120,"column":43}}],"line":120},"20":{"loc":{"start":{"line":121,"column":23},"end":{"line":121,"column":58}},"type":"binary-expr","locations":[{"start":{"line":121,"column":23},"end":{"line":121,"column":43}},{"start":{"line":121,"column":47},"end":{"line":121,"column":58}}],"line":121},"21":{"loc":{"start":{"line":123,"column":27},"end":{"line":123,"column":108}},"type":"binary-expr","locations":[{"start":{"line":123,"column":27},"end":{"line":123,"column":51}},{"start":{"line":123,"column":55},"end":{"line":123,"column":108}}],"line":123},"22":{"loc":{"start":{"line":131,"column":29},"end":{"line":131,"column":66}},"type":"binary-expr","locations":[{"start":{"line":131,"column":29},"end":{"line":131,"column":42}},{"start":{"line":131,"column":46},"end":{"line":131,"column":66}}],"line":131},"23":{"loc":{"start":{"line":153,"column":6},"end":{"line":153,"column":39}},"type":"if","locations":[{"start":{"line":153,"column":6},"end":{"line":153,"column":39}},{"start":{},"end":{}}],"line":153},"24":{"loc":{"start":{"line":154,"column":6},"end":{"line":154,"column":39}},"type":"if","locations":[{"start":{"line":154,"column":6},"end":{"line":154,"column":39}},{"start":{},"end":{}}],"line":154},"25":{"loc":{"start":{"line":280,"column":8},"end":{"line":283,"column":9}},"type":"if","locations":[{"start":{"line":280,"column":8},"end":{"line":283,"column":9}},{"start":{},"end":{}}],"line":280},"26":{"loc":{"start":{"line":281,"column":10},"end":{"line":281,"column":73}},"type":"if","locations":[{"start":{"line":281,"column":10},"end":{"line":281,"column":73}},{"start":{},"end":{}}],"line":281},"27":{"loc":{"start":{"line":282,"column":10},"end":{"line":282,"column":73}},"type":"if","locations":[{"start":{
[...]
},"end":{"line":115,"column":33}},"43":{"start":{"line":120,"column":41},"end":{"line":120,"column":45}},"44":{"start":{"line":125,"column":36},"end":{"line":125,"column":37}}},"fnMap":{"0":{"name":"(anonymous_0)","decl":{"start":{"line":10,"column":27},"end":{"line":10,"column":28}},"loc":{"start":{"line":10,"column":33},"end":{"line":13,"column":1}},"line":10},"1":{"name":"(anonymous_1)","decl":{"start":{"line":20,"column":26},"end":{"line":20,"column":27}},"loc":{"start":{"line":20,"column":35},"end":{"line":23,"column":1}},"line":20},"2":{"name":"(anonymous_2)","decl":{"start":{"line":31,"column":27},"end":{"line":31,"column":28}},"loc":{"start":{"line":31,"column":54},"end":{"line":34,"column":1}},"line":31},"3":{"name":"(anonymous_3)","decl":{"start":{"line":42,"column":28},"end":{"line":42,"column":29}},"loc":{"start":{"line":42,"column":72},"end":{"line":49,"column":1}},"line":42},"4":{"name":"(anonymous_4)","decl":{"start":{"line":57,"column":35},"end":{"line":57,"column":36}},"loc":{"start":{"line":57,"column":79},"end":{"line":75,"column":1}},"line":57},"5":{"name":"(anonymous_5)","decl":{"start":{"line":82,"column":32},"end":{"line":82,"column":33}},"loc":{"start":{"line":82,"column":56},"end":{"line":89,"column":1}},"line":82},"6":{"name":"(anonymous_6)","decl":{"start":{"line":96,"column":28},"end":{"line":96,"column":29}},"loc":{"start":{"line":96,"column":44},"end":{"line":110,"column":1}},"line":96}},"branchMap":{"0":{"loc":{"start":{"line":21,"column":2},"end":{"line":21,"column":52}},"type":"if","locations":[{"start":{"line":21,"column":2},"end":{"line":21,"column":52}},{"start":{},"end":{}}],"line":21},"1":{"loc":{"start":{"line":21,"column":6},"end":{"line":21,"column":37}},"type":"binary-expr","locations":[{"start":{"line":21,"column":6},"end":{"line":21,"column":10}},{"start":{"line":21,"column":14},"end":{"line":21,"column":37}}],"line":21},"2":{"loc":{"start":{"line":32,"column":2},"end":{"line":32,"column":46}},"type":"if","locations":[{"start":{"line":32,"column":2},"end":{"line":32,"column":46}},{"start":{},"end":{}}],"line":32},"3":{"loc":{"start":{"line":32,"column":6},"end":{"line":32,"column":31}},"type":"binary-expr","locations":[{"start":{"line":32,"column":6},"end":{"line":32,"column":17}},{"start":{"line":32,"column":21},"end":{"line":32,"column":31}}],"line":32},"4":{"loc":{"start":{"line":42,"column":49},"end":{"line":42,"column":67}},"type":"default-arg","locations":[{"start":{"line":42,"column":66},"end":{"line":42,"column":67}}],"line":42},"5":{"loc":{"start":{"line":43,"column":2},"end":{"line":43,"column":39}},"type":"if","locations":[{"start":{"line":43,"column":2},"end":{"line":43,"column":39}},{"start":{},"end":{}}],"line":43},"6":{"loc":{"start":{"line":57,"column":56},"end":{"line":57,"column":74}},"type":"default-arg","locations":[{"start":{"line":57,"column":73},"end":{"line":57,"column":74}}],"line":57},"7":{"loc":{"start":{"line":58,"column":2},"end":{"line":60,"column":3}},"type":"if","locations":[{"start":{"line":58,"column":2},"end":{"line":60,"column":3}},{"start":{},"end":{}}],"line":58},"8":{"loc":{"start":{"line":66,"column":2},"end":{"line":68,"column":3}},"type":"if","locations":[{"start":{"line":66,"column":2},"end":{"line":68,"column":3}},{"start":{},"end":{}}],"line":66},"9":{"loc":{"start":{"line":97,"column":2},"end":{"line":99,"column":3}},"type":"if","locations":[{"start":{"line":97,"column":2},"end":{"line":99,"column":3}},{"start":{},"end":{}}],"line":97},"10":{"loc":{"start":{"line":101,"column":2},"end":{"line":103,"column":3}},"type":"if","locations":[{"start":{"line":101,"column":2},"end":{"line":103,"column":3}},{"start":{},"end":{}}],"line":101},"11":{"loc":{"start":{"line":105,"column":2},"end":{"line":107,"column":3}},"type":"if","locations":[{"start":{"line":105,"column":2},"end":{"line":107,"column":3}},{"start":{},"end":{}}],"line":105}},"s":{"0":2,"1":2257,"2":2257,"3":2,"4":0,"5":0,"6":0,"7":2,"8":12,"9":4,"10":8,"11":2,"12":0,"13":0,"14":0,"15":0,"16":0,"17":2,"18":0,"19":0,"20":0,"21":0,"22":0,"23":0,"24":0,"25":0,"26":0,"27":0,"28":0,"29":2,"30":0,"31":0,"32":0,"33":0,"34":2,"35":0,"36":0,"37":0,"38":0,"39":0,"40":0,"41":0,"42":2,"43":2,"44":2},"f":{"0":2257,"1":0,"2":12,"3":0,"4":0,"5":0,"6":0},"b":{"0":[0,0],"1":[0,0],"2":[4,8],"3":[12,9],"4":[0],"5":[0,0],"6":[0],"7":[0,0],"8":[0,0],"9":[0,0],"10":[0,0],"11":[0,0]},"_coverageSchema":"1a1c01bbd47fc00a2c39e90264f33305004495a9","hash":"652a13cb9acba32840922bb77b7300c75a86f180"}
,"/Users/harshithpola/Documents/TechnicianMarketPlace/src/utils/phoneValidation.js": {"path":"/Users/harshithpola/Documents/TechnicianMarketPlace/src/utils/phoneValidation.js","statementMap":{"0":{"start":{"line":3,"column":35},"end":{"line":25,"column":1}},"1":{"start":{"line":4,"column":2},"end":{"line":6,"column":3}},"2":{"start":{"line":5,"column":4},"end":{"line":5,"column":77}},"3":{"start":{"line":8,"column":18},"end":{"line":8,"column":47}},"4":{"start":{"line":9,"column":2},"end":{"line":11,"column":3}},"5":{"start":{"line":10,"column":4},"end":{"line":10,"column":59}},"6":{"start":{"line":14,"column":21},"end":{"line":14,"column":45}},"7":{"start":{"line":17,"column":2},"end":{"line":22,"column":3}},"8":{"start":{"line":18,"column":4},"end":{"line":21,"column":6}},"9":{"start":{"line":24,"column":2},"end":{"line":24,"column":25}},"10":{"start":{"line":27,"column":33},"end":{"line":33,"column":1}},"11":{"start":{"line":28,"column":18},"end":{"line":28,"column":47}},"12":{"start":{"line":29,"column":2},"end":{"line":29,"column":29}},"13":{"start":{"line":29,"column":16},"end":{"line":29,"column":29}},"14":{"start":{"line":31,"column":21},"end":{"line":31,"column":45}},"15":{"start":{"line":32,"column":2},"end":{"line":32,"column":39}},"16":{"start":{"line":35,"column":37},"end":{"line":42,"column":1}},"17":{"start":{"line":36,"column":2},"end":{"line":36,"column":30}},"18":{"start":{"line":36,"column":20},"end":{"line":36,"column":30}},"19":{"start":{"line":39,"column":19},"end":{"line":39,"column":40}},"20":{"start":{"line":40,"column":17},"end":{"line":40,"column":64}},"21":{"start":{"line":41,"column":2},"end":{"line":41,"column":32}},"22":{"start":{"line":44,"column":34},"end":{"line":48,"column":1}},"23":{"start":{"line":46,"column":18},"end":{"line":46,"column":73}},"24":{"start":{"line":47,"column":2},"end":{"line":47,"column":17}},"25":{"start":{"line":55,"column":29},"end":{"line":75,"column":1}},"26":{"start":{"line":56,"column":2},"end":{"line":56,"column":56}},"27":{"start":{"line":56,"column":43},"end":{"line":56,"column":56}},"28":{"start":{"line":59,"column":21},"end":{"line":59,"column":43}},"29":{"start":{"line":60,"column":2},"end":{"line":60,"column":31}},"30":{"start":{"line":60,"column":18},"end":{"line":60,"column":31}},"31":{"start":{"line":62,"column":18},"end":{"line":62,"column":42}},"32":{"start":{"line":66,"column":28},"end":{"line":66,"column":411}},"33":{"start":{"line":69,"column":2},"end":{"line":71,"column":3}},"34":{"start":{"line":70,"column":4},"end":{"line":70,"column":63}},"35":{"start":{"line":70,"column":50},"end":{"line":70,"column":63}},"36":{"start":{"line":74,"column":2},"end":{"line":74,"column":54}},"37":{"start":{"line":80,"column":29},"end":{"line":93,"column":1}},"38":{"start":{"line":81,"column":2},"end":{"line":81,"column":56}},"39":{"start":{"line":81,"column":43},"end":{"line":81,"column":56}},"40":{"start":{"line":82,"column":18},"end":{"line":82,"column":44}},"41":{"start":{"line":85,"column":21},"end":{"line":85,"column":49}},"42":{"start":{"line":86,"column":2},"end":{"line":86,"column":46}},"43":{"start":{"line":86,"column":33},"end":{"line":86,"column":46}},"44":{"start":{"line":89,"column":20},"end":{"line":89,"column":41}},"45":{"start":{"line":90,"column":2},"end":{"line":90,"column":42}},"46":{"start":{"line":90,"column":29},"end":{"line":90,"column":42}},"47":{"start":{"line":92,"column":2},"end":{"line":92,"column":14}},"48":{"start":{"line":99,"column":32},"end":{"line":110,"column":1}},"49":{"start":{"line":100,"column":2},"end":{"line":100,"column":62}},"50":{"start":{"line":100,"column":49},"end":{"line":100,"column":62}},"51":{"start":{"line":101,"column":2},"end":{"line":101,"column":65}},"52":{"start":{"line":101,"column":52},"end":{"line":101,"column":65}},"53":{"start":{"line":104,"column":19},"end":{"line":104,"column":41}},"54":{"start":{"line":105,"column":19},"end":{"line":105,"column":41}},"55":{"start":{"line":106,"column":19},"end":{"line":106,"column":41}},"56":{"start":{"line":107,"column":21},"end":{"line":107,"column":75}},"57":{"start":{"line":109,"column":2},"end":{"line":109,"column":56}},"58":{"start":{"line":115,"column":27},"end":{"line":154,"column":1}},"59":{"start":{"line":116,"column":2},"end":{"line":116,"column":60}},"60":{"start":{"line":116,"column":43},"end":{"line":116,"column":60}},"61":{"start":{"line":118,"column":18},"end":{"line":118,"column":30}},"62":{"start":{"line":119,"column":18},"end":{"line":119,"column":44}},"63":{"start":{"line":122,"column":2},"end":{"line":124,"column":3}},"64":{"start":{"line":123,"column":4},"end":{"line":123,"column":21}},"65":{"start":{"line":127,"column":21},"end":{"line":127,"column":28}},"66":{"start":{"line":128,"column":2},"end":{"line":130,"column":3}},"67":{"start":{"line":129,"column":4},"end":{"line":129,"column":41}},"68":{"start":{"line":133,"column":2},"end":{"line":135,"column":3}},"69":{"start":{"line":134,"column":4},"end":{"line":134,"column":45}},"70":{"start":{"line":138,"column":2},"end":{"line":140,"column":3}},"71":{"start":{"line":139,"column":4},"end":{"line":139,"column":70}},"72":{"start":{"line":143,"column":2},"end":{"line":146,"column":3}},"73":{"start":{"line":144,"column":27},"end":{"line":144,"column":48}},"74":{"start":{"line":145,"column":4},"end":{"line":145,"column":74}},"75":{"start":{"line":149,"column":2},"end":{"line":151,"column":3}},"76":{"start":{"line":150,"column":4},"end":{"line":150,"column":30}},"77":{"start":{"line":153,"column":2},"end":{"line":153,"column":19}}},"fnMap":{"0":{"name":"(anonymous_0)","decl":{"start":{"line":3,"column":35},"end":{"line":3,"column":36}},"loc":{"start":{"line":3,"column":59},"end":{"line":25,"column":1}},"line":3},"1":{"name":"(anonymous_1)","decl":{"start":{"line":27,"column":33},"end":{"line":27,"column":34}},"loc":{"start":{"line":27,"column":57},"end":{"line":33,"column":1}},"line":27},"2":{"name":"(anonymous_2)","decl":{"start":{"line":35,"column":37},"end":{"line":35,"column":38}},"loc":{"start":{"line":35,"column":54},"end":{"line":42,"column":1}},"line":35},"3":{"name":"(anonymous_3)","decl":{"start":{"line":44,"column":34},"end":{"line":44,"column":35}},"loc":{"start":{"line":44,"column":54},"end":{"line":48,"column":1}},"line":44},"4":{"name":"(anonymous_4)","decl":{"start":{"line":55,"column":29},"end":{"line":55,"column":30}},"loc":{"start":{"line":55,"column":40},"end":{"line":75,"column":1}},"line":55},"5":{"name":"(anonymous_5)","decl":{"start":{"line":80,"column":29},"end":{"line":80,"column":30}},"loc":{"start":{"line":80,"column":40},"end":{"line":93,"column":1}},"line":80},"6":{"name":"(anonymous_6)","decl":{"start":{"line":99,"column":32},"end":{"line":99,"column":33}},"loc":{"start":{"line":99,"column":46},"end":{"line":110,"column":1}},"line":99},"7":{"name":"(anonymous_7)","decl":{"start":{"line":115,"column":27},"end":{"line":115,"column":28}},"loc":{"start":{"line":115,"column":38},"end":{"line":154,"column":1}},"line":115}},"branchMap":{"0":{"loc":{"start":{"line":4,"column":2},"end":{"line":6,"column":3}},"type":"if","locations":[{"start":{"line":4,"column":2},"end":{"line":6,"column":3}},{"start":{},"end":{}}],"line":4},"1":{"loc":{"start":{"line":4,"column":6},"end":{"line":4,"column":28}},"type":"binary-expr","locations":[{"start":{"line":4,"column":6},"end":{"line":4,"column":12}},{"start":{"line":4,"column":16},"end":{"line":4,"column":28}}],"line":4},"2":{"loc":{"start":{"line":9,"column":2},"end":{"line":11,"column":3}},"type":"if","locations":[{"start":{"line":9,"column":2},"end":{"line":11,"column":3}},{"start":{},"end":{}}],"line":9},"3":{"loc":{"start":{"line":17,"column":2},"end":{"line":22,"column":3}},"type":"if","locations":[{"start":{"line":17,"column":2},"end":{"line":22,"column":3}},{"start":{},"end":{}}],"line":17},"4":{"loc":{"start":{"line":29,"column":2},"end":{"line":29,"column":29}},"type":"if","locations":[{"start":{"line":29,"column":2},"end":{"line":29,"column":29}},{"start":{},"end":{}}],"line":29},"5":{"loc":{"start":{"line":36,"column":2},"end":{"line":36,"column":30}},"type":"if","locations":[{"start":{"line":36,"column":2},"end":{"line":36,"column":30}},{"start":{},"end":{}}],"line":36},"6":{"loc":{"start":{"line":56,"column":2},"end":{"line":56,"column":56}},"type":"if","locations":[{"start":{"line":56,"column":2},"end":{"line":56,"column":56}},{"start":{},"end":{}}],"line":56},"7":{"loc":{"start":{"line":56,"column":6},"end":{"line":56,"column":41}},"type":"binary-expr","locations":[{"start":{"line":56,"column":6},"end":{"line":56,"column":12}},{"start":{"line":56,"column":16},"end":{"line":56,"column":41}}],"line":56},"8":{"loc":{"start":{"line":60,"column":2},"end":{"line":60,"column":31}},"type":"if","locations":[{"start":{"line":60,"column":2},"end":{"line":60,"column":31}},{"start":{},"end":{}}],"line":60},"9":{"loc":{"start":{"line":69,"column":2},"end":{"line":71,"column":3}},"type":"if","locations":[{"start":{"line":69,"column":2},"end":{"line":71,"column":3}},{"start":{},"end":{}}],"line":69},"10":{"loc":{"start":{"line":70,"column":4},"end":{"line":70,"column":63}},"type":"if","locations":[{"start":{"line":70,"column":4},"end":{"line":70,"column":63}},{"start":{},"end":{}}],"line":70},"11":{"loc":{"start":{"line":70,"column":8},"end":{"line":70,"column":48}},"type":"binary-expr","locations":[{"start":{"line":70,"column":8},"end":{"line":70,"column":26}},{"start":{"line":70,"column":30},"end":{"line":70,"column":48}}],"line":70},"12":{"loc":{"start":{"line":74,"column":9},"end":{"line":74,"column":53}},"type":"binary-expr","locations":[{"start":{"line":74,"column":9},"end":{"line":74,"column":29}},{"start":{"line":74,"column":33},"end":{"line":74,"column":53}}],"line":74},"13":{"loc":{"start":{"line":81,"column":2},"end":{"line":81,"column":56}},"type":"if","locations":[{"start":{"line":81,"column":2},"end":{"line":81,"column":56}},{"start":{},"end":{}}],"line":81},"14":{"loc":{"start":{"line":81,"column":6},"end":{"line":81,"column":41}},"type":"binary-expr","locations":[{"start":{"line":81,"column":6},"end":{"line":81,"column":12}},{"start":{"line":81,"column":16},"end":{"line":81,"column":41}}],"line":81},"15":{"loc":{"start":{"line":86,"column":2},"end":{"line":86,"column":46}},"type":"if","locations":[{"start":{"line":86,"column":2},"end":{"line":86,"column":46}},{"start":{},"end":{}}],"line":86},"16":{"loc":{"start":{"line":90,"column":2},"end":{"line":90,"column":42}},"type":"if","locations":[{"start":{"line":90,"column":2},"end":{"line":90,"column":42}},{"start":{},"end":{}}],"line":90},"17":{"loc":{"start":{"line":100,"column":2},"end":{"line":100,"column":62}},"type":"if","locations":[{"start":{"line":100,"column":2},"end":{"line":100,"column":62}},{"start":{},"end":{}}],"line":100},"18":{"loc":{"start":{"line":100,"column":6},"end":{"line":100,"column":47}},"type":"binary-expr","locations":[{"start":{"line":100,"column":6},"end":{"line":100,"column":15}},{"start":{"line":100,"column":19},"end":{"line":100,"column":47}}],"line":100},"19":{"loc":{"start":{"line":101,"column":2},"end":{"line":101,"column":65}},"type":"if","locations":[{"start":{"line":101,"column":2},"end":{"line":101,"column":65}},{"start":{},"end":{}}],"line":101},"20":{"loc":{"start":{"line":101,"column":6},"end":{"line":101,"column":50}},"type":"binary-expr","locations":[{"start":{"line":101,"column":6},"end":{"line":101,"column":25}},{"start":{"line":101,"column":29},"end":{"line":101,"column":50}}],"line":101},"21":{"loc":{"start":{"line":109,"column":9},"end":{"line":109,"column":55}},"type":"binary-expr","locations":[{"start":{"line":109,"column":9},"end":{"line":109,"column":17}},{"start":{"line":109,"column":21},"end":{"line":109,"column":29}},{"start":{"line":109,"column":33},"end":{"line":109,"column":41}},{"start":{"line":109,"column":45},"end":{"line":109,"column":55}}],"line":109},"22":{"loc":{"start":{"line":116,"column":2},"end":{"line":116,"column":60}},"type":"if","locations":[{"start":{"line":116,"column":2},"end":{"line":116,"column":60}},{"start":{},"end":{}}],"line":116},"23":{"loc":{"start":{"line":116,"column":6},"end":{"line":116,"column":41}},"type":"binary-expr","locations":[{"start":{"line":116,"column":6},"end":{"line":116,"column":12}},{"start":{"line":116,"column":16},"end":{"line":116,"column":41}}],"line":116},"24":{"loc":{"start":{"line":122,"column":2},"end":{"line":124,"column":3}},"type":"if","locations":[{"start":{"line":122,"column":2},"end":{"line":124,"column":3}},{"start":{},"end":{}}],"line":122},"25":{"loc":{"start":{"line":122,"column":6},"end":{"line":122,"column":53}},"type":"binary-expr","locations":[{"start":{"line":122,"column":6},"end":{"line":122,"column":30}},{"start":{"line":122,"column":34},"end":{"line":122,"column":53}}],"line":122},"26":{"loc":{"start":{"line":128,"column":2},"end":{"line":130,"column":3}},"type":"if","locations":[{"start":{"line":128,"column":2},"end":{"line":130,"column":3}},{"start":{},"end":{}}],"line":128},"27":{"loc":{"start":{"line":133,"column":2},"end":{"line":135,"column":3}},"type":"if","locations":[{"start":{"line":133,"column":2},"end":{"line":135,"column":3}},{"start":{},"end":{}}],"line":133},"28":{"loc":{"start":{"line":133,"column":6},"end":{"line":133,"column":61}},"type":"binary-expr","locations":[{"start":{"line":133,"column":6},"end":{"line":133,"column":33}},{"start":{"line":133,"column":37},"end":{"line":133,"column":61}}],"line":133},"29":{"loc":{"start":{"line":138,"column":2},"end":{"line":140,"column":3}},"type":"if","locations":[{"start":{"line":138,"column":2},"end":{"line":140,"column":3}},{"start":{},"end":{}}],"line":138},"30":{"loc":{"start":{"line":143,"column":2},"end":{"line":146,"column":3}},"type":"if","locations":[{"start":{"line":143,"column":2},"end":{"line":146,"column":3}},{"start":{},"end":{}}],"line":143},"31":{"loc":{"start":{"line":143,"column":6},"end":{"line":143,"column":97}},"type":"binary-expr","locations":[{"start":{"line":143,"column":7},"end":{"line":143,"column":33}},{"start":{"line":143,"column":37},"end":{"line":143,"column":63}},{"start":{"line":143,"column":68},"end":{"line":143,"column":97}}],"line":143},"32":{"loc":{"start":{"line":149,"column":2},"end":{"line":151,"column":3}},"type":"if","locations":[{"start":{"line":149,"column":2},"end":{"line":151,"column":3}},{"start":{},"end":{}}],"line":149}},"s":{"0":1,"1":0,"2":0,"3":0,"4":0,"5":0,"6":0,"7":0,"8":0,"9":0,"10":1,"11":0,"12":0,"13":0,"14":0,"15":0,"16":1,"17":0,"18":0,"19":0,"20":0,"21":0,"22":1,"23":0,"24":0,"25":1,"26":24,"27":3,"28":21,"29":21,"30":2,"31":19,"32":19,"33":19,"34":12,"35":1,"36":18,"37":1,"38":30,"39":3,"40":27,"41":27,"42":27,"43":10,"44":17,"45":17,"46":1,"47":16,"48":1,"49":32,"50":3,"51":29,"52":6,"53":23,"54":23,"55":23,"56":23,"57":23,"58":1,"59":9,"60":0,"61":9,"62":9,"63":9,"64":1,"65":8,"66":8,"67":1,"68":8,"69":0,"70":8,"71":6,"72":2,"73":2,"74":2,"75":0,"76":0,"77":0},"f":{"0":0,"1":0,"2":0,"3":0,"4":24,"5":30,"6":32,"7":9},"b":{"0":[0,0],"1":[0,0],"2":[0,0],"3":[0,0],"4":[0,0],"5":[0,0],"6":[3,21],"7":[24,21],"8":[2,19],"9":[12,7],"10":[1,11],"11":[12,2],"12":[18,15],"13":[3,27],"14":[30,27],"15":[10,17],"16":[1,16],"17":[3,29],"18":[32,29],"19":[6,23],"20":[29,24],"21":[23,20,19,18],"22":[0,9],"23":[9,9],"24":[1,8],"25":[9,8],"26":[1,7],"27":[0,8],"28":[8,0],"29":[6,2],"30":[2,0],"31":[2,2,2],"32":[0,0]},"_coverageSchema":"1a1c01bbd47fc00a2c39e90264f33305004495a9","hash":"f5403e678b3f476b445fc51691df640a99ca6aa1"}
}
