TN:
SF:src/__tests__/setup/emulator-seed.js
FN:180,seedEmulatorData
FN:292,clearEmulatorData
FNF:2
FNH:1
FNDA:10,seedEmulatorData
FNDA:0,clearEmulatorData
DA:8,10
DA:181,10
DA:183,10
DA:184,10
DA:186,10
DA:188,10
DA:189,10
DA:190,30
DA:191,30
DA:192,30
DA:193,30
DA:195,0
DA:196,0
DA:197,0
DA:199,0
DA:205,10
DA:206,10
DA:207,20
DA:208,20
DA:209,20
DA:210,20
DA:212,0
DA:213,0
DA:215,0
DA:221,10
DA:222,10
DA:223,30
DA:224,30
DA:225,30
DA:226,30
DA:228,0
DA:229,0
DA:231,0
DA:237,10
DA:238,10
DA:239,10
DA:240,10
DA:241,10
DA:242,10
DA:244,0
DA:245,0
DA:247,0
DA:253,10
DA:254,10
DA:255,30
DA:256,30
DA:263,30
DA:264,30
DA:266,0
DA:267,0
DA:269,0
DA:274,10
DA:275,0
DA:276,0
DA:278,10
DA:280,10
DA:282,0
DA:283,0
DA:284,0
DA:293,0
DA:295,0
DA:298,0
DA:300,0
LF:63
LH:38
BRDA:195,0,0,0
BRDA:195,0,1,0
BRDA:212,1,0,0
BRDA:212,1,1,0
BRDA:228,2,0,0
BRDA:228,2,1,0
BRDA:244,3,0,0
BRDA:244,3,1,0
BRDA:266,4,0,0
BRDA:266,4,1,0
BRDA:274,5,0,0
BRDA:274,5,1,10
BRF:12
BRH:1
end_of_record
TN:
SF:src/__tests__/setup/unitTestSetup.js
FN:10,(anonymous_0)
FN:20,(anonymous_1)
FNF:2
FNH:0
FNDA:0,(anonymous_0)
FNDA:0,(anonymous_1)
DA:7,0
DA:8,0
DA:10,0
DA:11,0
DA:15,0
DA:17,0
DA:20,0
DA:21,0
DA:25,0
DA:27,0
LF:10
LH:0
BRDA:11,0,0,0
BRDA:11,0,1,0
BRDA:12,1,0,0
BRDA:12,1,1,0
BRDA:21,2,0,0
BRDA:21,2,1,0
BRDA:22,3,0,0
BRDA:22,3,1,0
BRF:8
BRH:0
end_of_record
TN:
SF:src/components/ActionMenu.js
FN:14,(anonymous_0)
FN:17,(anonymous_1)
FN:33,(anonymous_2)
FN:43,(anonymous_3)
FN:49,(anonymous_4)
FN:55,(anonymous_5)
FN:75,(anonymous_6)
FNF:7
FNH:0
FNDA:0,(anonymous_0)
FNDA:0,(anonymous_1)
FNDA:0,(anonymous_2)
FNDA:0,(anonymous_3)
FNDA:0,(anonymous_4)
FNDA:0,(anonymous_5)
FNDA:0,(anonymous_6)
DA:12,0
DA:14,0
DA:15,0
DA:17,0
DA:18,0
DA:19,0
DA:25,0
DA:33,0
DA:34,0
DA:35,0
DA:38,0
DA:43,0
DA:49,0
DA:55,0
DA:59,0
DA:76,0
DA:95,0
LF:17
LH:0
BRDA:18,0,0,0
BRDA:18,0,1,0
BRF:2
BRH:0
end_of_record
TN:
SF:src/components/BookingModal.js
FN:16,(anonymous_0)
FN:22,(anonymous_1)
FN:31,(anonymous_2)
FN:81,(anonymous_3)
FNF:4
FNH:0
FNDA:0,(anonymous_0)
FNDA:0,(anonymous_1)
FNDA:0,(anonymous_2)
FNDA:0,(anonymous_3)
DA:16,0
DA:17,0
DA:18,0
DA:19,0
DA:20,0
DA:22,0
DA:23,0
DA:24,0
DA:26,0
DA:27,0
DA:31,0
DA:32,0
DA:33,0
DA:34,0
DA:37,0
DA:38,0
DA:39,0
DA:42,0
DA:49,0
DA:51,0
DA:81,0
DA:173,0
LF:22
LH:0
BRDA:16,0,0,0
BRDA:23,1,0,0
BRDA:23,1,1,0
BRDA:26,2,0,0
BRDA:26,2,1,0
BRDA:32,3,0,0
BRDA:32,3,1,0
BRDA:37,4,0,0
BRDA:37,4,1,0
BRDA:49,5,0,0
BRDA:49,5,1,0
BRDA:49,6,0,0
BRDA:49,6,1,0
BRDA:67,7,0,0
BRDA:67,7,1,0
BRDA:67,7,2,0
BRDA:68,8,0,0
BRDA:68,8,1,0
BRDA:88,9,0,0
BRDA:88,9,1,0
BRDA:92,10,0,0
BRDA:92,10,1,0
BRDA:157,11,0,0
BRDA:157,11,1,0
BRDA:161,12,0,0
BRDA:161,12,1,0
BRF:26
BRH:0
end_of_record
TN:
SF:src/components/OTPDisplay.js
FN:8,(anonymous_0)
FN:23,(anonymous_1)
FNF:2
FNH:0
FNDA:0,(anonymous_0)
FNDA:0,(anonymous_1)
DA:8,0
DA:9,0
DA:10,0
DA:14,0
DA:16,0
DA:24,0
DA:49,0
LF:7
LH:0
BRDA:8,0,0,0
BRDA:9,1,0,0
BRDA:9,1,1,0
BRDA:19,2,0,0
BRDA:19,2,1,0
BRDA:20,3,0,0
BRDA:20,3,1,0
BRDA:21,4,0,0
BRDA:21,4,1,0
BRDA:28,5,0,0
BRDA:28,5,1,0
BRDA:29,6,0,0
BRDA:29,6,1,0
BRDA:30,7,0,0
BRDA:30,7,1,0
BRDA:36,8,0,0
BRDA:36,8,1,0
BRDA:37,9,0,0
BRDA:37,9,1,0
BRDA:38,10,0,0
BRDA:38,10,1,0
BRF:21
BRH:0
end_of_record
TN:
SF:src/components/OTPInput.js
FN:9,(anonymous_0)
FN:9,(anonymous_1)
FN:14,(anonymous_2)
FN:26,(anonymous_3)
FN:57,(anonymous_4)
FN:73,(anonymous_5)
FN:88,(anonymous_6)
FN:91,(anonymous_7)
FN:96,(anonymous_8)
FN:97,(anonymous_9)
FN:105,(anonymous_10)
FNF:11
FNH:0
FNDA:0,(anonymous_0)
FNDA:0,(anonymous_1)
FNDA:0,(anonymous_2)
FNDA:0,(anonymous_3)
FNDA:0,(anonymous_4)
FNDA:0,(anonymous_5)
FNDA:0,(anonymous_6)
FNDA:0,(anonymous_7)
FNDA:0,(anonymous_8)
FNDA:0,(anonymous_9)
FNDA:0,(anonymous_10)
DA:9,0
DA:10,0
DA:11,0
DA:14,0
DA:15,0
DA:16,0
DA:17,0
DA:26,0
DA:28,0
DA:29,0
DA:33,0
DA:36,0
DA:37,0
DA:38,0
DA:41,0
DA:42,0
DA:45,0
DA:46,0
DA:50,0
DA:51,0
DA:52,0
DA:57,0
DA:59,0
DA:60,0
DA:62,0
DA:65,0
DA:66,0
DA:67,0
DA:68,0
DA:73,0
DA:75,0
DA:76,0
DA:77,0
DA:78,0
DA:79,0
DA:80,0
DA:81,0
DA:86,0
DA:89,0
DA:92,0
DA:96,0
DA:97,0
DA:107,0
DA:116,0
LF:44
LH:0
BRDA:9,0,0,0
BRDA:9,1,0,0
BRDA:9,2,0,0
BRDA:15,3,0,0
BRDA:15,3,1,0
BRDA:18,4,0,0
BRDA:18,4,1,0
BRDA:19,5,0,0
BRDA:19,5,1,0
BRDA:20,6,0,0
BRDA:20,6,1,0
BRDA:21,7,0,0
BRDA:21,7,1,0
BRDA:28,8,0,0
BRDA:28,8,1,0
BRDA:45,9,0,0
BRDA:45,9,1,0
BRDA:45,10,0,0
BRDA:45,10,1,0
BRDA:50,11,0,0
BRDA:50,11,1,0
BRDA:50,12,0,0
BRDA:50,12,1,0
BRDA:50,12,2,0
BRDA:51,13,0,0
BRDA:51,13,1,0
BRDA:59,14,0,0
BRDA:59,14,1,0
BRDA:60,15,0,0
BRDA:60,15,1,0
BRDA:60,16,0,0
BRDA:60,16,1,0
BRDA:76,17,0,0
BRDA:76,17,1,0
BRDA:80,18,0,0
BRDA:80,18,1,0
BRDA:107,19,0,0
BRDA:107,19,1,0
BRF:38
BRH:0
end_of_record
TN:
SF:src/components/PhoneVerificationModal.js
FN:26,(anonymous_0)
FN:40,(anonymous_1)
FN:46,(anonymous_2)
FN:49,(anonymous_3)
FN:58,(anonymous_4)
FN:61,(anonymous_5)
FN:78,(anonymous_6)
FN:95,(anonymous_7)
FN:101,(anonymous_8)
FN:103,(anonymous_9)
FN:106,(anonymous_10)
FN:151,(anonymous_11)
FN:164,(anonymous_12)
FN:174,(anonymous_13)
FN:178,(anonymous_14)
FN:224,(anonymous_15)
FN:292,(anonymous_16)
FNF:17
FNH:0
FNDA:0,(anonymous_0)
FNDA:0,(anonymous_1)
FNDA:0,(anonymous_2)
FNDA:0,(anonymous_3)
FNDA:0,(anonymous_4)
FNDA:0,(anonymous_5)
FNDA:0,(anonymous_6)
FNDA:0,(anonymous_7)
FNDA:0,(anonymous_8)
FNDA:0,(anonymous_9)
FNDA:0,(anonymous_10)
FNDA:0,(anonymous_11)
FNDA:0,(anonymous_12)
FNDA:0,(anonymous_13)
FNDA:0,(anonymous_14)
FNDA:0,(anonymous_15)
FNDA:0,(anonymous_16)
DA:26,0
DA:27,0
DA:40,0
DA:42,0
DA:43,0
DA:46,0
DA:47,0
DA:49,0
DA:50,0
DA:51,0
DA:53,0
DA:54,0
DA:58,0
DA:61,0
DA:62,0
DA:63,0
DA:64,0
DA:67,0
DA:70,0
DA:78,0
DA:79,0
DA:80,0
DA:83,0
DA:84,0
DA:87,0
DA:95,0
DA:96,0
DA:97,0
DA:101,0
DA:102,0
DA:103,0
DA:104,0
DA:106,0
DA:110,0
DA:111,0
DA:113,0
DA:151,0
DA:165,0
DA:175,0
DA:179,0
DA:180,0
DA:224,0
DA:293,0
DA:294,0
DA:310,0
LF:45
LH:0
BRDA:47,0,0,0
BRDA:47,0,1,0
BRDA:53,1,0,0
BRDA:53,1,1,0
BRDA:63,2,0,0
BRDA:63,2,1,0
BRDA:79,3,0,0
BRDA:79,3,1,0
BRDA:83,4,0,0
BRDA:83,4,1,0
BRDA:96,5,0,0
BRDA:96,5,1,0
BRDA:96,6,0,0
BRDA:96,6,1,0
BRDA:102,7,0,0
BRDA:102,7,1,0
BRDA:110,8,0,0
BRDA:110,8,1,0
BRDA:111,9,0,0
BRDA:111,9,1,0
BRDA:111,9,2,0
BRDA:116,10,0,0
BRDA:116,10,1,0
BRDA:134,11,0,0
BRDA:134,11,1,0
BRDA:143,12,0,0
BRDA:143,12,1,0
BRDA:172,13,0,0
BRDA:172,13,1,0
BRDA:194,14,0,0
BRDA:194,14,1,0
BRDA:198,15,0,0
BRDA:198,15,1,0
BRDA:200,16,0,0
BRDA:200,16,1,0
BRDA:202,17,0,0
BRDA:202,17,1,0
BRDA:225,18,0,0
BRDA:225,18,1,0
BRDA:234,19,0,0
BRDA:234,19,1,0
BRDA:238,20,0,0
BRDA:238,20,1,0
BRDA:238,21,0,0
BRDA:238,21,1,0
BRDA:243,22,0,0
BRDA:243,22,1,0
BRDA:243,22,2,0
BRDA:249,23,0,0
BRDA:249,23,1,0
BRDA:256,24,0,0
BRDA:256,24,1,0
BRDA:259,25,0,0
BRDA:259,25,1,0
BRDA:265,26,0,0
BRDA:265,26,1,0
BRDA:265,26,2,0
BRDA:265,26,3,0
BRDA:265,26,4,0
BRDA:269,27,0,0
BRDA:269,27,1,0
BRDA:269,27,2,0
BRDA:269,27,3,0
BRDA:271,28,0,0
BRDA:271,28,1,0
BRDA:279,29,0,0
BRDA:279,29,1,0
BRDA:279,29,2,0
BRF:68
BRH:0
end_of_record
TN:
SF:src/config/firebase-emulator.js
FN:11,initializeEmulators
FN:57,connectEmulators
FNF:2
FNH:0
FNDA:0,initializeEmulators
FNDA:0,connectEmulators
DA:12,0
DA:14,0
DA:15,0
DA:16,0
DA:19,0
DA:21,0
DA:23,0
DA:24,0
DA:27,0
DA:29,0
DA:33,0
DA:34,0
DA:35,0
DA:37,0
DA:41,0
DA:42,0
DA:43,0
DA:45,0
DA:49,0
DA:58,0
DA:59,0
DA:60,0
DA:63,0
DA:64,0
DA:65,0
DA:69,0
DA:70,0
LF:27
LH:0
BRDA:14,0,0,0
BRDA:14,0,1,0
BRDA:21,1,0,0
BRDA:21,1,1,0
BRDA:59,2,0,0
BRDA:59,2,1,0
BRDA:69,3,0,0
BRDA:69,3,1,0
BRF:8
BRH:0
end_of_record
TN:
SF:src/config/firebase.js
FNF:0
FNH:0
DA:8,0
DA:18,0
DA:19,0
DA:23,0
DA:26,0
DA:31,0
DA:34,0
LF:7
LH:0
BRDA:18,0,0,0
BRDA:18,0,1,0
BRF:2
BRH:0
end_of_record
TN:
SF:src/constants/countryCodes.js
FN:19,(anonymous_0)
FN:20,(anonymous_1)
FN:23,(anonymous_2)
FN:24,(anonymous_3)
FNF:4
FNH:0
FNDA:0,(anonymous_0)
FNDA:0,(anonymous_1)
FNDA:0,(anonymous_2)
FNDA:0,(anonymous_3)
DA:1,1
DA:19,1
DA:20,0
DA:23,1
DA:24,0
LF:5
LH:3
BRF:0
BRH:0
end_of_record
TN:
SF:src/context/AuthContext.js
FN:12,(anonymous_0)
FN:16,(anonymous_1)
FN:54,(anonymous_2)
FN:80,(anonymous_3)
FNF:4
FNH:0
FNDA:0,(anonymous_0)
FNDA:0,(anonymous_1)
FNDA:0,(anonymous_2)
FNDA:0,(anonymous_3)
DA:10,0
DA:12,0
DA:13,0
DA:14,0
DA:16,0
DA:17,0
DA:18,0
DA:19,0
DA:22,0
DA:24,0
DA:25,0
DA:26,0
DA:31,0
DA:34,0
DA:40,0
DA:45,0
DA:48,0
DA:50,0
DA:54,0
DA:55,0
DA:56,0
DA:58,0
DA:61,0
DA:67,0
DA:72,0
DA:74,0
DA:76,0
DA:80,0
DA:81,0
DA:82,0
DA:83,0
DA:84,0
DA:85,0
DA:87,0
DA:89,0
DA:93,0
LF:36
LH:0
BRDA:24,0,0,0
BRDA:24,0,1,0
BRF:2
BRH:0
end_of_record
TN:
SF:src/navigation/RootNavigator.js
FN:29,(anonymous_0)
FN:30,(anonymous_1)
FN:55,(anonymous_2)
FN:67,(anonymous_3)
FN:167,(anonymous_4)
FN:175,(anonymous_5)
FN:183,(anonymous_6)
FN:191,(anonymous_7)
FNF:8
FNH:0
FNDA:0,(anonymous_0)
FNDA:0,(anonymous_1)
FNDA:0,(anonymous_2)
FNDA:0,(anonymous_3)
FNDA:0,(anonymous_4)
FNDA:0,(anonymous_5)
FNDA:0,(anonymous_6)
FNDA:0,(anonymous_7)
DA:27,0
DA:29,0
DA:30,0
DA:31,0
DA:33,0
DA:55,0
DA:67,0
DA:167,0
DA:175,0
DA:183,0
DA:191,0
LF:11
LH:0
BRDA:45,0,0,0
BRDA:45,0,1,0
BRDA:48,1,0,0
BRDA:48,1,1,0
BRF:4
BRH:0
end_of_record
TN:
SF:src/redux/authSlice.js
FN:11,(anonymous_0)
FN:21,(anonymous_1)
FN:61,(anonymous_2)
FN:104,(anonymous_3)
FN:138,(anonymous_4)
FN:150,(anonymous_5)
FN:167,(anonymous_6)
FN:203,(anonymous_7)
FN:207,(anonymous_8)
FN:210,(anonymous_9)
FN:214,(anonymous_10)
FN:219,(anonymous_11)
FN:226,(anonymous_12)
FN:230,(anonymous_13)
FN:235,(anonymous_14)
FN:242,(anonymous_15)
FN:246,(anonymous_16)
FN:251,(anonymous_17)
FN:258,(anonymous_18)
FN:262,(anonymous_19)
FN:267,(anonymous_20)
FN:274,(anonymous_21)
FN:278,(anonymous_22)
FN:286,(anonymous_23)
FN:293,(anonymous_24)
FN:297,(anonymous_25)
FN:304,(anonymous_26)
FNF:27
FNH:0
FNDA:0,(anonymous_0)
FNDA:0,(anonymous_1)
FNDA:0,(anonymous_2)
FNDA:0,(anonymous_3)
FNDA:0,(anonymous_4)
FNDA:0,(anonymous_5)
FNDA:0,(anonymous_6)
FNDA:0,(anonymous_7)
FNDA:0,(anonymous_8)
FNDA:0,(anonymous_9)
FNDA:0,(anonymous_10)
FNDA:0,(anonymous_11)
FNDA:0,(anonymous_12)
FNDA:0,(anonymous_13)
FNDA:0,(anonymous_14)
FNDA:0,(anonymous_15)
FNDA:0,(anonymous_16)
FNDA:0,(anonymous_17)
FNDA:0,(anonymous_18)
FNDA:0,(anonymous_19)
FNDA:0,(anonymous_20)
FNDA:0,(anonymous_21)
FNDA:0,(anonymous_22)
FNDA:0,(anonymous_23)
FNDA:0,(anonymous_24)
FNDA:0,(anonymous_25)
FNDA:0,(anonymous_26)
DA:11,0
DA:12,0
DA:13,0
DA:19,0
DA:22,0
DA:23,0
DA:25,0
DA:40,0
DA:54,0
DA:59,0
DA:62,0
DA:63,0
DA:65,0
DA:67,0
DA:68,0
DA:69,0
DA:78,0
DA:79,0
DA:80,0
DA:88,0
DA:97,0
DA:102,0
DA:105,0
DA:107,0
DA:108,0
DA:111,0
DA:112,0
DA:114,0
DA:115,0
DA:116,0
DA:127,0
DA:130,0
DA:131,0
DA:136,0
DA:139,0
DA:140,0
DA:141,0
DA:143,0
DA:148,0
DA:151,0
DA:152,0
DA:153,0
DA:154,0
DA:156,0
DA:158,0
DA:160,0
DA:165,0
DA:168,0
DA:169,0
DA:178,0
DA:181,0
DA:188,0
DA:193,0
DA:199,0
DA:204,0
DA:209,0
DA:211,0
DA:212,0
DA:215,0
DA:216,0
DA:217,0
DA:220,0
DA:221,0
DA:225,0
DA:227,0
DA:228,0
DA:231,0
DA:232,0
DA:233,0
DA:236,0
DA:237,0
DA:241,0
DA:243,0
DA:244,0
DA:247,0
DA:248,0
DA:249,0
DA:252,0
DA:253,0
DA:257,0
DA:259,0
DA:260,0
DA:263,0
DA:264,0
DA:265,0
DA:268,0
DA:269,0
DA:273,0
DA:275,0
DA:276,0
DA:279,0
DA:280,0
DA:281,0
DA:282,0
DA:284,0
DA:287,0
DA:288,0
DA:292,0
DA:294,0
DA:295,0
DA:298,0
DA:299,0
DA:300,0
DA:302,0
DA:305,0
DA:306,0
DA:311,0
LF:107
LH:0
BRDA:12,0,0,0
BRDA:12,0,1,0
BRDA:15,1,0,0
BRDA:15,1,1,0
BRDA:15,2,0,0
BRDA:15,2,1,0
BRDA:15,3,0,0
BRDA:15,3,1,0
BRDA:21,4,0,0
BRDA:21,5,0,0
BRDA:29,6,0,0
BRDA:29,6,1,0
BRDA:30,7,0,0
BRDA:30,7,1,0
BRDA:31,8,0,0
BRDA:31,8,1,0
BRDA:46,9,0,0
BRDA:46,9,1,0
BRDA:67,10,0,0
BRDA:67,10,1,0
BRDA:72,11,0,0
BRDA:72,11,1,0
BRDA:73,12,0,0
BRDA:73,12,1,0
BRDA:74,13,0,0
BRDA:74,13,1,0
BRDA:107,14,0,0
BRDA:107,14,1,0
BRDA:107,15,0,0
BRDA:107,15,1,0
BRDA:114,16,0,0
BRDA:114,16,1,0
BRDA:118,17,0,0
BRDA:118,17,1,0
BRDA:119,18,0,0
BRDA:119,18,1,0
BRDA:120,19,0,0
BRDA:120,19,1,0
BRDA:121,20,0,0
BRDA:121,20,1,0
BRDA:123,21,0,0
BRDA:123,21,1,0
BRDA:131,22,0,0
BRDA:131,22,1,0
BRDA:153,23,0,0
BRDA:153,23,1,0
BRDA:154,24,0,0
BRDA:154,24,1,0
BRDA:280,25,0,0
BRDA:280,25,1,0
BRDA:281,26,0,0
BRDA:281,26,1,0
BRDA:282,27,0,0
BRDA:282,27,1,0
BRDA:299,28,0,0
BRDA:299,28,1,0
BRF:56
BRH:0
end_of_record
TN:
SF:src/redux/bookingSlice.js
FN:15,(anonymous_0)
FN:58,(anonymous_1)
FN:64,(anonymous_2)
FN:82,(anonymous_3)
FN:104,(anonymous_4)
FN:128,(anonymous_5)
FN:131,(anonymous_6)
FN:135,(anonymous_7)
FN:138,(anonymous_8)
FN:142,(anonymous_9)
FN:147,(anonymous_10)
FN:154,(anonymous_11)
FN:158,(anonymous_12)
FN:162,(anonymous_13)
FN:169,(anonymous_14)
FN:173,(anonymous_15)
FN:175,(anonymous_16)
FN:183,(anonymous_17)
FN:190,(anonymous_18)
FN:194,(anonymous_19)
FN:196,(anonymous_20)
FN:204,(anonymous_21)
FNF:22
FNH:0
FNDA:0,(anonymous_0)
FNDA:0,(anonymous_1)
FNDA:0,(anonymous_2)
FNDA:0,(anonymous_3)
FNDA:0,(anonymous_4)
FNDA:0,(anonymous_5)
FNDA:0,(anonymous_6)
FNDA:0,(anonymous_7)
FNDA:0,(anonymous_8)
FNDA:0,(anonymous_9)
FNDA:0,(anonymous_10)
FNDA:0,(anonymous_11)
FNDA:0,(anonymous_12)
FNDA:0,(anonymous_13)
FNDA:0,(anonymous_14)
FNDA:0,(anonymous_15)
FNDA:0,(anonymous_16)
FNDA:0,(anonymous_17)
FNDA:0,(anonymous_18)
FNDA:0,(anonymous_19)
FNDA:0,(anonymous_20)
FNDA:0,(anonymous_21)
DA:13,0
DA:16,0
DA:17,0
DA:18,0
DA:33,0
DA:49,0
DA:50,0
DA:56,0
DA:59,0
DA:60,0
DA:61,0
DA:63,0
DA:64,0
DA:65,0
DA:71,0
DA:73,0
DA:74,0
DA:80,0
DA:83,0
DA:84,0
DA:85,0
DA:87,0
DA:88,0
DA:91,0
DA:93,0
DA:95,0
DA:96,0
DA:102,0
DA:105,0
DA:106,0
DA:107,0
DA:109,0
DA:111,0
DA:112,0
DA:117,0
DA:124,0
DA:129,0
DA:132,0
DA:137,0
DA:139,0
DA:140,0
DA:143,0
DA:144,0
DA:145,0
DA:148,0
DA:149,0
DA:153,0
DA:155,0
DA:156,0
DA:159,0
DA:160,0
DA:163,0
DA:164,0
DA:168,0
DA:170,0
DA:171,0
DA:174,0
DA:175,0
DA:176,0
DA:177,0
DA:179,0
DA:180,0
DA:184,0
DA:185,0
DA:189,0
DA:191,0
DA:192,0
DA:195,0
DA:196,0
DA:197,0
DA:198,0
DA:200,0
DA:201,0
DA:205,0
DA:206,0
DA:211,0
LF:76
LH:0
BRDA:20,0,0,0
BRDA:20,0,1,0
BRDA:37,1,0,0
BRDA:37,1,1,0
BRDA:87,2,0,0
BRDA:87,2,1,0
BRDA:176,3,0,0
BRDA:176,3,1,0
BRDA:179,4,0,0
BRDA:179,4,1,0
BRDA:197,5,0,0
BRDA:197,5,1,0
BRDA:200,6,0,0
BRDA:200,6,1,0
BRF:14
BRH:0
end_of_record
TN:
SF:src/redux/callSlice.js
FN:8,(anonymous_0)
FN:40,(anonymous_1)
FN:57,(anonymous_2)
FN:74,(anonymous_3)
FN:91,(anonymous_4)
FN:98,(anonymous_5)
FN:103,(anonymous_6)
FN:124,(anonymous_7)
FN:127,(anonymous_8)
FN:130,(anonymous_9)
FN:133,(anonymous_10)
FN:136,(anonymous_11)
FN:140,(anonymous_12)
FN:143,(anonymous_13)
FN:147,(anonymous_14)
FN:152,(anonymous_15)
FN:159,(anonymous_16)
FN:168,(anonymous_17)
FN:171,(anonymous_18)
FN:177,(anonymous_19)
FN:181,(anonymous_20)
FN:187,(anonymous_21)
FN:190,(anonymous_22)
FN:194,(anonymous_23)
FNF:24
FNH:0
FNDA:0,(anonymous_0)
FNDA:0,(anonymous_1)
FNDA:0,(anonymous_2)
FNDA:0,(anonymous_3)
FNDA:0,(anonymous_4)
FNDA:0,(anonymous_5)
FNDA:0,(anonymous_6)
FNDA:0,(anonymous_7)
FNDA:0,(anonymous_8)
FNDA:0,(anonymous_9)
FNDA:0,(anonymous_10)
FNDA:0,(anonymous_11)
FNDA:0,(anonymous_12)
FNDA:0,(anonymous_13)
FNDA:0,(anonymous_14)
FNDA:0,(anonymous_15)
FNDA:0,(anonymous_16)
FNDA:0,(anonymous_17)
FNDA:0,(anonymous_18)
FNDA:0,(anonymous_19)
FNDA:0,(anonymous_20)
FNDA:0,(anonymous_21)
FNDA:0,(anonymous_22)
FNDA:0,(anonymous_23)
DA:6,0
DA:9,0
DA:10,0
DA:11,0
DA:21,0
DA:32,0
DA:38,0
DA:41,0
DA:42,0
DA:43,0
DA:47,0
DA:49,0
DA:55,0
DA:58,0
DA:59,0
DA:60,0
DA:64,0
DA:66,0
DA:72,0
DA:75,0
DA:76,0
DA:77,0
DA:81,0
DA:83,0
DA:89,0
DA:92,0
DA:93,0
DA:94,0
DA:95,0
DA:97,0
DA:98,0
DA:103,0
DA:105,0
DA:107,0
DA:112,0
DA:120,0
DA:125,0
DA:128,0
DA:131,0
DA:134,0
DA:137,0
DA:142,0
DA:144,0
DA:145,0
DA:148,0
DA:149,0
DA:150,0
DA:153,0
DA:154,0
DA:158,0
DA:160,0
DA:161,0
DA:163,0
DA:167,0
DA:169,0
DA:170,0
DA:171,0
DA:176,0
DA:178,0
DA:179,0
DA:180,0
DA:181,0
DA:186,0
DA:188,0
DA:191,0
DA:192,0
DA:195,0
DA:196,0
DA:207,0
LF:69
LH:0
BRDA:101,0,0,0
BRDA:101,0,1,0
BRDA:160,1,0,0
BRDA:160,1,1,0
BRDA:160,2,0,0
BRDA:160,2,1,0
BRF:6
BRH:0
end_of_record
TN:
SF:src/redux/messageSlice.js
FN:9,(anonymous_0)
FN:31,(anonymous_1)
FN:46,(anonymous_2)
FN:74,(anonymous_3)
FN:138,(anonymous_4)
FN:203,(anonymous_5)
FN:206,(anonymous_6)
FN:209,(anonymous_7)
FN:212,(anonymous_8)
FN:215,(anonymous_9)
FN:219,(anonymous_10)
FN:222,(anonymous_11)
FN:226,(anonymous_12)
FN:230,(anonymous_13)
FN:237,(anonymous_14)
FN:241,(anonymous_15)
FN:245,(anonymous_16)
FN:252,(anonymous_17)
FN:255,(anonymous_18)
FN:259,(anonymous_19)
FN:265,(anonymous_20)
FN:269,(anonymous_21)
FN:273,(anonymous_22)
FN:278,(anonymous_23)
FNF:24
FNH:0
FNDA:0,(anonymous_0)
FNDA:0,(anonymous_1)
FNDA:0,(anonymous_2)
FNDA:0,(anonymous_3)
FNDA:0,(anonymous_4)
FNDA:0,(anonymous_5)
FNDA:0,(anonymous_6)
FNDA:0,(anonymous_7)
FNDA:0,(anonymous_8)
FNDA:0,(anonymous_9)
FNDA:0,(anonymous_10)
FNDA:0,(anonymous_11)
FNDA:0,(anonymous_12)
FNDA:0,(anonymous_13)
FNDA:0,(anonymous_14)
FNDA:0,(anonymous_15)
FNDA:0,(anonymous_16)
FNDA:0,(anonymous_17)
FNDA:0,(anonymous_18)
FNDA:0,(anonymous_19)
FNDA:0,(anonymous_20)
FNDA:0,(anonymous_21)
FNDA:0,(anonymous_22)
FNDA:0,(anonymous_23)
DA:7,0
DA:10,0
DA:11,0
DA:13,0
DA:17,0
DA:19,0
DA:20,0
DA:21,0
DA:22,0
DA:31,0
DA:32,0
DA:35,0
DA:37,0
DA:38,0
DA:44,0
DA:47,0
DA:48,0
DA:49,0
DA:50,0
DA:52,0
DA:53,0
DA:54,0
DA:55,0
DA:64,0
DA:66,0
DA:72,0
DA:75,0
DA:76,0
DA:77,0
DA:78,0
DA:81,0
DA:84,0
DA:85,0
DA:86,0
DA:87,0
DA:88,0
DA:89,0
DA:90,0
DA:92,0
DA:93,0
DA:95,0
DA:96,0
DA:100,0
DA:101,0
DA:107,0
DA:108,0
DA:110,0
DA:113,0
DA:114,0
DA:115,0
DA:120,0
DA:129,0
DA:130,0
DA:136,0
DA:139,0
DA:141,0
DA:142,0
DA:146,0
DA:148,0
DA:149,0
DA:150,0
DA:152,0
DA:162,0
DA:173,0
DA:185,0
DA:186,0
DA:191,0
DA:199,0
DA:204,0
DA:207,0
DA:210,0
DA:213,0
DA:216,0
DA:221,0
DA:223,0
DA:224,0
DA:227,0
DA:228,0
DA:231,0
DA:232,0
DA:236,0
DA:238,0
DA:239,0
DA:242,0
DA:243,0
DA:246,0
DA:247,0
DA:251,0
DA:253,0
DA:257,0
DA:260,0
DA:264,0
DA:266,0
DA:267,0
DA:270,0
DA:271,0
DA:273,0
DA:274,0
DA:275,0
DA:279,0
DA:280,0
DA:285,0
LF:102
LH:0
BRDA:25,0,0,0
BRDA:25,0,1,0
BRDA:26,1,0,0
BRDA:26,1,1,0
BRDA:58,2,0,0
BRDA:58,2,1,0
BRDA:59,3,0,0
BRDA:59,3,1,0
BRDA:60,4,0,0
BRDA:60,4,1,0
BRDA:76,5,0,0
BRDA:76,5,1,0
BRDA:76,6,0,0
BRDA:76,6,1,0
BRDA:76,6,2,0
BRDA:76,6,3,0
BRDA:84,7,0,0
BRDA:84,7,1,0
BRDA:107,8,0,0
BRDA:107,8,1,0
BRDA:108,9,0,0
BRDA:108,9,1,0
BRDA:114,10,0,0
BRDA:114,10,1,0
BRDA:114,11,0,0
BRDA:114,11,1,0
BRDA:124,12,0,0
BRDA:124,12,1,0
BRDA:125,13,0,0
BRDA:125,13,1,0
BRDA:130,14,0,0
BRDA:130,14,1,0
BRDA:150,15,0,0
BRDA:150,15,1,0
BRDA:155,16,0,0
BRDA:155,16,1,0
BRDA:156,17,0,0
BRDA:156,17,1,0
BRDA:186,18,0,0
BRDA:186,18,1,0
BRDA:274,19,0,0
BRDA:274,19,1,0
BRF:42
BRH:0
end_of_record
TN:
SF:src/redux/phoneAuthSlice.js
FN:8,(anonymous_0)
FN:32,(anonymous_1)
FN:57,(anonymous_2)
FN:96,(anonymous_3)
FN:99,(anonymous_4)
FN:102,(anonymous_5)
FN:105,(anonymous_6)
FN:108,(anonymous_7)
FN:111,(anonymous_8)
FN:114,(anonymous_9)
FN:117,(anonymous_10)
FN:121,(anonymous_11)
FN:124,(anonymous_12)
FN:129,(anonymous_13)
FN:140,(anonymous_14)
FN:148,(anonymous_15)
FN:152,(anonymous_16)
FN:159,(anonymous_17)
FN:167,(anonymous_18)
FN:171,(anonymous_19)
FN:177,(anonymous_20)
FNF:21
FNH:0
FNDA:0,(anonymous_0)
FNDA:0,(anonymous_1)
FNDA:0,(anonymous_2)
FNDA:0,(anonymous_3)
FNDA:0,(anonymous_4)
FNDA:0,(anonymous_5)
FNDA:0,(anonymous_6)
FNDA:0,(anonymous_7)
FNDA:0,(anonymous_8)
FNDA:0,(anonymous_9)
FNDA:0,(anonymous_10)
FNDA:0,(anonymous_11)
FNDA:0,(anonymous_12)
FNDA:0,(anonymous_13)
FNDA:0,(anonymous_14)
FNDA:0,(anonymous_15)
FNDA:0,(anonymous_16)
FNDA:0,(anonymous_17)
FNDA:0,(anonymous_18)
FNDA:0,(anonymous_19)
FNDA:0,(anonymous_20)
DA:6,0
DA:9,0
DA:10,0
DA:12,0
DA:14,0
DA:15,0
DA:18,0
DA:24,0
DA:25,0
DA:30,0
DA:33,0
DA:34,0
DA:35,0
DA:38,0
DA:40,0
DA:41,0
DA:44,0
DA:49,0
DA:50,0
DA:55,0
DA:58,0
DA:59,0
DA:61,0
DA:62,0
DA:65,0
DA:71,0
DA:72,0
DA:78,0
DA:92,0
DA:97,0
DA:100,0
DA:103,0
DA:106,0
DA:109,0
DA:112,0
DA:115,0
DA:118,0
DA:123,0
DA:125,0
DA:126,0
DA:127,0
DA:130,0
DA:131,0
DA:132,0
DA:133,0
DA:134,0
DA:135,0
DA:136,0
DA:138,0
DA:141,0
DA:142,0
DA:143,0
DA:147,0
DA:149,0
DA:150,0
DA:153,0
DA:154,0
DA:155,0
DA:156,0
DA:157,0
DA:160,0
DA:161,0
DA:162,0
DA:166,0
DA:168,0
DA:169,0
DA:172,0
DA:173,0
DA:174,0
DA:175,0
DA:178,0
DA:179,0
DA:193,0
LF:73
LH:0
BRDA:14,0,0,0
BRDA:14,0,1,0
BRDA:15,1,0,0
BRDA:15,1,1,0
BRDA:34,2,0,0
BRDA:34,2,1,0
BRDA:34,3,0,0
BRDA:34,3,1,0
BRDA:40,4,0,0
BRDA:40,4,1,0
BRDA:41,5,0,0
BRDA:41,5,1,0
BRDA:61,6,0,0
BRDA:61,6,1,0
BRDA:62,7,0,0
BRDA:62,7,1,0
BRF:16
BRH:0
end_of_record
TN:
SF:src/redux/serviceCompletionSlice.js
FN:16,(anonymous_0)
FN:84,(anonymous_1)
FN:170,(anonymous_2)
FN:219,(anonymous_3)
FN:267,(anonymous_4)
FN:270,(anonymous_5)
FN:273,(anonymous_6)
FN:277,(anonymous_7)
FN:289,(anonymous_8)
FN:296,(anonymous_9)
FN:299,(anonymous_10)
FN:304,(anonymous_11)
FN:326,(anonymous_12)
FN:334,(anonymous_13)
FN:338,(anonymous_14)
FN:346,(anonymous_15)
FN:354,(anonymous_16)
FN:358,(anonymous_17)
FN:370,(anonymous_18)
FN:377,(anonymous_19)
FN:380,(anonymous_20)
FN:384,(anonymous_21)
FN:394,(anonymous_22)
FN:395,(anonymous_23)
FN:396,(anonymous_24)
FN:397,(anonymous_25)
FN:398,(anonymous_26)
FN:399,(anonymous_27)
FN:400,(anonymous_28)
FN:401,(anonymous_29)
FN:402,(anonymous_30)
FN:403,(anonymous_31)
FNF:32
FNH:10
FNDA:0,(anonymous_0)
FNDA:0,(anonymous_1)
FNDA:0,(anonymous_2)
FNDA:0,(anonymous_3)
FNDA:1,(anonymous_4)
FNDA:1,(anonymous_5)
FNDA:1,(anonymous_6)
FNDA:4,(anonymous_7)
FNDA:3,(anonymous_8)
FNDA:1,(anonymous_9)
FNDA:0,(anonymous_10)
FNDA:0,(anonymous_11)
FNDA:0,(anonymous_12)
FNDA:0,(anonymous_13)
FNDA:0,(anonymous_14)
FNDA:0,(anonymous_15)
FNDA:0,(anonymous_16)
FNDA:0,(anonymous_17)
FNDA:0,(anonymous_18)
FNDA:0,(anonymous_19)
FNDA:0,(anonymous_20)
FNDA:0,(anonymous_21)
FNDA:0,(anonymous_22)
FNDA:3,(anonymous_23)
FNDA:0,(anonymous_24)
FNDA:0,(anonymous_25)
FNDA:0,(anonymous_26)
FNDA:1,(anonymous_27)
FNDA:1,(anonymous_28)
FNDA:1,(anonymous_29)
FNDA:0,(anonymous_30)
FNDA:0,(anonymous_31)
DA:14,1
DA:17,0
DA:19,0
DA:20,0
DA:24,0
DA:34,0
DA:36,0
DA:39,0
DA:55,0
DA:56,0
DA:59,0
DA:60,0
DA:61,0
DA:63,0
DA:73,0
DA:74,0
DA:82,1
DA:85,0
DA:87,0
DA:96,0
DA:98,0
DA:99,0
DA:102,0
DA:103,0
DA:104,0
DA:107,0
DA:108,0
DA:112,0
DA:113,0
DA:117,0
DA:118,0
DA:119,0
DA:120,0
DA:121,0
DA:122,0
DA:124,0
DA:127,0
DA:131,0
DA:139,0
DA:146,0
DA:150,0
DA:159,0
DA:160,0
DA:168,1
DA:171,0
DA:173,0
DA:174,0
DA:175,0
DA:179,0
DA:180,0
DA:183,0
DA:192,0
DA:194,0
DA:200,0
DA:202,0
DA:208,0
DA:209,0
DA:217,1
DA:220,0
DA:221,0
DA:230,0
DA:235,0
DA:237,0
DA:238,0
DA:243,1
DA:263,1
DA:268,1
DA:271,1
DA:274,1
DA:278,4
DA:280,4
DA:281,4
DA:282,4
DA:283,4
DA:284,4
DA:285,4
DA:290,3
DA:291,3
DA:292,3
DA:293,3
DA:298,1
DA:300,0
DA:301,0
DA:302,0
DA:305,0
DA:306,0
DA:307,0
DA:308,0
DA:309,0
DA:310,0
DA:311,0
DA:312,0
DA:313,0
DA:314,0
DA:317,0
DA:327,0
DA:328,0
DA:329,0
DA:333,1
DA:335,0
DA:336,0
DA:339,0
DA:340,0
DA:341,0
DA:342,0
DA:344,0
DA:347,0
DA:348,0
DA:349,0
DA:353,1
DA:355,0
DA:356,0
DA:359,0
DA:361,0
DA:362,0
DA:363,0
DA:365,0
DA:366,0
DA:367,0
DA:368,0
DA:371,0
DA:372,0
DA:376,1
DA:378,0
DA:381,0
DA:382,0
DA:385,0
DA:386,0
DA:391,1
DA:394,1
DA:395,3
DA:396,1
DA:397,1
DA:398,1
DA:399,1
DA:400,1
DA:401,1
DA:402,1
DA:403,1
LF:139
LH:35
BRDA:55,0,0,0
BRDA:55,0,1,0
BRDA:68,1,0,0
BRDA:68,1,1,0
BRDA:98,2,0,0
BRDA:98,2,1,0
BRDA:107,3,0,0
BRDA:107,3,1,0
BRDA:112,4,0,0
BRDA:112,4,1,0
BRDA:122,5,0,0
BRDA:122,5,1,0
BRDA:173,6,0,0
BRDA:173,6,1,0
BRDA:173,7,0,0
BRDA:173,7,1,0
BRDA:173,7,2,0
BRDA:280,8,0,4
BRDA:280,8,1,0
BRDA:328,9,0,0
BRDA:328,9,1,0
BRDA:348,10,0,0
BRDA:348,10,1,0
BRDA:362,11,0,0
BRDA:362,11,1,0
BRDA:372,12,0,0
BRDA:372,12,1,0
BRDA:386,13,0,0
BRDA:386,13,1,0
BRF:29
BRH:1
end_of_record
TN:
SF:src/redux/serviceSlice.js
FN:8,(anonymous_0)
FN:81,(anonymous_1)
FN:98,(anonymous_2)
FN:122,(anonymous_3)
FN:128,(anonymous_4)
FN:148,(anonymous_5)
FN:216,(anonymous_6)
FN:259,(anonymous_7)
FN:301,(anonymous_8)
FN:306,(anonymous_9)
FN:324,(anonymous_10)
FN:346,(anonymous_11)
FN:393,(anonymous_12)
FN:396,(anonymous_13)
FN:400,(anonymous_14)
FN:403,(anonymous_15)
FN:407,(anonymous_16)
FN:412,(anonymous_17)
FN:419,(anonymous_18)
FN:423,(anonymous_19)
FN:428,(anonymous_20)
FN:435,(anonymous_21)
FN:439,(anonymous_22)
FN:444,(anonymous_23)
FN:451,(anonymous_24)
FN:455,(anonymous_25)
FN:457,(anonymous_26)
FN:463,(anonymous_27)
FN:470,(anonymous_28)
FN:474,(anonymous_29)
FN:476,(anonymous_30)
FN:477,(anonymous_31)
FN:480,(anonymous_32)
FN:487,(anonymous_33)
FN:490,(anonymous_34)
FN:494,(anonymous_35)
FN:502,(anonymous_36)
FN:506,(anonymous_37)
FN:511,(anonymous_38)
FN:518,(anonymous_39)
FN:522,(anonymous_40)
FN:525,(anonymous_41)
FN:533,(anonymous_42)
FNF:43
FNH:0
FNDA:0,(anonymous_0)
FNDA:0,(anonymous_1)
FNDA:0,(anonymous_2)
FNDA:0,(anonymous_3)
FNDA:0,(anonymous_4)
FNDA:0,(anonymous_5)
FNDA:0,(anonymous_6)
FNDA:0,(anonymous_7)
FNDA:0,(anonymous_8)
FNDA:0,(anonymous_9)
FNDA:0,(anonymous_10)
FNDA:0,(anonymous_11)
FNDA:0,(anonymous_12)
FNDA:0,(anonymous_13)
FNDA:0,(anonymous_14)
FNDA:0,(anonymous_15)
FNDA:0,(anonymous_16)
FNDA:0,(anonymous_17)
FNDA:0,(anonymous_18)
FNDA:0,(anonymous_19)
FNDA:0,(anonymous_20)
FNDA:0,(anonymous_21)
FNDA:0,(anonymous_22)
FNDA:0,(anonymous_23)
FNDA:0,(anonymous_24)
FNDA:0,(anonymous_25)
FNDA:0,(anonymous_26)
FNDA:0,(anonymous_27)
FNDA:0,(anonymous_28)
FNDA:0,(anonymous_29)
FNDA:0,(anonymous_30)
FNDA:0,(anonymous_31)
FNDA:0,(anonymous_32)
FNDA:0,(anonymous_33)
FNDA:0,(anonymous_34)
FNDA:0,(anonymous_35)
FNDA:0,(anonymous_36)
FNDA:0,(anonymous_37)
FNDA:0,(anonymous_38)
FNDA:0,(anonymous_39)
FNDA:0,(anonymous_40)
FNDA:0,(anonymous_41)
FNDA:0,(anonymous_42)
DA:6,0
DA:9,0
DA:10,0
DA:11,0
DA:14,0
DA:15,0
DA:16,0
DA:17,0
DA:19,0
DA:20,0
DA:23,0
DA:24,0
DA:27,0
DA:28,0
DA:30,0
DA:33,0
DA:34,0
DA:37,0
DA:43,0
DA:44,0
DA:58,0
DA:59,0
DA:74,0
DA:79,0
DA:82,0
DA:84,0
DA:85,0
DA:87,0
DA:90,0
DA:91,0
DA:92,0
DA:95,0
DA:96,0
DA:98,0
DA:99,0
DA:100,0
DA:101,0
DA:113,0
DA:115,0
DA:120,0
DA:123,0
DA:125,0
DA:126,0
DA:128,0
DA:129,0
DA:130,0
DA:139,0
DA:141,0
DA:146,0
DA:149,0
DA:150,0
DA:151,0
DA:154,0
DA:155,0
DA:156,0
DA:159,0
DA:160,0
DA:161,0
DA:162,0
DA:165,0
DA:167,0
DA:168,0
DA:171,0
DA:172,0
DA:175,0
DA:176,0
DA:178,0
DA:181,0
DA:182,0
DA:185,0
DA:191,0
DA:192,0
DA:194,0
DA:195,0
DA:196,0
DA:197,0
DA:198,0
DA:199,0
DA:200,0
DA:202,0
DA:204,0
DA:209,0
DA:214,0
DA:217,0
DA:219,0
DA:220,0
DA:221,0
DA:222,0
DA:225,0
DA:226,0
DA:227,0
DA:229,0
DA:230,0
DA:233,0
DA:234,0
DA:235,0
DA:236,0
DA:237,0
DA:238,0
DA:241,0
DA:248,0
DA:249,0
DA:251,0
DA:257,0
DA:260,0
DA:263,0
DA:264,0
DA:268,0
DA:271,0
DA:272,0
DA:273,0
DA:274,0
DA:276,0
DA:277,0
DA:283,0
DA:284,0
DA:285,0
DA:286,0
DA:291,0
DA:293,0
DA:299,0
DA:302,0
DA:303,0
DA:304,0
DA:306,0
DA:314,0
DA:316,0
DA:322,0
DA:325,0
DA:326,0
DA:327,0
DA:330,0
DA:340,0
DA:341,0
DA:343,0
DA:344,0
DA:346,0
DA:347,0
DA:349,0
DA:350,0
DA:351,0
DA:354,0
DA:357,0
DA:358,0
DA:363,0
DA:374,0
DA:379,0
DA:389,0
DA:394,0
DA:397,0
DA:402,0
DA:404,0
DA:405,0
DA:408,0
DA:409,0
DA:410,0
DA:413,0
DA:414,0
DA:418,0
DA:420,0
DA:421,0
DA:424,0
DA:425,0
DA:426,0
DA:429,0
DA:430,0
DA:434,0
DA:436,0
DA:437,0
DA:440,0
DA:441,0
DA:442,0
DA:445,0
DA:446,0
DA:450,0
DA:452,0
DA:453,0
DA:456,0
DA:457,0
DA:458,0
DA:459,0
DA:461,0
DA:464,0
DA:465,0
DA:469,0
DA:471,0
DA:472,0
DA:475,0
DA:476,0
DA:477,0
DA:478,0
DA:481,0
DA:482,0
DA:486,0
DA:488,0
DA:491,0
DA:492,0
DA:495,0
DA:496,0
DA:497,0
DA:501,0
DA:503,0
DA:504,0
DA:507,0
DA:508,0
DA:509,0
DA:512,0
DA:513,0
DA:517,0
DA:519,0
DA:520,0
DA:523,0
DA:525,0
DA:526,0
DA:527,0
DA:529,0
DA:531,0
DA:534,0
DA:535,0
DA:540,0
LF:220
LH:0
BRDA:14,0,0,0
BRDA:14,0,1,0
BRDA:14,1,0,0
BRDA:14,1,1,0
BRDA:33,2,0,0
BRDA:33,2,1,0
BRDA:105,3,0,0
BRDA:105,3,1,0
BRDA:106,4,0,0
BRDA:106,4,1,0
BRDA:107,5,0,0
BRDA:107,5,1,0
BRDA:108,6,0,0
BRDA:108,6,1,0
BRDA:134,7,0,0
BRDA:134,7,1,0
BRDA:135,8,0,0
BRDA:135,8,1,0
BRDA:154,9,0,0
BRDA:154,9,1,0
BRDA:154,10,0,0
BRDA:154,10,1,0
BRDA:159,11,0,0
BRDA:159,11,1,0
BRDA:161,12,0,0
BRDA:161,12,1,0
BRDA:181,13,0,0
BRDA:181,13,1,0
BRDA:194,14,0,0
BRDA:194,14,1,0
BRDA:195,15,0,0
BRDA:195,15,1,0
BRDA:196,16,0,0
BRDA:196,16,1,0
BRDA:197,17,0,0
BRDA:197,17,1,0
BRDA:198,18,0,0
BRDA:198,18,1,0
BRDA:199,19,0,0
BRDA:199,19,1,0
BRDA:225,20,0,0
BRDA:225,20,1,0
BRDA:227,21,0,0
BRDA:227,21,1,0
BRDA:234,22,0,0
BRDA:234,22,1,0
BRDA:273,23,0,0
BRDA:273,23,1,0
BRDA:274,24,0,0
BRDA:274,24,1,0
BRDA:284,25,0,0
BRDA:284,25,1,0
BRDA:310,26,0,0
BRDA:310,26,1,0
BRDA:311,27,0,0
BRDA:311,27,1,0
BRDA:354,28,0,0
BRDA:354,28,1,0
BRDA:458,29,0,0
BRDA:458,29,1,0
BRDA:526,30,0,0
BRDA:526,30,1,0
BRF:62
BRH:0
end_of_record
TN:
SF:src/redux/store.js
FNF:0
FNH:0
DA:10,0
LF:1
LH:0
BRF:0
BRH:0
end_of_record
TN:
SF:src/screens/BookingsScreen.js
FN:16,(anonymous_0)
FN:18,(anonymous_1)
FN:24,(anonymous_2)
FN:28,(anonymous_3)
FN:71,(anonymous_4)
FN:111,(anonymous_5)
FN:114,(anonymous_6)
FN:116,(anonymous_7)
FN:120,(anonymous_8)
FN:135,(anonymous_9)
FN:150,(anonymous_10)
FN:159,(anonymous_11)
FN:178,(anonymous_12)
FN:182,(anonymous_13)
FN:197,(anonymous_14)
FN:260,(anonymous_15)
FN:273,(anonymous_16)
FN:289,(anonymous_17)
FN:302,(anonymous_18)
FN:315,(anonymous_19)
FN:345,(anonymous_20)
FNF:21
FNH:0
FNDA:0,(anonymous_0)
FNDA:0,(anonymous_1)
FNDA:0,(anonymous_2)
FNDA:0,(anonymous_3)
FNDA:0,(anonymous_4)
FNDA:0,(anonymous_5)
FNDA:0,(anonymous_6)
FNDA:0,(anonymous_7)
FNDA:0,(anonymous_8)
FNDA:0,(anonymous_9)
FNDA:0,(anonymous_10)
FNDA:0,(anonymous_11)
FNDA:0,(anonymous_12)
FNDA:0,(anonymous_13)
FNDA:0,(anonymous_14)
FNDA:0,(anonymous_15)
FNDA:0,(anonymous_16)
FNDA:0,(anonymous_17)
FNDA:0,(anonymous_18)
FNDA:0,(anonymous_19)
FNDA:0,(anonymous_20)
DA:16,0
DA:17,0
DA:18,0
DA:19,0
DA:20,0
DA:21,0
DA:22,0
DA:24,0
DA:25,0
DA:28,0
DA:29,0
DA:31,0
DA:32,0
DA:33,0
DA:36,0
DA:37,0
DA:40,0
DA:41,0
DA:45,0
DA:48,0
DA:49,0
DA:50,0
DA:52,0
DA:53,0
DA:54,0
DA:55,0
DA:58,0
DA:59,0
DA:71,0
DA:72,0
DA:76,0
DA:78,0
DA:80,0
DA:84,0
DA:85,0
DA:86,0
DA:87,0
DA:88,0
DA:89,0
DA:91,0
DA:95,0
DA:98,0
DA:102,0
DA:104,0
DA:106,0
DA:107,0
DA:111,0
DA:112,0
DA:113,0
DA:114,0
DA:116,0
DA:120,0
DA:121,0
DA:122,0
DA:123,0
DA:131,0
DA:135,0
DA:136,0
DA:138,0
DA:140,0
DA:142,0
DA:144,0
DA:146,0
DA:150,0
DA:151,0
DA:160,0
DA:161,0
DA:162,0
DA:166,0
DA:167,0
DA:169,0
DA:170,0
DA:178,0
DA:179,0
DA:182,0
DA:183,0
DA:198,0
DA:260,0
DA:273,0
DA:283,0
DA:285,0
DA:289,0
DA:302,0
DA:315,0
DA:345,0
DA:354,0
LF:86
LH:0
BRDA:31,0,0,0
BRDA:31,0,1,0
BRDA:36,1,0,0
BRDA:36,1,1,0
BRDA:58,2,0,0
BRDA:58,2,1,0
BRDA:58,3,0,0
BRDA:58,3,1,0
BRDA:78,4,0,0
BRDA:78,4,1,0
BRDA:84,5,0,0
BRDA:84,5,1,0
BRDA:88,6,0,0
BRDA:88,6,1,0
BRDA:89,7,0,0
BRDA:89,7,1,0
BRDA:113,8,0,0
BRDA:113,8,1,0
BRDA:136,9,0,0
BRDA:136,9,1,0
BRDA:136,9,2,0
BRDA:136,9,3,0
BRDA:136,9,4,0
BRDA:215,10,0,0
BRDA:215,10,1,0
BRDA:242,11,0,0
BRDA:242,11,1,0
BRDA:255,12,0,0
BRDA:255,12,1,0
BRDA:255,12,2,0
BRDA:268,13,0,0
BRDA:268,13,1,0
BRDA:268,13,2,0
BRDA:268,13,3,0
BRDA:293,14,0,0
BRDA:293,14,1,0
BRDA:301,15,0,0
BRDA:301,15,1,0
BRDA:307,16,0,0
BRDA:307,16,1,0
BRDA:314,17,0,0
BRDA:314,17,1,0
BRDA:320,18,0,0
BRDA:320,18,1,0
BRDA:329,19,0,0
BRDA:329,19,1,0
BRDA:333,20,0,0
BRDA:333,20,1,0
BRDA:336,21,0,0
BRDA:336,21,1,0
BRF:50
BRH:0
end_of_record
TN:
SF:src/screens/CallScreen.js
FN:13,(anonymous_0)
FN:17,(anonymous_1)
FN:18,(anonymous_2)
FN:22,(anonymous_3)
FN:25,(anonymous_4)
FN:26,(anonymous_5)
FN:29,(anonymous_6)
FN:32,(anonymous_7)
FN:38,(anonymous_8)
FN:43,(anonymous_9)
FN:52,(anonymous_10)
FNF:11
FNH:0
FNDA:0,(anonymous_0)
FNDA:0,(anonymous_1)
FNDA:0,(anonymous_2)
FNDA:0,(anonymous_3)
FNDA:0,(anonymous_4)
FNDA:0,(anonymous_5)
FNDA:0,(anonymous_6)
FNDA:0,(anonymous_7)
FNDA:0,(anonymous_8)
FNDA:0,(anonymous_9)
FNDA:0,(anonymous_10)
DA:13,0
DA:14,0
DA:15,0
DA:16,0
DA:17,0
DA:18,0
DA:19,0
DA:20,0
DA:22,0
DA:24,0
DA:25,0
DA:26,0
DA:29,0
DA:32,0
DA:33,0
DA:34,0
DA:35,0
DA:38,0
DA:39,0
DA:43,0
DA:44,0
DA:45,0
DA:46,0
DA:48,0
DA:52,0
DA:53,0
DA:54,0
DA:55,0
DA:57,0
DA:61,0
DA:119,0
LF:31
LH:0
BRDA:24,0,0,0
BRDA:24,0,1,0
BRDA:66,1,0,0
BRDA:66,1,1,0
BRDA:67,2,0,0
BRDA:67,2,1,0
BRDA:67,2,2,0
BRDA:71,3,0,0
BRDA:71,3,1,0
BRDA:79,4,0,0
BRDA:79,4,1,0
BRDA:79,5,0,0
BRDA:79,5,1,0
BRDA:105,6,0,0
BRDA:105,6,1,0
BRF:15
BRH:0
end_of_record
TN:
SF:src/screens/ChatDetailScreen.js
FN:26,(anonymous_0)
FN:31,(anonymous_1)
FN:32,(anonymous_2)
FN:33,(anonymous_3)
FN:43,(anonymous_4)
FN:44,(anonymous_5)
FN:65,(anonymous_6)
FN:72,(anonymous_7)
FN:89,(anonymous_8)
FN:95,(anonymous_9)
FN:98,(anonymous_10)
FN:106,(anonymous_11)
FN:109,(anonymous_12)
FN:126,(anonymous_13)
FN:130,(anonymous_14)
FN:134,(anonymous_15)
FN:164,(anonymous_16)
FN:196,(anonymous_17)
FN:223,(anonymous_18)
FN:261,(anonymous_19)
FN:279,(anonymous_20)
FN:280,(anonymous_21)
FN:289,(anonymous_22)
FN:303,(anonymous_23)
FN:314,(anonymous_24)
FN:347,(anonymous_25)
FN:348,(anonymous_26)
FN:359,(anonymous_27)
FNF:28
FNH:0
FNDA:0,(anonymous_0)
FNDA:0,(anonymous_1)
FNDA:0,(anonymous_2)
FNDA:0,(anonymous_3)
FNDA:0,(anonymous_4)
FNDA:0,(anonymous_5)
FNDA:0,(anonymous_6)
FNDA:0,(anonymous_7)
FNDA:0,(anonymous_8)
FNDA:0,(anonymous_9)
FNDA:0,(anonymous_10)
FNDA:0,(anonymous_11)
FNDA:0,(anonymous_12)
FNDA:0,(anonymous_13)
FNDA:0,(anonymous_14)
FNDA:0,(anonymous_15)
FNDA:0,(anonymous_16)
FNDA:0,(anonymous_17)
FNDA:0,(anonymous_18)
FNDA:0,(anonymous_19)
FNDA:0,(anonymous_20)
FNDA:0,(anonymous_21)
FNDA:0,(anonymous_22)
FNDA:0,(anonymous_23)
FNDA:0,(anonymous_24)
FNDA:0,(anonymous_25)
FNDA:0,(anonymous_26)
FNDA:0,(anonymous_27)
DA:26,0
DA:27,0
DA:28,0
DA:29,0
DA:30,0
DA:31,0
DA:32,0
DA:33,0
DA:34,0
DA:35,0
DA:36,0
DA:37,0
DA:38,0
DA:39,0
DA:40,0
DA:43,0
DA:44,0
DA:45,0
DA:46,0
DA:47,0
DA:48,0
DA:50,0
DA:51,0
DA:52,0
DA:53,0
DA:56,0
DA:59,0
DA:60,0
DA:65,0
DA:66,0
DA:67,0
DA:68,0
DA:69,0
DA:71,0
DA:72,0
DA:73,0
DA:74,0
DA:83,0
DA:85,0
DA:89,0
DA:91,0
DA:92,0
DA:95,0
DA:96,0
DA:98,0
DA:99,0
DA:100,0
DA:106,0
DA:109,0
DA:110,0
DA:111,0
DA:118,0
DA:119,0
DA:122,0
DA:126,0
DA:127,0
DA:130,0
DA:131,0
DA:134,0
DA:135,0
DA:136,0
DA:150,0
DA:153,0
DA:159,0
DA:160,0
DA:164,0
DA:165,0
DA:166,0
DA:167,0
DA:168,0
DA:171,0
DA:172,0
DA:173,0
DA:183,0
DA:184,0
DA:185,0
DA:186,0
DA:187,0
DA:190,0
DA:192,0
DA:196,0
DA:197,0
DA:198,0
DA:199,0
DA:200,0
DA:203,0
DA:211,0
DA:218,0
DA:219,0
DA:223,0
DA:224,0
DA:226,0
DA:232,0
DA:254,0
DA:261,0
DA:279,0
DA:280,0
DA:303,0
DA:314,0
DA:347,0
DA:349,0
DA:350,0
DA:359,0
DA:369,0
LF:104
LH:0
BRDA:46,0,0,0
BRDA:46,0,1,0
BRDA:52,1,0,0
BRDA:52,1,1,0
BRDA:59,2,0,0
BRDA:59,2,1,0
BRDA:77,3,0,0
BRDA:77,3,1,0
BRDA:78,4,0,0
BRDA:78,4,1,0
BRDA:79,5,0,0
BRDA:79,5,1,0
BRDA:99,6,0,0
BRDA:99,6,1,0
BRDA:118,7,0,0
BRDA:118,7,1,0
BRDA:160,8,0,0
BRDA:160,8,1,0
BRDA:165,9,0,0
BRDA:165,9,1,0
BRDA:165,10,0,0
BRDA:165,10,1,0
BRDA:166,11,0,0
BRDA:166,11,1,0
BRDA:166,12,0,0
BRDA:166,12,1,0
BRDA:177,13,0,0
BRDA:177,13,1,0
BRDA:179,14,0,0
BRDA:179,14,1,0
BRDA:183,15,0,0
BRDA:183,15,1,0
BRDA:186,16,0,0
BRDA:186,16,1,0
BRDA:198,17,0,0
BRDA:198,17,1,0
BRDA:219,18,0,0
BRDA:219,18,1,0
BRDA:224,19,0,0
BRDA:224,19,1,0
BRDA:227,20,0,0
BRDA:227,20,1,0
BRDA:227,21,0,0
BRDA:227,21,1,0
BRDA:228,22,0,0
BRDA:228,22,1,0
BRDA:229,23,0,0
BRDA:229,23,1,0
BRDA:233,24,0,0
BRDA:233,24,1,0
BRDA:235,25,0,0
BRDA:235,25,1,0
BRDA:241,26,0,0
BRDA:241,26,1,0
BRDA:242,27,0,0
BRDA:242,27,1,0
BRDA:246,28,0,0
BRDA:246,28,1,0
BRDA:257,29,0,0
BRDA:257,29,1,0
BRDA:258,30,0,0
BRDA:258,30,1,0
BRDA:270,31,0,0
BRDA:270,31,1,0
BRDA:270,32,0,0
BRDA:270,32,1,0
BRDA:295,33,0,0
BRDA:295,33,1,0
BRDA:330,34,0,0
BRDA:330,34,1,0
BRDA:330,34,2,0
BRDA:330,34,3,0
BRDA:332,35,0,0
BRDA:332,35,1,0
BRDA:332,35,2,0
BRDA:334,36,0,0
BRDA:334,36,1,0
BRF:77
BRH:0
end_of_record
TN:
SF:src/screens/ForgotPasswordScreen.js
FN:15,(anonymous_0)
FN:22,(anonymous_1)
FN:49,(anonymous_2)
FN:51,(anonymous_3)
FN:79,(anonymous_4)
FN:105,(anonymous_5)
FN:128,(anonymous_6)
FNF:7
FNH:0
FNDA:0,(anonymous_0)
FNDA:0,(anonymous_1)
FNDA:0,(anonymous_2)
FNDA:0,(anonymous_3)
FNDA:0,(anonymous_4)
FNDA:0,(anonymous_5)
FNDA:0,(anonymous_6)
DA:15,0
DA:16,0
DA:17,0
DA:18,0
DA:19,0
DA:20,0
DA:22,0
DA:23,0
DA:24,0
DA:25,0
DA:29,0
DA:30,0
DA:31,0
DA:32,0
DA:35,0
DA:36,0
DA:38,0
DA:39,0
DA:40,0
DA:41,0
DA:43,0
DA:51,0
DA:57,0
DA:59,0
DA:61,0
DA:62,0
DA:63,0
DA:64,0
DA:65,0
DA:66,0
DA:69,0
DA:71,0
DA:75,0
DA:79,0
DA:106,0
DA:107,0
DA:128,0
DA:135,0
LF:38
LH:0
BRDA:23,0,0,0
BRDA:23,0,1,0
BRDA:30,1,0,0
BRDA:30,1,1,0
BRDA:61,2,0,0
BRDA:61,2,1,0
BRDA:63,3,0,0
BRDA:63,3,1,0
BRDA:65,4,0,0
BRDA:65,4,1,0
BRDA:89,5,0,0
BRDA:89,5,1,0
BRDA:95,6,0,0
BRDA:95,6,1,0
BRDA:102,7,0,0
BRDA:102,7,1,0
BRDA:102,7,2,0
BRDA:107,8,0,0
BRDA:107,8,1,0
BRDA:109,9,0,0
BRDA:109,9,1,0
BRDA:117,10,0,0
BRDA:117,10,1,0
BRDA:117,10,2,0
BRDA:117,10,3,0
BRDA:119,11,0,0
BRDA:119,11,1,0
BRDA:119,11,2,0
BRDA:121,12,0,0
BRDA:121,12,1,0
BRF:30
BRH:0
end_of_record
TN:
SF:src/screens/HomeScreen.js
FN:24,(anonymous_0)
FN:26,(anonymous_1)
FN:27,(anonymous_2)
FN:28,(anonymous_3)
FN:45,(anonymous_4)
FN:54,(anonymous_5)
FN:68,(anonymous_6)
FN:74,(anonymous_7)
FN:77,(anonymous_8)
FN:103,(anonymous_9)
FN:104,(anonymous_10)
FN:110,(anonymous_11)
FN:134,(anonymous_12)
FN:140,(anonymous_13)
FN:170,(anonymous_14)
FN:185,(anonymous_15)
FN:187,(anonymous_16)
FN:190,(anonymous_17)
FN:202,(anonymous_18)
FN:204,(anonymous_19)
FN:207,(anonymous_20)
FN:248,(anonymous_21)
FN:257,(anonymous_22)
FN:266,(anonymous_23)
FN:275,(anonymous_24)
FN:284,(anonymous_25)
FN:324,(anonymous_26)
FN:331,(anonymous_27)
FN:338,(anonymous_28)
FN:373,(anonymous_29)
FN:401,(anonymous_30)
FN:416,(anonymous_31)
FN:425,(anonymous_32)
FN:434,(anonymous_33)
FN:443,(anonymous_34)
FN:464,(anonymous_35)
FN:465,(anonymous_36)
FN:471,(anonymous_37)
FN:500,(anonymous_38)
FN:501,(anonymous_39)
FNF:40
FNH:0
FNDA:0,(anonymous_0)
FNDA:0,(anonymous_1)
FNDA:0,(anonymous_2)
FNDA:0,(anonymous_3)
FNDA:0,(anonymous_4)
FNDA:0,(anonymous_5)
FNDA:0,(anonymous_6)
FNDA:0,(anonymous_7)
FNDA:0,(anonymous_8)
FNDA:0,(anonymous_9)
FNDA:0,(anonymous_10)
FNDA:0,(anonymous_11)
FNDA:0,(anonymous_12)
FNDA:0,(anonymous_13)
FNDA:0,(anonymous_14)
FNDA:0,(anonymous_15)
FNDA:0,(anonymous_16)
FNDA:0,(anonymous_17)
FNDA:0,(anonymous_18)
FNDA:0,(anonymous_19)
FNDA:0,(anonymous_20)
FNDA:0,(anonymous_21)
FNDA:0,(anonymous_22)
FNDA:0,(anonymous_23)
FNDA:0,(anonymous_24)
FNDA:0,(anonymous_25)
FNDA:0,(anonymous_26)
FNDA:0,(anonymous_27)
FNDA:0,(anonymous_28)
FNDA:0,(anonymous_29)
FNDA:0,(anonymous_30)
FNDA:0,(anonymous_31)
FNDA:0,(anonymous_32)
FNDA:0,(anonymous_33)
FNDA:0,(anonymous_34)
FNDA:0,(anonymous_35)
FNDA:0,(anonymous_36)
FNDA:0,(anonymous_37)
FNDA:0,(anonymous_38)
FNDA:0,(anonymous_39)
DA:22,0
DA:24,0
DA:25,0
DA:26,0
DA:27,0
DA:28,0
DA:29,0
DA:31,0
DA:32,0
DA:33,0
DA:36,0
DA:45,0
DA:46,0
DA:47,0
DA:48,0
DA:49,0
DA:54,0
DA:55,0
DA:56,0
DA:61,0
DA:62,0
DA:64,0
DA:68,0
DA:69,0
DA:70,0
DA:74,0
DA:75,0
DA:77,0
DA:78,0
DA:81,0
DA:82,0
DA:84,0
DA:85,0
DA:86,0
DA:87,0
DA:88,0
DA:89,0
DA:93,0
DA:96,0
DA:97,0
DA:98,0
DA:99,0
DA:100,0
DA:101,0
DA:103,0
DA:104,0
DA:106,0
DA:110,0
DA:111,0
DA:114,0
DA:115,0
DA:116,0
DA:117,0
DA:118,0
DA:121,0
DA:126,0
DA:129,0
DA:130,0
DA:131,0
DA:132,0
DA:133,0
DA:134,0
DA:140,0
DA:143,0
DA:147,0
DA:148,0
DA:156,0
DA:165,0
DA:170,0
DA:171,0
DA:172,0
DA:174,0
DA:175,0
DA:176,0
DA:177,0
DA:178,0
DA:179,0
DA:180,0
DA:182,0
DA:185,0
DA:186,0
DA:191,0
DA:192,0
DA:200,0
DA:202,0
DA:204,0
DA:205,0
DA:208,0
DA:209,0
DA:215,0
DA:242,0
DA:244,0
DA:248,0
DA:258,0
DA:259,0
DA:267,0
DA:268,0
DA:276,0
DA:277,0
DA:285,0
DA:286,0
DA:324,0
DA:331,0
DA:338,0
DA:374,0
DA:401,0
DA:411,0
DA:416,0
DA:426,0
DA:427,0
DA:435,0
DA:436,0
DA:444,0
DA:445,0
DA:464,0
DA:466,0
DA:471,0
DA:500,0
DA:501,0
DA:520,0
LF:120
LH:0
BRDA:47,0,0,0
BRDA:47,0,1,0
BRDA:58,1,0,0
BRDA:58,1,1,0
BRDA:59,2,0,0
BRDA:59,2,1,0
BRDA:61,3,0,0
BRDA:61,3,1,0
BRDA:61,4,0,0
BRDA:61,4,1,0
BRDA:69,5,0,0
BRDA:69,5,1,0
BRDA:69,6,0,0
BRDA:69,6,1,0
BRDA:86,7,0,0
BRDA:86,7,1,0
BRDA:88,8,0,0
BRDA:88,8,1,0
BRDA:88,9,0,0
BRDA:88,9,1,0
BRDA:89,10,0,0
BRDA:89,10,1,0
BRDA:93,11,0,0
BRDA:93,11,1,0
BRDA:98,12,0,0
BRDA:98,12,1,0
BRDA:121,13,0,0
BRDA:121,13,1,0
BRDA:129,14,0,0
BRDA:129,14,1,0
BRDA:137,15,0,0
BRDA:137,15,1,0
BRDA:138,16,0,0
BRDA:138,16,1,0
BRDA:147,17,0,0
BRDA:147,17,1,0
BRDA:174,18,0,0
BRDA:174,18,1,0
BRDA:176,19,0,0
BRDA:176,19,1,0
BRDA:178,20,0,0
BRDA:178,20,1,0
BRDA:180,21,0,0
BRDA:180,21,1,0
BRDA:200,22,0,0
BRDA:200,22,1,0
BRDA:208,23,0,0
BRDA:208,23,1,0
BRDA:234,24,0,0
BRDA:234,24,1,0
BRDA:242,25,0,0
BRDA:242,25,1,0
BRDA:253,26,0,0
BRDA:253,26,1,0
BRDA:267,27,0,0
BRDA:267,27,1,0
BRDA:271,28,0,0
BRDA:271,28,1,0
BRDA:372,29,0,0
BRDA:372,29,1,0
BRDA:375,30,0,0
BRDA:375,30,1,0
BRDA:379,31,0,0
BRDA:379,31,1,0
BRDA:421,32,0,0
BRDA:421,32,1,0
BRDA:469,33,0,0
BRDA:469,33,1,0
BRDA:476,34,0,0
BRDA:476,34,1,0
BRDA:489,35,0,0
BRDA:489,35,1,0
BRDA:493,36,0,0
BRDA:493,36,1,0
BRF:74
BRH:0
end_of_record
TN:
SF:src/screens/LegalAcceptanceScreen.js
FN:154,(anonymous_0)
FN:166,(anonymous_1)
FN:168,(anonymous_2)
FN:169,(anonymous_3)
FN:180,(anonymous_4)
FN:181,(anonymous_5)
FN:187,(anonymous_6)
FN:189,(anonymous_7)
FN:214,(anonymous_8)
FN:221,(anonymous_9)
FN:244,(anonymous_10)
FN:248,(anonymous_11)
FNF:12
FNH:0
FNDA:0,(anonymous_0)
FNDA:0,(anonymous_1)
FNDA:0,(anonymous_2)
FNDA:0,(anonymous_3)
FNDA:0,(anonymous_4)
FNDA:0,(anonymous_5)
FNDA:0,(anonymous_6)
FNDA:0,(anonymous_7)
FNDA:0,(anonymous_8)
FNDA:0,(anonymous_9)
FNDA:0,(anonymous_10)
FNDA:0,(anonymous_11)
DA:15,0
DA:154,0
DA:155,0
DA:166,0
DA:167,0
DA:168,0
DA:169,0
DA:171,0
DA:172,0
DA:180,0
DA:181,0
DA:187,0
DA:189,0
DA:190,0
DA:191,0
DA:192,0
DA:195,0
DA:196,0
DA:197,0
DA:199,0
DA:203,0
DA:205,0
DA:215,0
DA:221,0
DA:245,0
DA:248,0
DA:273,0
LF:27
LH:0
BRDA:156,0,0,0
BRDA:156,0,1,0
BRDA:160,1,0,0
BRDA:160,1,1,0
BRDA:190,2,0,0
BRDA:190,2,1,0
BRDA:199,3,0,0
BRDA:199,3,1,0
BRDA:219,4,0,0
BRDA:219,4,1,0
BRDA:225,5,0,0
BRDA:225,5,1,0
BRDA:258,6,0,0
BRDA:258,6,1,0
BRDA:261,7,0,0
BRDA:261,7,1,0
BRDA:263,8,0,0
BRDA:263,8,1,0
BRF:18
BRH:0
end_of_record
TN:
SF:src/screens/LoginScreen.js
FN:18,(anonymous_0)
FN:25,(anonymous_1)
FN:27,(anonymous_2)
FN:30,(anonymous_3)
FN:54,(anonymous_4)
FN:64,(anonymous_5)
FN:128,(anonymous_6)
FN:138,(anonymous_7)
FN:146,(anonymous_8)
FN:161,(anonymous_9)
FN:175,(anonymous_10)
FN:184,(anonymous_11)
FN:211,(anonymous_12)
FN:222,(anonymous_13)
FN:229,(anonymous_14)
FNF:15
FNH:0
FNDA:0,(anonymous_0)
FNDA:0,(anonymous_1)
FNDA:0,(anonymous_2)
FNDA:0,(anonymous_3)
FNDA:0,(anonymous_4)
FNDA:0,(anonymous_5)
FNDA:0,(anonymous_6)
FNDA:0,(anonymous_7)
FNDA:0,(anonymous_8)
FNDA:0,(anonymous_9)
FNDA:0,(anonymous_10)
FNDA:0,(anonymous_11)
FNDA:0,(anonymous_12)
FNDA:0,(anonymous_13)
FNDA:0,(anonymous_14)
DA:18,0
DA:19,0
DA:20,0
DA:21,0
DA:22,0
DA:23,0
DA:24,0
DA:25,0
DA:26,0
DA:27,0
DA:30,0
DA:31,0
DA:34,0
DA:35,0
DA:37,0
DA:38,0
DA:40,0
DA:41,0
DA:43,0
DA:44,0
DA:46,0
DA:47,0
DA:51,0
DA:54,0
DA:55,0
DA:56,0
DA:57,0
DA:60,0
DA:64,0
DA:66,0
DA:67,0
DA:68,0
DA:69,0
DA:74,0
DA:75,0
DA:76,0
DA:78,0
DA:79,0
DA:80,0
DA:81,0
DA:85,0
DA:86,0
DA:89,0
DA:96,0
DA:103,0
DA:104,0
DA:105,0
DA:108,0
DA:111,0
DA:115,0
DA:128,0
DA:138,0
DA:146,0
DA:162,0
DA:163,0
DA:176,0
DA:177,0
DA:184,0
DA:211,0
DA:222,0
DA:230,0
DA:231,0
DA:239,0
LF:63
LH:0
BRDA:31,0,0,0
BRDA:31,0,1,0
BRDA:34,1,0,0
BRDA:34,1,1,0
BRDA:34,2,0,0
BRDA:34,2,1,0
BRDA:37,3,0,0
BRDA:37,3,1,0
BRDA:40,4,0,0
BRDA:40,4,1,0
BRDA:43,5,0,0
BRDA:43,5,1,0
BRDA:46,6,0,0
BRDA:46,6,1,0
BRDA:55,7,0,0
BRDA:55,7,1,0
BRDA:55,8,0,0
BRDA:55,8,1,0
BRDA:67,9,0,0
BRDA:67,9,1,0
BRDA:67,10,0,0
BRDA:67,10,1,0
BRDA:78,11,0,0
BRDA:78,11,1,0
BRDA:103,12,0,0
BRDA:103,12,1,0
BRDA:119,13,0,0
BRDA:119,13,1,0
BRDA:125,14,0,0
BRDA:125,14,1,0
BRDA:125,14,2,0
BRDA:125,14,3,0
BRDA:137,15,0,0
BRDA:137,15,1,0
BRDA:140,16,0,0
BRDA:140,16,1,0
BRDA:145,17,0,0
BRDA:145,17,1,0
BRDA:148,18,0,0
BRDA:148,18,1,0
BRDA:155,19,0,0
BRDA:155,19,1,0
BRDA:158,20,0,0
BRDA:158,20,1,0
BRDA:163,21,0,0
BRDA:163,21,1,0
BRDA:172,22,0,0
BRDA:172,22,1,0
BRDA:177,23,0,0
BRDA:177,23,1,0
BRDA:189,24,0,0
BRDA:189,24,1,0
BRDA:189,25,0,0
BRDA:189,25,1,0
BRDA:189,26,0,0
BRDA:189,26,1,0
BRDA:191,27,0,0
BRDA:191,27,1,0
BRDA:191,27,2,0
BRDA:193,28,0,0
BRDA:193,28,1,0
BRDA:203,29,0,0
BRDA:203,29,1,0
BRF:63
BRH:0
end_of_record
TN:
SF:src/screens/MessagesScreen.js
FN:16,(anonymous_0)
FN:19,(anonymous_1)
FN:20,(anonymous_2)
FN:25,(anonymous_3)
FN:35,(anonymous_4)
FN:46,(anonymous_5)
FN:57,(anonymous_6)
FN:64,(anonymous_7)
FN:68,(anonymous_8)
FN:72,(anonymous_9)
FN:82,(anonymous_10)
FN:104,(anonymous_11)
FN:119,(anonymous_12)
FN:125,(anonymous_13)
FN:158,(anonymous_14)
FN:185,(anonymous_15)
FN:186,(anonymous_16)
FNF:17
FNH:0
FNDA:0,(anonymous_0)
FNDA:0,(anonymous_1)
FNDA:0,(anonymous_2)
FNDA:0,(anonymous_3)
FNDA:0,(anonymous_4)
FNDA:0,(anonymous_5)
FNDA:0,(anonymous_6)
FNDA:0,(anonymous_7)
FNDA:0,(anonymous_8)
FNDA:0,(anonymous_9)
FNDA:0,(anonymous_10)
FNDA:0,(anonymous_11)
FNDA:0,(anonymous_12)
FNDA:0,(anonymous_13)
FNDA:0,(anonymous_14)
FNDA:0,(anonymous_15)
FNDA:0,(anonymous_16)
DA:16,0
DA:17,0
DA:18,0
DA:19,0
DA:20,0
DA:21,0
DA:22,0
DA:25,0
DA:26,0
DA:27,0
DA:28,0
DA:33,0
DA:34,0
DA:35,0
DA:36,0
DA:37,0
DA:46,0
DA:47,0
DA:50,0
DA:52,0
DA:53,0
DA:57,0
DA:58,0
DA:60,0
DA:61,0
DA:64,0
DA:65,0
DA:68,0
DA:72,0
DA:73,0
DA:74,0
DA:75,0
DA:76,0
DA:79,0
DA:82,0
DA:84,0
DA:85,0
DA:86,0
DA:87,0
DA:93,0
DA:94,0
DA:95,0
DA:96,0
DA:101,0
DA:104,0
DA:105,0
DA:106,0
DA:107,0
DA:108,0
DA:110,0
DA:111,0
DA:112,0
DA:113,0
DA:115,0
DA:119,0
DA:120,0
DA:122,0
DA:126,0
DA:127,0
DA:154,0
DA:158,0
DA:185,0
DA:186,0
DA:194,0
LF:64
LH:0
BRDA:40,0,0,0
BRDA:40,0,1,0
BRDA:41,1,0,0
BRDA:41,1,1,0
BRDA:58,2,0,0
BRDA:58,2,1,0
BRDA:73,3,0,0
BRDA:73,3,1,0
BRDA:75,4,0,0
BRDA:75,4,1,0
BRDA:84,5,0,0
BRDA:84,5,1,0
BRDA:84,6,0,0
BRDA:84,6,1,0
BRDA:86,7,0,0
BRDA:86,7,1,0
BRDA:93,8,0,0
BRDA:93,8,1,0
BRDA:95,9,0,0
BRDA:95,9,1,0
BRDA:110,10,0,0
BRDA:110,10,1,0
BRDA:112,11,0,0
BRDA:112,11,1,0
BRDA:144,12,0,0
BRDA:144,12,1,0
BRDA:157,13,0,0
BRDA:157,13,1,0
BRDA:168,14,0,0
BRDA:168,14,1,0
BRDA:172,15,0,0
BRDA:172,15,1,0
BRDA:177,16,0,0
BRDA:177,16,1,0
BRF:34
BRH:0
end_of_record
TN:
SF:src/screens/MyServicesScreen.js
FN:26,(anonymous_0)
FN:29,(anonymous_1)
FN:30,(anonymous_2)
FN:33,(anonymous_3)
FN:49,(anonymous_4)
FN:55,(anonymous_5)
FN:65,(anonymous_6)
FN:78,(anonymous_7)
FN:79,(anonymous_8)
FN:82,(anonymous_9)
FN:130,(anonymous_10)
FN:139,(anonymous_11)
FN:141,(anonymous_12)
FN:144,(anonymous_13)
FN:152,(anonymous_14)
FN:155,(anonymous_15)
FN:186,(anonymous_16)
FN:200,(anonymous_17)
FN:214,(anonymous_18)
FN:220,(anonymous_19)
FN:238,(anonymous_20)
FN:249,(anonymous_21)
FN:250,(anonymous_22)
FN:264,(anonymous_23)
FN:313,(anonymous_24)
FN:320,(anonymous_25)
FN:365,(anonymous_26)
FN:373,(anonymous_27)
FNF:28
FNH:0
FNDA:0,(anonymous_0)
FNDA:0,(anonymous_1)
FNDA:0,(anonymous_2)
FNDA:0,(anonymous_3)
FNDA:0,(anonymous_4)
FNDA:0,(anonymous_5)
FNDA:0,(anonymous_6)
FNDA:0,(anonymous_7)
FNDA:0,(anonymous_8)
FNDA:0,(anonymous_9)
FNDA:0,(anonymous_10)
FNDA:0,(anonymous_11)
FNDA:0,(anonymous_12)
FNDA:0,(anonymous_13)
FNDA:0,(anonymous_14)
FNDA:0,(anonymous_15)
FNDA:0,(anonymous_16)
FNDA:0,(anonymous_17)
FNDA:0,(anonymous_18)
FNDA:0,(anonymous_19)
FNDA:0,(anonymous_20)
FNDA:0,(anonymous_21)
FNDA:0,(anonymous_22)
FNDA:0,(anonymous_23)
FNDA:0,(anonymous_24)
FNDA:0,(anonymous_25)
FNDA:0,(anonymous_26)
FNDA:0,(anonymous_27)
DA:24,0
DA:26,0
DA:27,0
DA:28,0
DA:29,0
DA:30,0
DA:33,0
DA:34,0
DA:35,0
DA:39,0
DA:40,0
DA:43,0
DA:44,0
DA:45,0
DA:46,0
DA:47,0
DA:49,0
DA:50,0
DA:51,0
DA:55,0
DA:56,0
DA:57,0
DA:64,0
DA:65,0
DA:70,0
DA:73,0
DA:74,0
DA:78,0
DA:79,0
DA:82,0
DA:83,0
DA:84,0
DA:85,0
DA:88,0
DA:90,0
DA:102,0
DA:103,0
DA:104,0
DA:105,0
DA:106,0
DA:110,0
DA:122,0
DA:123,0
DA:124,0
DA:125,0
DA:130,0
DA:131,0
DA:132,0
DA:133,0
DA:134,0
DA:135,0
DA:136,0
DA:139,0
DA:140,0
DA:145,0
DA:152,0
DA:153,0
DA:156,0
DA:157,0
DA:158,0
DA:159,0
DA:160,0
DA:161,0
DA:162,0
DA:187,0
DA:188,0
DA:189,0
DA:190,0
DA:191,0
DA:192,0
DA:193,0
DA:200,0
DA:210,0
DA:211,0
DA:214,0
DA:221,0
DA:222,0
DA:239,0
DA:240,0
DA:249,0
DA:250,0
DA:260,0
DA:265,0
DA:266,0
DA:314,0
DA:320,0
DA:366,0
DA:373,0
DA:400,0
LF:89
LH:0
BRDA:34,0,0,0
BRDA:34,0,1,0
BRDA:34,1,0,0
BRDA:34,1,1,0
BRDA:50,2,0,0
BRDA:50,2,1,0
BRDA:64,3,0,0
BRDA:64,3,1,0
BRDA:68,4,0,0
BRDA:68,4,1,0
BRDA:83,5,0,0
BRDA:83,5,1,0
BRDA:83,6,0,0
BRDA:83,6,1,0
BRDA:83,6,2,0
BRDA:88,7,0,0
BRDA:88,7,1,0
BRDA:98,8,0,0
BRDA:98,8,1,0
BRDA:102,9,0,0
BRDA:102,9,1,0
BRDA:118,10,0,0
BRDA:118,10,1,0
BRDA:122,11,0,0
BRDA:122,11,1,0
BRDA:161,12,0,0
BRDA:161,12,1,0
BRDA:179,13,0,0
BRDA:179,13,1,0
BRDA:180,14,0,0
BRDA:180,14,1,0
BRDA:192,15,0,0
BRDA:192,15,1,0
BRDA:210,16,0,0
BRDA:210,16,1,0
BRDA:229,17,0,0
BRDA:229,17,1,0
BRDA:233,18,0,0
BRDA:233,18,1,0
BRDA:272,19,0,0
BRDA:272,19,1,0
BRDA:318,20,0,0
BRDA:318,20,1,0
BRDA:325,21,0,0
BRDA:325,21,1,0
BRDA:355,22,0,0
BRDA:355,22,1,0
BRDA:368,23,0,0
BRDA:368,23,1,0
BRDA:383,24,0,0
BRDA:383,24,1,0
BRDA:387,25,0,0
BRDA:387,25,1,0
BRDA:391,26,0,0
BRDA:391,26,1,0
BRF:55
BRH:0
end_of_record
TN:
SF:src/screens/OTPDisplayScreen.js
FN:22,(anonymous_0)
FN:40,(anonymous_1)
FN:45,(anonymous_2)
FN:51,(anonymous_3)
FN:56,(anonymous_4)
FN:59,(anonymous_5)
FN:74,(anonymous_6)
FNF:7
FNH:0
FNDA:0,(anonymous_0)
FNDA:0,(anonymous_1)
FNDA:0,(anonymous_2)
FNDA:0,(anonymous_3)
FNDA:0,(anonymous_4)
FNDA:0,(anonymous_5)
FNDA:0,(anonymous_6)
DA:22,0
DA:23,0
DA:24,0
DA:25,0
DA:28,0
DA:29,0
DA:30,0
DA:31,0
DA:34,0
DA:35,0
DA:36,0
DA:37,0
DA:40,0
DA:41,0
DA:45,0
DA:46,0
DA:47,0
DA:51,0
DA:52,0
DA:60,0
DA:61,0
DA:64,0
DA:66,0
DA:74,0
DA:75,0
DA:78,0
DA:79,0
DA:86,0
DA:174,0
LF:29
LH:0
BRDA:46,0,0,0
BRDA:46,0,1,0
BRDA:66,1,0,0
BRDA:66,1,1,0
BRDA:78,2,0,0
BRDA:78,2,1,0
BRDA:118,3,0,0
BRDA:118,3,1,0
BRDA:125,4,0,0
BRDA:125,4,1,0
BRDA:128,5,0,0
BRDA:128,5,1,0
BRDA:146,6,0,0
BRDA:146,6,1,0
BRDA:148,7,0,0
BRDA:148,7,1,0
BRF:16
BRH:0
end_of_record
TN:
SF:src/screens/OTPVerificationScreen.js
FN:28,(anonymous_0)
FN:48,(anonymous_1)
FN:55,(anonymous_2)
FN:58,(anonymous_3)
FN:69,(anonymous_4)
FN:73,(anonymous_5)
FN:151,(anonymous_6)
FN:169,(anonymous_7)
FN:174,(anonymous_8)
FN:177,(anonymous_9)
FN:209,(anonymous_10)
FN:214,(anonymous_11)
FN:215,(anonymous_12)
FNF:13
FNH:0
FNDA:0,(anonymous_0)
FNDA:0,(anonymous_1)
FNDA:0,(anonymous_2)
FNDA:0,(anonymous_3)
FNDA:0,(anonymous_4)
FNDA:0,(anonymous_5)
FNDA:0,(anonymous_6)
FNDA:0,(anonymous_7)
FNDA:0,(anonymous_8)
FNDA:0,(anonymous_9)
FNDA:0,(anonymous_10)
FNDA:0,(anonymous_11)
FNDA:0,(anonymous_12)
DA:26,0
DA:28,0
DA:29,0
DA:30,0
DA:31,0
DA:32,0
DA:34,0
DA:37,0
DA:38,0
DA:39,0
DA:40,0
DA:42,0
DA:43,0
DA:44,0
DA:45,0
DA:48,0
DA:49,0
DA:55,0
DA:56,0
DA:58,0
DA:59,0
DA:69,0
DA:70,0
DA:73,0
DA:74,0
DA:75,0
DA:76,0
DA:80,0
DA:81,0
DA:85,0
DA:88,0
DA:90,0
DA:92,0
DA:94,0
DA:103,0
DA:105,0
DA:106,0
DA:107,0
DA:108,0
DA:111,0
DA:112,0
DA:113,0
DA:115,0
DA:118,0
DA:119,0
DA:123,0
DA:124,0
DA:128,0
DA:130,0
DA:132,0
DA:141,0
DA:142,0
DA:145,0
DA:146,0
DA:147,0
DA:148,0
DA:151,0
DA:154,0
DA:160,0
DA:163,0
DA:165,0
DA:169,0
DA:170,0
DA:178,0
DA:180,0
DA:182,0
DA:183,0
DA:184,0
DA:187,0
DA:190,0
DA:191,0
DA:192,0
DA:193,0
DA:194,0
DA:195,0
DA:197,0
DA:199,0
DA:200,0
DA:201,0
DA:209,0
DA:210,0
DA:215,0
DA:220,0
DA:221,0
DA:224,0
DA:225,0
DA:235,0
DA:381,0
LF:88
LH:0
BRDA:34,0,0,0
BRDA:34,0,1,0
BRDA:56,1,0,0
BRDA:56,1,1,0
BRDA:74,2,0,0
BRDA:74,2,1,0
BRDA:74,3,0,0
BRDA:74,3,1,0
BRDA:80,4,0,0
BRDA:80,4,1,0
BRDA:105,5,0,0
BRDA:105,5,1,0
BRDA:118,6,0,0
BRDA:118,6,1,0
BRDA:142,7,0,0
BRDA:142,7,1,0
BRDA:142,8,0,0
BRDA:142,8,1,0
BRDA:145,9,0,0
BRDA:145,9,1,0
BRDA:145,10,0,0
BRDA:145,10,1,0
BRDA:147,11,0,0
BRDA:147,11,1,0
BRDA:182,12,0,0
BRDA:182,12,1,0
BRDA:182,13,0,0
BRDA:182,13,1,0
BRDA:182,13,2,0
BRDA:200,14,0,0
BRDA:200,14,1,0
BRDA:200,15,0,0
BRDA:200,15,1,0
BRDA:224,16,0,0
BRDA:224,16,1,0
BRDA:237,17,0,0
BRDA:237,17,1,0
BRDA:254,18,0,0
BRDA:254,18,1,0
BRDA:277,19,0,0
BRDA:277,19,1,0
BRDA:282,20,0,0
BRDA:282,20,1,0
BRDA:282,20,2,0
BRDA:285,21,0,0
BRDA:285,21,1,0
BRDA:293,22,0,0
BRDA:293,22,1,0
BRDA:297,23,0,0
BRDA:297,23,1,0
BRDA:300,24,0,0
BRDA:300,24,1,0
BRDA:305,25,0,0
BRDA:305,25,1,0
BRDA:309,26,0,0
BRDA:309,26,1,0
BRDA:318,27,0,0
BRDA:318,27,1,0
BRDA:326,28,0,0
BRDA:326,28,1,0
BRDA:343,29,0,0
BRDA:343,29,1,0
BRDA:348,30,0,0
BRDA:348,30,1,0
BRDA:348,30,2,0
BRDA:348,30,3,0
BRDA:351,31,0,0
BRDA:351,31,1,0
BRDA:351,31,2,0
BRDA:353,32,0,0
BRDA:353,32,1,0
BRF:71
BRH:0
end_of_record
TN:
SF:src/screens/PaymentReleasedScreen.js
FN:19,(anonymous_0)
FN:29,(anonymous_1)
FN:30,(anonymous_2)
FN:51,(anonymous_3)
FN:62,(anonymous_4)
FN:75,(anonymous_5)
FN:82,(anonymous_6)
FN:89,(anonymous_7)
FN:96,(anonymous_8)
FNF:9
FNH:0
FNDA:0,(anonymous_0)
FNDA:0,(anonymous_1)
FNDA:0,(anonymous_2)
FNDA:0,(anonymous_3)
FNDA:0,(anonymous_4)
FNDA:0,(anonymous_5)
FNDA:0,(anonymous_6)
FNDA:0,(anonymous_7)
FNDA:0,(anonymous_8)
DA:19,0
DA:20,0
DA:21,0
DA:22,0
DA:24,0
DA:25,0
DA:26,0
DA:29,0
DA:30,0
DA:31,0
DA:32,0
DA:33,0
DA:34,0
DA:36,0
DA:37,0
DA:40,0
DA:42,0
DA:46,0
DA:47,0
DA:51,0
DA:52,0
DA:62,0
DA:63,0
DA:64,0
DA:66,0
DA:71,0
DA:75,0
DA:76,0
DA:82,0
DA:83,0
DA:89,0
DA:90,0
DA:96,0
DA:97,0
DA:100,0
DA:101,0
DA:109,0
DA:279,0
LF:38
LH:0
BRDA:22,0,0,0
BRDA:22,0,1,0
BRDA:36,1,0,0
BRDA:36,1,1,0
BRDA:46,2,0,0
BRDA:46,2,1,0
BRDA:64,3,0,0
BRDA:64,3,1,0
BRDA:100,4,0,0
BRDA:100,4,1,0
BRDA:122,5,0,0
BRDA:122,5,1,0
BRDA:168,6,0,0
BRDA:168,6,1,0
BRDA:177,7,0,0
BRDA:177,7,1,0
BRDA:184,8,0,0
BRDA:184,8,1,0
BRDA:191,9,0,0
BRDA:191,9,1,0
BRF:20
BRH:0
end_of_record
TN:
SF:src/screens/PaymentSuccessScreen.js
FN:11,(anonymous_0)
FN:15,(anonymous_1)
FN:19,(anonymous_2)
FN:29,(anonymous_3)
FNF:4
FNH:0
FNDA:0,(anonymous_0)
FNDA:0,(anonymous_1)
FNDA:0,(anonymous_2)
FNDA:0,(anonymous_3)
DA:11,0
DA:12,0
DA:13,0
DA:15,0
DA:16,0
DA:19,0
DA:20,0
DA:21,0
DA:29,0
DA:30,0
DA:31,0
DA:32,0
DA:41,0
DA:45,0
DA:178,0
LF:15
LH:0
BRDA:13,0,0,0
BRDA:13,0,1,0
BRDA:20,1,0,0
BRDA:20,1,1,0
BRDA:67,2,0,0
BRDA:67,2,1,0
BRDA:71,3,0,0
BRDA:71,3,1,0
BRDA:84,4,0,0
BRDA:84,4,1,0
BRDA:86,5,0,0
BRDA:86,5,1,0
BRDA:89,6,0,0
BRDA:89,6,1,0
BRDA:98,7,0,0
BRDA:98,7,1,0
BRDA:105,8,0,0
BRDA:105,8,1,0
BRDA:126,9,0,0
BRDA:126,9,1,0
BRF:20
BRH:0
end_of_record
TN:
SF:src/screens/PaymentVerifiedScreen.js
FN:21,(anonymous_0)
FN:33,(anonymous_1)
FN:34,(anonymous_2)
FN:93,(anonymous_3)
FN:104,(anonymous_4)
FN:117,(anonymous_5)
FN:125,(anonymous_6)
FN:131,(anonymous_7)
FNF:8
FNH:0
FNDA:0,(anonymous_0)
FNDA:0,(anonymous_1)
FNDA:0,(anonymous_2)
FNDA:0,(anonymous_3)
FNDA:0,(anonymous_4)
FNDA:0,(anonymous_5)
FNDA:0,(anonymous_6)
FNDA:0,(anonymous_7)
DA:21,0
DA:22,0
DA:23,0
DA:24,0
DA:25,0
DA:27,0
DA:28,0
DA:29,0
DA:30,0
DA:33,0
DA:34,0
DA:35,0
DA:36,0
DA:39,0
DA:40,0
DA:41,0
DA:42,0
DA:43,0
DA:46,0
DA:47,0
DA:48,0
DA:49,0
DA:50,0
DA:51,0
DA:55,0
DA:59,0
DA:61,0
DA:62,0
DA:63,0
DA:64,0
DA:67,0
DA:68,0
DA:69,0
DA:70,0
DA:71,0
DA:72,0
DA:76,0
DA:82,0
DA:84,0
DA:88,0
DA:89,0
DA:93,0
DA:94,0
DA:104,0
DA:105,0
DA:106,0
DA:108,0
DA:113,0
DA:117,0
DA:118,0
DA:125,0
DA:126,0
DA:127,0
DA:131,0
DA:132,0
DA:138,0
DA:139,0
DA:147,0
DA:346,0
LF:59
LH:0
BRDA:25,0,0,0
BRDA:25,0,1,0
BRDA:39,1,0,0
BRDA:39,1,1,0
BRDA:39,2,0,0
BRDA:39,2,1,0
BRDA:42,3,0,0
BRDA:42,3,1,0
BRDA:46,4,0,0
BRDA:46,4,1,0
BRDA:50,5,0,0
BRDA:50,5,1,0
BRDA:59,6,0,0
BRDA:59,6,1,0
BRDA:63,7,0,0
BRDA:63,7,1,0
BRDA:67,8,0,0
BRDA:67,8,1,0
BRDA:71,9,0,0
BRDA:71,9,1,0
BRDA:88,10,0,0
BRDA:88,10,1,0
BRDA:106,11,0,0
BRDA:106,11,1,0
BRDA:126,12,0,0
BRDA:126,12,1,0
BRDA:138,13,0,0
BRDA:138,13,1,0
BRDA:160,14,0,0
BRDA:160,14,1,0
BRDA:217,15,0,0
BRDA:217,15,1,0
BRDA:233,16,0,0
BRDA:233,16,1,0
BRDA:237,17,0,0
BRDA:237,17,1,0
BRDA:244,18,0,0
BRDA:244,18,1,0
BRDA:251,19,0,0
BRDA:251,19,1,0
BRDA:319,20,0,0
BRDA:319,20,1,0
BRF:42
BRH:0
end_of_record
TN:
SF:src/screens/ProfileScreen.js
FN:22,(anonymous_0)
FN:24,(anonymous_1)
FN:25,(anonymous_2)
FN:27,(anonymous_3)
FN:36,(anonymous_4)
FN:67,(anonymous_5)
FN:95,(anonymous_6)
FN:97,(anonymous_7)
FN:122,(anonymous_8)
FN:183,(anonymous_9)
FN:192,(anonymous_10)
FN:218,(anonymous_11)
FN:226,(anonymous_12)
FN:247,(anonymous_13)
FN:256,(anonymous_14)
FNF:15
FNH:0
FNDA:0,(anonymous_0)
FNDA:0,(anonymous_1)
FNDA:0,(anonymous_2)
FNDA:0,(anonymous_3)
FNDA:0,(anonymous_4)
FNDA:0,(anonymous_5)
FNDA:0,(anonymous_6)
FNDA:0,(anonymous_7)
FNDA:0,(anonymous_8)
FNDA:0,(anonymous_9)
FNDA:0,(anonymous_10)
FNDA:0,(anonymous_11)
FNDA:0,(anonymous_12)
FNDA:0,(anonymous_13)
FNDA:0,(anonymous_14)
DA:22,0
DA:23,0
DA:24,0
DA:25,0
DA:26,0
DA:27,0
DA:29,0
DA:30,0
DA:31,0
DA:32,0
DA:33,0
DA:34,0
DA:36,0
DA:37,0
DA:38,0
DA:45,0
DA:46,0
DA:47,0
DA:48,0
DA:49,0
DA:51,0
DA:52,0
DA:53,0
DA:54,0
DA:56,0
DA:57,0
DA:60,0
DA:61,0
DA:63,0
DA:67,0
DA:68,0
DA:69,0
DA:70,0
DA:73,0
DA:74,0
DA:75,0
DA:76,0
DA:79,0
DA:80,0
DA:86,0
DA:87,0
DA:88,0
DA:91,0
DA:95,0
DA:97,0
DA:98,0
DA:101,0
DA:102,0
DA:110,0
DA:111,0
DA:112,0
DA:115,0
DA:119,0
DA:122,0
DA:183,0
DA:192,0
DA:218,0
DA:226,0
DA:247,0
DA:257,0
DA:258,0
DA:267,0
LF:62
LH:0
BRDA:30,0,0,0
BRDA:30,0,1,0
BRDA:31,1,0,0
BRDA:31,1,1,0
BRDA:32,2,0,0
BRDA:32,2,1,0
BRDA:45,3,0,0
BRDA:45,3,1,0
BRDA:68,4,0,0
BRDA:68,4,1,0
BRDA:73,5,0,0
BRDA:73,5,1,0
BRDA:73,5,2,0
BRDA:74,6,0,0
BRDA:74,6,1,0
BRDA:82,7,0,0
BRDA:82,7,1,0
BRDA:83,8,0,0
BRDA:83,8,1,0
BRDA:84,9,0,0
BRDA:84,9,1,0
BRDA:86,10,0,0
BRDA:86,10,1,0
BRDA:91,11,0,0
BRDA:91,11,1,0
BRDA:110,12,0,0
BRDA:110,12,1,0
BRDA:137,13,0,0
BRDA:137,13,1,0
BRDA:147,14,0,0
BRDA:147,14,1,0
BRDA:154,15,0,0
BRDA:154,15,1,0
BRDA:182,16,0,0
BRDA:182,16,1,0
BRDA:186,17,0,0
BRDA:186,17,1,0
BRDA:191,18,0,0
BRDA:191,18,1,0
BRDA:195,19,0,0
BRDA:195,19,1,0
BRDA:206,20,0,0
BRDA:206,20,1,0
BRDA:207,21,0,0
BRDA:207,21,1,0
BRDA:210,22,0,0
BRDA:210,22,1,0
BRDA:234,23,0,0
BRDA:234,23,1,0
BRDA:238,24,0,0
BRDA:238,24,1,0
BRF:51
BRH:0
end_of_record
TN:
SF:src/screens/RegisterScreen.js
FN:20,(anonymous_0)
FN:31,(anonymous_1)
FN:33,(anonymous_2)
FN:37,(anonymous_3)
FN:56,(anonymous_4)
FN:71,(anonymous_5)
FN:190,(anonymous_6)
FN:200,(anonymous_7)
FN:225,(anonymous_8)
FN:232,(anonymous_9)
FNF:10
FNH:0
FNDA:0,(anonymous_0)
FNDA:0,(anonymous_1)
FNDA:0,(anonymous_2)
FNDA:0,(anonymous_3)
FNDA:0,(anonymous_4)
FNDA:0,(anonymous_5)
FNDA:0,(anonymous_6)
FNDA:0,(anonymous_7)
FNDA:0,(anonymous_8)
FNDA:0,(anonymous_9)
DA:20,0
DA:21,0
DA:22,0
DA:23,0
DA:24,0
DA:25,0
DA:26,0
DA:27,0
DA:28,0
DA:29,0
DA:30,0
DA:31,0
DA:32,0
DA:33,0
DA:37,0
DA:38,0
DA:40,0
DA:41,0
DA:42,0
DA:43,0
DA:44,0
DA:45,0
DA:47,0
DA:48,0
DA:49,0
DA:50,0
DA:51,0
DA:54,0
DA:56,0
DA:57,0
DA:58,0
DA:59,0
DA:61,0
DA:62,0
DA:63,0
DA:67,0
DA:68,0
DA:71,0
DA:73,0
DA:74,0
DA:75,0
DA:78,0
DA:79,0
DA:80,0
DA:83,0
DA:93,0
DA:94,0
DA:95,0
DA:96,0
DA:97,0
DA:100,0
DA:104,0
DA:190,0
DA:200,0
DA:225,0
DA:233,0
DA:234,0
DA:243,0
LF:58
LH:0
BRDA:38,0,0,0
BRDA:38,0,1,0
BRDA:41,1,0,0
BRDA:41,1,1,0
BRDA:42,2,0,0
BRDA:42,2,1,0
BRDA:43,3,0,0
BRDA:43,3,1,0
BRDA:43,4,0,0
BRDA:43,4,1,0
BRDA:44,5,0,0
BRDA:44,5,1,0
BRDA:45,6,0,0
BRDA:45,6,1,0
BRDA:47,7,0,0
BRDA:47,7,1,0
BRDA:48,8,0,0
BRDA:48,8,1,0
BRDA:49,9,0,0
BRDA:49,9,1,0
BRDA:50,10,0,0
BRDA:50,10,1,0
BRDA:57,11,0,0
BRDA:57,11,1,0
BRDA:57,12,0,0
BRDA:57,12,1,0
BRDA:57,12,2,0
BRDA:57,12,3,0
BRDA:61,13,0,0
BRDA:61,13,1,0
BRDA:73,14,0,0
BRDA:73,14,1,0
BRDA:78,15,0,0
BRDA:78,15,1,0
BRDA:93,16,0,0
BRDA:93,16,1,0
BRDA:93,17,0,0
BRDA:93,17,1,0
BRDA:93,17,2,0
BRDA:100,18,0,0
BRDA:100,18,1,0
BRDA:106,19,0,0
BRDA:106,19,1,0
BRDA:143,20,0,0
BRDA:143,20,1,0
BRDA:160,21,0,0
BRDA:160,21,1,0
BRDA:161,22,0,0
BRDA:161,22,1,0
BRDA:163,23,0,0
BRDA:163,23,1,0
BRDA:163,23,2,0
BRDA:164,24,0,0
BRDA:164,24,1,0
BRDA:164,25,0,0
BRDA:164,25,1,0
BRDA:166,26,0,0
BRDA:166,26,1,0
BRDA:167,27,0,0
BRDA:167,27,1,0
BRDA:169,28,0,0
BRDA:169,28,1,0
BRDA:170,29,0,0
BRDA:170,29,1,0
BRDA:189,30,0,0
BRDA:189,30,1,0
BRDA:193,31,0,0
BRDA:193,31,1,0
BRDA:199,32,0,0
BRDA:199,32,1,0
BRDA:203,33,0,0
BRDA:203,33,1,0
BRDA:214,34,0,0
BRDA:214,34,1,0
BRDA:218,35,0,0
BRDA:218,35,1,0
BRF:76
BRH:0
end_of_record
TN:
SF:src/screens/ServiceCompletionScreen.js
FN:24,(anonymous_0)
FN:29,(anonymous_1)
FN:40,(anonymous_2)
FN:41,(anonymous_3)
FN:100,(anonymous_4)
FN:104,(anonymous_5)
FN:146,(anonymous_6)
FNF:7
FNH:0
FNDA:0,(anonymous_0)
FNDA:0,(anonymous_1)
FNDA:0,(anonymous_2)
FNDA:0,(anonymous_3)
FNDA:0,(anonymous_4)
FNDA:0,(anonymous_5)
FNDA:0,(anonymous_6)
DA:24,0
DA:25,0
DA:26,0
DA:27,0
DA:28,0
DA:29,0
DA:31,0
DA:32,0
DA:33,0
DA:35,0
DA:36,0
DA:37,0
DA:40,0
DA:41,0
DA:42,0
DA:44,0
DA:45,0
DA:46,0
DA:48,0
DA:49,0
DA:52,0
DA:53,0
DA:54,0
DA:55,0
DA:56,0
DA:57,0
DA:60,0
DA:66,0
DA:67,0
DA:68,0
DA:69,0
DA:70,0
DA:71,0
DA:72,0
DA:73,0
DA:75,0
DA:78,0
DA:81,0
DA:82,0
DA:85,0
DA:86,0
DA:89,0
DA:92,0
DA:93,0
DA:100,0
DA:101,0
DA:104,0
DA:105,0
DA:107,0
DA:108,0
DA:111,0
DA:119,0
DA:127,0
DA:128,0
DA:131,0
DA:136,0
DA:142,0
DA:146,0
DA:147,0
DA:150,0
DA:281,0
LF:61
LH:0
BRDA:31,0,0,0
BRDA:31,0,1,0
BRDA:42,1,0,0
BRDA:42,1,1,0
BRDA:52,2,0,0
BRDA:52,2,1,0
BRDA:52,3,0,0
BRDA:52,3,1,0
BRDA:56,4,0,0
BRDA:56,4,1,0
BRDA:57,5,0,0
BRDA:57,5,1,0
BRDA:66,6,0,0
BRDA:66,6,1,0
BRDA:66,7,0,0
BRDA:66,7,1,0
BRDA:71,8,0,0
BRDA:71,8,1,0
BRDA:72,9,0,0
BRDA:72,9,1,0
BRDA:81,10,0,0
BRDA:81,10,1,0
BRDA:92,11,0,0
BRDA:92,11,1,0
BRDA:108,12,0,0
BRDA:108,12,1,0
BRDA:115,13,0,0
BRDA:115,13,1,0
BRDA:127,14,0,0
BRDA:127,14,1,0
BRDA:142,15,0,0
BRDA:142,15,1,0
BRDA:161,16,0,0
BRDA:161,16,1,0
BRDA:161,16,2,0
BRDA:168,17,0,0
BRDA:168,17,1,0
BRDA:168,17,2,0
BRDA:168,17,3,0
BRDA:168,17,4,0
BRDA:175,18,0,0
BRDA:175,18,1,0
BRDA:183,19,0,0
BRDA:183,19,1,0
BRDA:183,20,0,0
BRDA:183,20,1,0
BRDA:192,21,0,0
BRDA:192,21,1,0
BRDA:200,22,0,0
BRDA:200,22,1,0
BRDA:226,23,0,0
BRDA:226,23,1,0
BRDA:238,24,0,0
BRDA:238,24,1,0
BRDA:246,25,0,0
BRDA:246,25,1,0
BRDA:267,26,0,0
BRDA:267,26,1,0
BRF:58
BRH:0
end_of_record
TN:
SF:src/screens/ServiceDetailScreen.js
FN:26,(anonymous_0)
FN:29,(anonymous_1)
FN:31,(anonymous_2)
FN:33,(anonymous_3)
FN:46,(anonymous_4)
FN:47,(anonymous_5)
FN:62,(anonymous_6)
FN:74,(anonymous_7)
FN:87,(anonymous_8)
FN:89,(anonymous_9)
FN:129,(anonymous_10)
FN:170,(anonymous_11)
FN:208,(anonymous_12)
FN:209,(anonymous_13)
FN:214,(anonymous_14)
FN:220,(anonymous_15)
FN:236,(anonymous_16)
FN:262,(anonymous_17)
FN:297,(anonymous_18)
FN:331,(anonymous_19)
FN:332,(anonymous_20)
FN:345,(anonymous_21)
FN:364,(anonymous_22)
FN:374,(anonymous_23)
FN:399,(anonymous_24)
FN:439,(anonymous_25)
FNF:26
FNH:0
FNDA:0,(anonymous_0)
FNDA:0,(anonymous_1)
FNDA:0,(anonymous_2)
FNDA:0,(anonymous_3)
FNDA:0,(anonymous_4)
FNDA:0,(anonymous_5)
FNDA:0,(anonymous_6)
FNDA:0,(anonymous_7)
FNDA:0,(anonymous_8)
FNDA:0,(anonymous_9)
FNDA:0,(anonymous_10)
FNDA:0,(anonymous_11)
FNDA:0,(anonymous_12)
FNDA:0,(anonymous_13)
FNDA:0,(anonymous_14)
FNDA:0,(anonymous_15)
FNDA:0,(anonymous_16)
FNDA:0,(anonymous_17)
FNDA:0,(anonymous_18)
FNDA:0,(anonymous_19)
FNDA:0,(anonymous_20)
FNDA:0,(anonymous_21)
FNDA:0,(anonymous_22)
FNDA:0,(anonymous_23)
FNDA:0,(anonymous_24)
FNDA:0,(anonymous_25)
DA:26,0
DA:27,0
DA:28,0
DA:29,0
DA:30,0
DA:31,0
DA:33,0
DA:34,0
DA:36,0
DA:37,0
DA:38,0
DA:39,0
DA:40,0
DA:41,0
DA:42,0
DA:43,0
DA:46,0
DA:47,0
DA:48,0
DA:49,0
DA:50,0
DA:51,0
DA:52,0
DA:55,0
DA:58,0
DA:62,0
DA:63,0
DA:64,0
DA:65,0
DA:66,0
DA:67,0
DA:70,0
DA:74,0
DA:76,0
DA:79,0
DA:80,0
DA:84,0
DA:87,0
DA:89,0
DA:90,0
DA:91,0
DA:92,0
DA:94,0
DA:95,0
DA:96,0
DA:99,0
DA:100,0
DA:101,0
DA:113,0
DA:114,0
DA:115,0
DA:116,0
DA:117,0
DA:120,0
DA:121,0
DA:123,0
DA:125,0
DA:129,0
DA:130,0
DA:132,0
DA:142,0
DA:156,0
DA:159,0
DA:165,0
DA:166,0
DA:170,0
DA:171,0
DA:173,0
DA:174,0
DA:175,0
DA:179,0
DA:181,0
DA:182,0
DA:183,0
DA:186,0
DA:196,0
DA:197,0
DA:203,0
DA:204,0
DA:208,0
DA:209,0
DA:214,0
DA:215,0
DA:221,0
DA:237,0
DA:258,0
DA:262,0
DA:297,0
DA:331,0
DA:333,0
DA:345,0
DA:365,0
DA:375,0
DA:400,0
DA:401,0
DA:402,0
DA:403,0
DA:439,0
DA:449,0
LF:99
LH:0
BRDA:51,0,0,0
BRDA:51,0,1,0
BRDA:66,1,0,0
BRDA:66,1,1,0
BRDA:79,2,0,0
BRDA:79,2,1,0
BRDA:90,3,0,0
BRDA:90,3,1,0
BRDA:90,4,0,0
BRDA:90,4,1,0
BRDA:94,5,0,0
BRDA:94,5,1,0
BRDA:123,6,0,0
BRDA:123,6,1,0
BRDA:137,7,0,0
BRDA:137,7,1,0
BRDA:146,8,0,0
BRDA:146,8,1,0
BRDA:146,8,2,0
BRDA:166,9,0,0
BRDA:166,9,1,0
BRDA:173,10,0,0
BRDA:173,10,1,0
BRDA:173,11,0,0
BRDA:173,11,1,0
BRDA:179,12,0,0
BRDA:179,12,1,0
BRDA:181,13,0,0
BRDA:181,13,1,0
BRDA:204,14,0,0
BRDA:204,14,1,0
BRDA:210,15,0,0
BRDA:210,15,1,0
BRDA:225,16,0,0
BRDA:225,16,1,0
BRDA:241,17,0,0
BRDA:241,17,1,0
BRDA:279,18,0,0
BRDA:279,18,1,0
BRDA:281,19,0,0
BRDA:281,19,1,0
BRDA:317,20,0,0
BRDA:317,20,1,0
BRDA:325,21,0,0
BRDA:325,21,1,0
BRDA:327,22,0,0
BRDA:327,22,1,0
BRDA:342,23,0,0
BRDA:342,23,1,0
BRDA:342,23,2,0
BRDA:342,23,3,0
BRDA:348,24,0,0
BRDA:348,24,1,0
BRDA:354,25,0,0
BRDA:354,25,1,0
BRDA:354,25,2,0
BRDA:354,25,3,0
BRDA:357,26,0,0
BRDA:357,26,1,0
BRDA:410,27,0,0
BRDA:410,27,1,0
BRDA:414,28,0,0
BRDA:414,28,1,0
BRDA:425,29,0,0
BRDA:425,29,1,0
BRDA:425,29,2,0
BRF:66
BRH:0
end_of_record
TN:
SF:src/screens/ServiceRatingsScreen.js
FN:16,(anonymous_0)
FN:19,(anonymous_1)
FN:27,(anonymous_2)
FN:63,(anonymous_3)
FN:64,(anonymous_4)
FN:69,(anonymous_5)
FN:74,(anonymous_6)
FN:89,(anonymous_7)
FN:103,(anonymous_8)
FN:117,(anonymous_9)
FN:153,(anonymous_10)
FN:154,(anonymous_11)
FNF:12
FNH:0
FNDA:0,(anonymous_0)
FNDA:0,(anonymous_1)
FNDA:0,(anonymous_2)
FNDA:0,(anonymous_3)
FNDA:0,(anonymous_4)
FNDA:0,(anonymous_5)
FNDA:0,(anonymous_6)
FNDA:0,(anonymous_7)
FNDA:0,(anonymous_8)
FNDA:0,(anonymous_9)
FNDA:0,(anonymous_10)
FNDA:0,(anonymous_11)
DA:16,0
DA:17,0
DA:18,0
DA:19,0
DA:21,0
DA:22,0
DA:23,0
DA:24,0
DA:25,0
DA:27,0
DA:28,0
DA:29,0
DA:30,0
DA:32,0
DA:33,0
DA:34,0
DA:37,0
DA:38,0
DA:40,0
DA:49,0
DA:50,0
DA:51,0
DA:53,0
DA:54,0
DA:55,0
DA:57,0
DA:59,0
DA:63,0
DA:64,0
DA:69,0
DA:70,0
DA:75,0
DA:86,0
DA:89,0
DA:104,0
DA:117,0
DA:153,0
DA:154,0
DA:164,0
LF:39
LH:0
BRDA:25,0,0,0
BRDA:25,0,1,0
BRDA:28,1,0,0
BRDA:28,1,1,0
BRDA:32,2,0,0
BRDA:32,2,1,0
BRDA:65,3,0,0
BRDA:65,3,1,0
BRDA:75,4,0,0
BRDA:75,4,1,0
BRDA:104,5,0,0
BRDA:104,5,1,0
BRDA:133,6,0,0
BRDA:133,6,1,0
BRDA:137,7,0,0
BRDA:137,7,1,0
BRDA:148,8,0,0
BRDA:148,8,1,0
BRF:18
BRH:0
end_of_record
TN:
SF:src/screens/ServicesScreen.js
FN:28,(anonymous_0)
FN:31,(anonymous_1)
FN:32,(anonymous_2)
FN:47,(anonymous_3)
FN:54,(anonymous_4)
FN:64,(anonymous_5)
FN:77,(anonymous_6)
FN:78,(anonymous_7)
FN:81,(anonymous_8)
FN:138,(anonymous_9)
FN:140,(anonymous_10)
FN:143,(anonymous_11)
FN:152,(anonymous_12)
FN:160,(anonymous_13)
FN:163,(anonymous_14)
FN:199,(anonymous_15)
FN:213,(anonymous_16)
FN:229,(anonymous_17)
FN:237,(anonymous_18)
FN:255,(anonymous_19)
FN:265,(anonymous_20)
FN:274,(anonymous_21)
FN:283,(anonymous_22)
FN:307,(anonymous_23)
FN:319,(anonymous_24)
FN:330,(anonymous_25)
FN:334,(anonymous_26)
FN:348,(anonymous_27)
FN:377,(anonymous_28)
FN:378,(anonymous_29)
FN:386,(anonymous_30)
FN:419,(anonymous_31)
FN:428,(anonymous_32)
FN:437,(anonymous_33)
FN:447,(anonymous_34)
FN:456,(anonymous_35)
FN:465,(anonymous_36)
FN:487,(anonymous_37)
FN:488,(anonymous_38)
FN:491,(anonymous_39)
FN:514,(anonymous_40)
FN:515,(anonymous_41)
FN:529,(anonymous_42)
FNF:43
FNH:0
FNDA:0,(anonymous_0)
FNDA:0,(anonymous_1)
FNDA:0,(anonymous_2)
FNDA:0,(anonymous_3)
FNDA:0,(anonymous_4)
FNDA:0,(anonymous_5)
FNDA:0,(anonymous_6)
FNDA:0,(anonymous_7)
FNDA:0,(anonymous_8)
FNDA:0,(anonymous_9)
FNDA:0,(anonymous_10)
FNDA:0,(anonymous_11)
FNDA:0,(anonymous_12)
FNDA:0,(anonymous_13)
FNDA:0,(anonymous_14)
FNDA:0,(anonymous_15)
FNDA:0,(anonymous_16)
FNDA:0,(anonymous_17)
FNDA:0,(anonymous_18)
FNDA:0,(anonymous_19)
FNDA:0,(anonymous_20)
FNDA:0,(anonymous_21)
FNDA:0,(anonymous_22)
FNDA:0,(anonymous_23)
FNDA:0,(anonymous_24)
FNDA:0,(anonymous_25)
FNDA:0,(anonymous_26)
FNDA:0,(anonymous_27)
FNDA:0,(anonymous_28)
FNDA:0,(anonymous_29)
FNDA:0,(anonymous_30)
FNDA:0,(anonymous_31)
FNDA:0,(anonymous_32)
FNDA:0,(anonymous_33)
FNDA:0,(anonymous_34)
FNDA:0,(anonymous_35)
FNDA:0,(anonymous_36)
FNDA:0,(anonymous_37)
FNDA:0,(anonymous_38)
FNDA:0,(anonymous_39)
FNDA:0,(anonymous_40)
FNDA:0,(anonymous_41)
FNDA:0,(anonymous_42)
DA:26,0
DA:28,0
DA:29,0
DA:30,0
DA:31,0
DA:32,0
DA:34,0
DA:35,0
DA:36,0
DA:37,0
DA:38,0
DA:41,0
DA:42,0
DA:43,0
DA:44,0
DA:45,0
DA:47,0
DA:48,0
DA:49,0
DA:50,0
DA:54,0
DA:55,0
DA:56,0
DA:63,0
DA:64,0
DA:69,0
DA:72,0
DA:73,0
DA:77,0
DA:78,0
DA:81,0
DA:82,0
DA:83,0
DA:84,0
DA:87,0
DA:89,0
DA:101,0
DA:102,0
DA:103,0
DA:104,0
DA:105,0
DA:106,0
DA:107,0
DA:108,0
DA:109,0
DA:110,0
DA:114,0
DA:126,0
DA:127,0
DA:128,0
DA:129,0
DA:130,0
DA:131,0
DA:132,0
DA:133,0
DA:138,0
DA:139,0
DA:144,0
DA:151,0
DA:153,0
DA:160,0
DA:161,0
DA:164,0
DA:166,0
DA:200,0
DA:201,0
DA:202,0
DA:203,0
DA:204,0
DA:205,0
DA:206,0
DA:213,0
DA:223,0
DA:224,0
DA:229,0
DA:238,0
DA:239,0
DA:240,0
DA:241,0
DA:242,0
DA:243,0
DA:244,0
DA:246,0
DA:255,0
DA:266,0
DA:267,0
DA:275,0
DA:276,0
DA:284,0
DA:285,0
DA:308,0
DA:309,0
DA:320,0
DA:321,0
DA:331,0
DA:334,0
DA:349,0
DA:350,0
DA:377,0
DA:379,0
DA:386,0
DA:414,0
DA:419,0
DA:428,0
DA:437,0
DA:448,0
DA:449,0
DA:457,0
DA:458,0
DA:466,0
DA:467,0
DA:487,0
DA:489,0
DA:491,0
DA:514,0
DA:516,0
DA:529,0
DA:540,0
LF:118
LH:0
BRDA:49,0,0,0
BRDA:49,0,1,0
BRDA:63,1,0,0
BRDA:63,1,1,0
BRDA:67,2,0,0
BRDA:67,2,1,0
BRDA:82,3,0,0
BRDA:82,3,1,0
BRDA:82,4,0,0
BRDA:82,4,1,0
BRDA:82,4,2,0
BRDA:87,5,0,0
BRDA:87,5,1,0
BRDA:97,6,0,0
BRDA:97,6,1,0
BRDA:101,7,0,0
BRDA:101,7,1,0
BRDA:122,8,0,0
BRDA:122,8,1,0
BRDA:126,9,0,0
BRDA:126,9,1,0
BRDA:153,10,0,0
BRDA:153,10,1,0
BRDA:153,10,2,0
BRDA:153,10,3,0
BRDA:153,10,4,0
BRDA:153,10,5,0
BRDA:160,11,0,0
BRDA:164,12,0,0
BRDA:164,12,1,0
BRDA:164,13,0,0
BRDA:164,13,1,0
BRDA:181,14,0,0
BRDA:181,14,1,0
BRDA:189,15,0,0
BRDA:189,15,1,0
BRDA:190,16,0,0
BRDA:190,16,1,0
BRDA:195,17,0,0
BRDA:195,17,1,0
BRDA:205,18,0,0
BRDA:205,18,1,0
BRDA:223,19,0,0
BRDA:223,19,1,0
BRDA:223,20,0,0
BRDA:223,20,1,0
BRDA:223,20,2,0
BRDA:228,21,0,0
BRDA:228,21,1,0
BRDA:231,22,0,0
BRDA:231,22,1,0
BRDA:236,23,0,0
BRDA:236,23,1,0
BRDA:236,23,2,0
BRDA:238,24,0,0
BRDA:238,24,1,0
BRDA:249,25,0,0
BRDA:249,25,1,0
BRDA:249,25,2,0
BRDA:250,26,0,0
BRDA:250,26,1,0
BRDA:261,27,0,0
BRDA:261,27,1,0
BRDA:296,28,0,0
BRDA:296,28,1,0
BRDA:309,29,0,0
BRDA:309,29,1,0
BRDA:321,30,0,0
BRDA:321,30,1,0
BRDA:333,31,0,0
BRDA:333,31,1,0
BRDA:336,32,0,0
BRDA:336,32,1,0
BRDA:350,33,0,0
BRDA:350,33,1,0
BRDA:360,34,0,0
BRDA:360,34,1,0
BRDA:368,35,0,0
BRDA:368,35,1,0
BRDA:371,36,0,0
BRDA:371,36,1,0
BRDA:397,37,0,0
BRDA:397,37,1,0
BRDA:401,38,0,0
BRDA:401,38,1,0
BRDA:405,39,0,0
BRDA:405,39,1,0
BRDA:418,40,0,0
BRDA:418,40,1,0
BRDA:421,41,0,0
BRDA:421,41,1,0
BRDA:425,42,0,0
BRDA:425,42,1,0
BRDA:427,43,0,0
BRDA:427,43,1,0
BRDA:430,44,0,0
BRDA:430,44,1,0
BRDA:443,45,0,0
BRDA:443,45,1,0
BRDA:490,46,0,0
BRDA:490,46,1,0
BRDA:493,47,0,0
BRDA:493,47,1,0
BRDA:503,48,0,0
BRDA:503,48,1,0
BRDA:507,49,0,0
BRDA:507,49,1,0
BRDA:518,50,0,0
BRDA:518,50,1,0
BRDA:526,51,0,0
BRDA:526,51,1,0
BRF:111
BRH:0
end_of_record
TN:
SF:src/screens/TechnicianBookingsScreen.js
FN:17,(anonymous_0)
FN:19,(anonymous_1)
FN:26,(anonymous_2)
FN:30,(anonymous_3)
FN:111,(anonymous_4)
FN:128,(anonymous_5)
FN:133,(anonymous_6)
FN:136,(anonymous_7)
FN:139,(anonymous_8)
FN:144,(anonymous_9)
FN:149,(anonymous_10)
FN:164,(anonymous_11)
FN:179,(anonymous_12)
FN:188,(anonymous_13)
FN:208,(anonymous_14)
FN:212,(anonymous_15)
FN:221,(anonymous_16)
FN:240,(anonymous_17)
FN:255,(anonymous_18)
FN:304,(anonymous_19)
FN:310,(anonymous_20)
FN:321,(anonymous_21)
FN:327,(anonymous_22)
FN:337,(anonymous_23)
FN:362,(anonymous_24)
FN:370,(anonymous_25)
FN:378,(anonymous_26)
FN:391,(anonymous_27)
FN:418,(anonymous_28)
FNF:29
FNH:0
FNDA:0,(anonymous_0)
FNDA:0,(anonymous_1)
FNDA:0,(anonymous_2)
FNDA:0,(anonymous_3)
FNDA:0,(anonymous_4)
FNDA:0,(anonymous_5)
FNDA:0,(anonymous_6)
FNDA:0,(anonymous_7)
FNDA:0,(anonymous_8)
FNDA:0,(anonymous_9)
FNDA:0,(anonymous_10)
FNDA:0,(anonymous_11)
FNDA:0,(anonymous_12)
FNDA:0,(anonymous_13)
FNDA:0,(anonymous_14)
FNDA:0,(anonymous_15)
FNDA:0,(anonymous_16)
FNDA:0,(anonymous_17)
FNDA:0,(anonymous_18)
FNDA:0,(anonymous_19)
FNDA:0,(anonymous_20)
FNDA:0,(anonymous_21)
FNDA:0,(anonymous_22)
FNDA:0,(anonymous_23)
FNDA:0,(anonymous_24)
FNDA:0,(anonymous_25)
FNDA:0,(anonymous_26)
FNDA:0,(anonymous_27)
FNDA:0,(anonymous_28)
DA:17,0
DA:18,0
DA:19,0
DA:20,0
DA:21,0
DA:22,0
DA:23,0
DA:24,0
DA:26,0
DA:27,0
DA:30,0
DA:31,0
DA:33,0
DA:34,0
DA:35,0
DA:39,0
DA:42,0
DA:46,0
DA:48,0
DA:51,0
DA:52,0
DA:53,0
DA:54,0
DA:59,0
DA:61,0
DA:62,0
DA:63,0
DA:70,0
DA:71,0
DA:72,0
DA:73,0
DA:74,0
DA:75,0
DA:76,0
DA:77,0
DA:78,0
DA:79,0
DA:82,0
DA:87,0
DA:88,0
DA:89,0
DA:90,0
DA:91,0
DA:92,0
DA:93,0
DA:94,0
DA:95,0
DA:98,0
DA:102,0
DA:105,0
DA:111,0
DA:112,0
DA:113,0
DA:114,0
DA:117,0
DA:119,0
DA:120,0
DA:122,0
DA:123,0
DA:128,0
DA:129,0
DA:130,0
DA:133,0
DA:134,0
DA:135,0
DA:136,0
DA:137,0
DA:138,0
DA:139,0
DA:143,0
DA:144,0
DA:149,0
DA:150,0
DA:151,0
DA:152,0
DA:160,0
DA:164,0
DA:165,0
DA:167,0
DA:169,0
DA:171,0
DA:173,0
DA:175,0
DA:179,0
DA:180,0
DA:189,0
DA:190,0
DA:191,0
DA:195,0
DA:196,0
DA:198,0
DA:199,0
DA:200,0
DA:208,0
DA:209,0
DA:212,0
DA:213,0
DA:222,0
DA:223,0
DA:224,0
DA:227,0
DA:228,0
DA:230,0
DA:231,0
DA:232,0
DA:240,0
DA:241,0
DA:256,0
DA:304,0
DA:310,0
DA:321,0
DA:327,0
DA:338,0
DA:351,0
DA:353,0
DA:362,0
DA:370,0
DA:378,0
DA:392,0
DA:393,0
DA:418,0
DA:438,0
LF:122
LH:0
BRDA:31,0,0,0
BRDA:31,0,1,0
BRDA:35,1,0,0
BRDA:35,1,1,0
BRDA:70,2,0,0
BRDA:70,2,1,0
BRDA:74,3,0,0
BRDA:74,3,1,0
BRDA:76,4,0,0
BRDA:76,4,1,0
BRDA:77,5,0,0
BRDA:77,5,1,0
BRDA:78,6,0,0
BRDA:78,6,1,0
BRDA:79,7,0,0
BRDA:79,7,1,0
BRDA:87,8,0,0
BRDA:87,8,1,0
BRDA:91,9,0,0
BRDA:91,9,1,0
BRDA:93,10,0,0
BRDA:93,10,1,0
BRDA:93,10,2,0
BRDA:94,11,0,0
BRDA:94,11,1,0
BRDA:95,12,0,0
BRDA:95,12,1,0
BRDA:112,13,0,0
BRDA:112,13,1,0
BRDA:113,14,0,0
BRDA:113,14,1,0
BRDA:120,15,0,0
BRDA:120,15,1,0
BRDA:135,16,0,0
BRDA:135,16,1,0
BRDA:137,17,0,0
BRDA:137,17,1,0
BRDA:139,18,0,0
BRDA:139,18,1,0
BRDA:144,19,0,0
BRDA:144,19,1,0
BRDA:144,19,2,0
BRDA:144,19,3,0
BRDA:165,20,0,0
BRDA:165,20,1,0
BRDA:165,20,2,0
BRDA:165,20,3,0
BRDA:165,20,4,0
BRDA:199,21,0,0
BRDA:199,21,1,0
BRDA:231,22,0,0
BRDA:231,22,1,0
BRDA:287,23,0,0
BRDA:287,23,1,0
BRDA:300,24,0,0
BRDA:300,24,1,0
BRDA:317,25,0,0
BRDA:317,25,1,0
BRDA:334,26,0,0
BRDA:334,26,1,0
BRDA:334,26,2,0
BRDA:361,27,0,0
BRDA:361,27,1,0
BRDA:364,28,0,0
BRDA:364,28,1,0
BRDA:369,29,0,0
BRDA:369,29,1,0
BRDA:372,30,0,0
BRDA:372,30,1,0
BRDA:377,31,0,0
BRDA:377,31,1,0
BRDA:380,32,0,0
BRDA:380,32,1,0
BRDA:386,33,0,0
BRDA:386,33,1,0
BRDA:401,34,0,0
BRDA:401,34,1,0
BRDA:405,35,0,0
BRDA:405,35,1,0
BRDA:408,36,0,0
BRDA:408,36,1,0
BRDA:410,37,0,0
BRDA:410,37,1,0
BRF:83
BRH:0
end_of_record
TN:
SF:src/screens/TechnicianProfileScreen.js
FN:18,(anonymous_0)
FN:22,(anonymous_1)
FN:23,(anonymous_2)
FN:24,(anonymous_3)
FN:28,(anonymous_4)
FN:32,(anonymous_5)
FN:62,(anonymous_6)
FN:65,(anonymous_7)
FN:87,(anonymous_8)
FN:108,(anonymous_9)
FN:112,(anonymous_10)
FN:150,(anonymous_11)
FN:151,(anonymous_12)
FNF:13
FNH:0
FNDA:0,(anonymous_0)
FNDA:0,(anonymous_1)
FNDA:0,(anonymous_2)
FNDA:0,(anonymous_3)
FNDA:0,(anonymous_4)
FNDA:0,(anonymous_5)
FNDA:0,(anonymous_6)
FNDA:0,(anonymous_7)
FNDA:0,(anonymous_8)
FNDA:0,(anonymous_9)
FNDA:0,(anonymous_10)
FNDA:0,(anonymous_11)
FNDA:0,(anonymous_12)
DA:18,0
DA:19,0
DA:20,0
DA:21,0
DA:22,0
DA:23,0
DA:24,0
DA:26,0
DA:28,0
DA:29,0
DA:32,0
DA:33,0
DA:34,0
DA:35,0
DA:38,0
DA:39,0
DA:48,0
DA:49,0
DA:54,0
DA:57,0
DA:58,0
DA:62,0
DA:63,0
DA:83,0
DA:87,0
DA:108,0
DA:112,0
DA:150,0
DA:151,0
DA:165,0
LF:30
LH:0
BRDA:33,0,0,0
BRDA:33,0,1,0
BRDA:48,1,0,0
BRDA:48,1,1,0
BRDA:54,2,0,0
BRDA:54,2,1,0
BRDA:58,3,0,0
BRDA:58,3,1,0
BRDA:78,4,0,0
BRDA:78,4,1,0
BRDA:99,5,0,0
BRDA:99,5,1,0
BRDA:104,6,0,0
BRDA:104,6,1,0
BRDA:108,7,0,0
BRDA:108,7,1,0
BRDA:112,8,0,0
BRDA:112,8,1,0
BRDA:119,9,0,0
BRDA:119,9,1,0
BRDA:121,10,0,0
BRDA:121,10,1,0
BRDA:125,11,0,0
BRDA:125,11,1,0
BRDA:139,12,0,0
BRDA:139,12,1,0
BRDA:143,13,0,0
BRDA:143,13,1,0
BRF:28
BRH:0
end_of_record
TN:
SF:src/utils/firebasePhoneAuth.js
FN:15,(anonymous_0)
FN:78,(anonymous_1)
FN:130,(anonymous_2)
FN:161,(anonymous_3)
FNF:4
FNH:0
FNDA:0,(anonymous_0)
FNDA:0,(anonymous_1)
FNDA:0,(anonymous_2)
FNDA:0,(anonymous_3)
DA:6,0
DA:9,0
DA:15,0
DA:16,0
DA:18,0
DA:19,0
DA:26,0
DA:28,0
DA:29,0
DA:30,0
DA:32,0
DA:43,0
DA:45,0
DA:52,0
DA:55,0
DA:56,0
DA:57,0
DA:58,0
DA:59,0
DA:60,0
DA:61,0
DA:62,0
DA:63,0
DA:64,0
DA:65,0
DA:68,0
DA:78,0
DA:79,0
DA:80,0
DA:81,0
DA:88,0
DA:89,0
DA:90,0
DA:99,0
DA:104,0
DA:106,0
DA:112,0
DA:114,0
DA:115,0
DA:116,0
DA:117,0
DA:118,0
DA:121,0
DA:130,0
DA:131,0
DA:133,0
DA:134,0
DA:140,0
DA:141,0
DA:147,0
DA:152,0
DA:153,0
DA:161,0
DA:162,0
DA:163,0
DA:164,0
DA:165,0
DA:167,0
DA:169,0
DA:170,0
LF:60
LH:0
BRDA:18,0,0,0
BRDA:18,0,1,0
BRDA:18,1,0,0
BRDA:18,1,1,0
BRDA:26,2,0,0
BRDA:26,2,1,0
BRDA:56,3,0,0
BRDA:56,3,1,0
BRDA:58,4,0,0
BRDA:58,4,1,0
BRDA:60,5,0,0
BRDA:60,5,1,0
BRDA:60,6,0,0
BRDA:60,6,1,0
BRDA:62,7,0,0
BRDA:62,7,1,0
BRDA:64,8,0,0
BRDA:64,8,1,0
BRDA:64,9,0,0
BRDA:64,9,1,0
BRDA:80,10,0,0
BRDA:80,10,1,0
BRDA:80,11,0,0
BRDA:80,11,1,0
BRDA:88,12,0,0
BRDA:88,12,1,0
BRDA:88,13,0,0
BRDA:88,13,1,0
BRDA:89,14,0,0
BRDA:89,14,1,0
BRDA:115,15,0,0
BRDA:115,15,1,0
BRDA:117,16,0,0
BRDA:117,16,1,0
BRDA:130,17,0,0
BRDA:133,18,0,0
BRDA:133,18,1,0
BRDA:144,19,0,0
BRDA:144,19,1,0
BRDA:164,20,0,0
BRDA:164,20,1,0
BRF:41
BRH:0
end_of_record
TN:
SF:src/utils/otpService.js
FN:10,(anonymous_0)
FN:20,(anonymous_1)
FN:31,(anonymous_2)
FN:42,(anonymous_3)
FN:57,(anonymous_4)
FN:82,(anonymous_5)
FN:96,(anonymous_6)
FNF:7
FNH:2
FNDA:2257,(anonymous_0)
FNDA:0,(anonymous_1)
FNDA:12,(anonymous_2)
FNDA:0,(anonymous_3)
FNDA:0,(anonymous_4)
FNDA:0,(anonymous_5)
FNDA:0,(anonymous_6)
DA:10,2
DA:11,2257
DA:12,2257
DA:20,2
DA:21,0
DA:22,0
DA:31,2
DA:32,12
DA:33,8
DA:42,2
DA:43,0
DA:45,0
DA:46,0
DA:48,0
DA:57,2
DA:58,0
DA:59,0
DA:62,0
DA:63,0
DA:64,0
DA:66,0
DA:67,0
DA:70,0
DA:71,0
DA:72,0
DA:74,0
DA:82,2
DA:83,0
DA:85,0
DA:86,0
DA:88,0
DA:96,2
DA:97,0
DA:98,0
DA:101,0
DA:102,0
DA:105,0
DA:106,0
DA:109,0
DA:115,2
DA:120,2
DA:125,2
LF:42
LH:14
BRDA:21,0,0,0
BRDA:21,0,1,0
BRDA:21,1,0,0
BRDA:21,1,1,0
BRDA:32,2,0,4
BRDA:32,2,1,8
BRDA:32,3,0,12
BRDA:32,3,1,9
BRDA:42,4,0,0
BRDA:43,5,0,0
BRDA:43,5,1,0
BRDA:57,6,0,0
BRDA:58,7,0,0
BRDA:58,7,1,0
BRDA:66,8,0,0
BRDA:66,8,1,0
BRDA:97,9,0,0
BRDA:97,9,1,0
BRDA:101,10,0,0
BRDA:101,10,1,0
BRDA:105,11,0,0
BRDA:105,11,1,0
BRF:22
BRH:4
end_of_record
TN:
SF:src/utils/phoneValidation.js
FN:3,(anonymous_0)
FN:27,(anonymous_1)
FN:35,(anonymous_2)
FN:44,(anonymous_3)
FN:55,(anonymous_4)
FN:80,(anonymous_5)
FN:99,(anonymous_6)
FN:115,(anonymous_7)
FNF:8
FNH:4
FNDA:0,(anonymous_0)
FNDA:0,(anonymous_1)
FNDA:0,(anonymous_2)
FNDA:0,(anonymous_3)
FNDA:24,(anonymous_4)
FNDA:30,(anonymous_5)
FNDA:32,(anonymous_6)
FNDA:9,(anonymous_7)
DA:3,1
DA:4,0
DA:5,0
DA:8,0
DA:9,0
DA:10,0
DA:14,0
DA:17,0
DA:18,0
DA:24,0
DA:27,1
DA:28,0
DA:29,0
DA:31,0
DA:32,0
DA:35,1
DA:36,0
DA:39,0
DA:40,0
DA:41,0
DA:44,1
DA:46,0
DA:47,0
DA:55,1
DA:56,24
DA:59,21
DA:60,21
DA:62,19
DA:66,19
DA:69,19
DA:70,12
DA:74,18
DA:80,1
DA:81,30
DA:82,27
DA:85,27
DA:86,27
DA:89,17
DA:90,17
DA:92,16
DA:99,1
DA:100,32
DA:101,29
DA:104,23
DA:105,23
DA:106,23
DA:107,23
DA:109,23
DA:115,1
DA:116,9
DA:118,9
DA:119,9
DA:122,9
DA:123,1
DA:127,8
DA:128,8
DA:129,1
DA:133,8
DA:134,0
DA:138,8
DA:139,6
DA:143,2
DA:144,2
DA:145,2
DA:149,0
DA:150,0
DA:153,0
LF:67
LH:44
BRDA:4,0,0,0
BRDA:4,0,1,0
BRDA:4,1,0,0
BRDA:4,1,1,0
BRDA:9,2,0,0
BRDA:9,2,1,0
BRDA:17,3,0,0
BRDA:17,3,1,0
BRDA:29,4,0,0
BRDA:29,4,1,0
BRDA:36,5,0,0
BRDA:36,5,1,0
BRDA:56,6,0,3
BRDA:56,6,1,21
BRDA:56,7,0,24
BRDA:56,7,1,21
BRDA:60,8,0,2
BRDA:60,8,1,19
BRDA:69,9,0,12
BRDA:69,9,1,7
BRDA:70,10,0,1
BRDA:70,10,1,11
BRDA:70,11,0,12
BRDA:70,11,1,2
BRDA:74,12,0,18
BRDA:74,12,1,15
BRDA:81,13,0,3
BRDA:81,13,1,27
BRDA:81,14,0,30
BRDA:81,14,1,27
BRDA:86,15,0,10
BRDA:86,15,1,17
BRDA:90,16,0,1
BRDA:90,16,1,16
BRDA:100,17,0,3
BRDA:100,17,1,29
BRDA:100,18,0,32
BRDA:100,18,1,29
BRDA:101,19,0,6
BRDA:101,19,1,23
BRDA:101,20,0,29
BRDA:101,20,1,24
BRDA:109,21,0,23
BRDA:109,21,1,20
BRDA:109,21,2,19
BRDA:109,21,3,18
BRDA:116,22,0,0
BRDA:116,22,1,9
BRDA:116,23,0,9
BRDA:116,23,1,9
BRDA:122,24,0,1
BRDA:122,24,1,8
BRDA:122,25,0,9
BRDA:122,25,1,8
BRDA:128,26,0,1
BRDA:128,26,1,7
BRDA:133,27,0,0
BRDA:133,27,1,8
BRDA:133,28,0,8
BRDA:133,28,1,0
BRDA:138,29,0,6
BRDA:138,29,1,2
BRDA:143,30,0,2
BRDA:143,30,1,0
BRDA:143,31,0,2
BRDA:143,31,1,2
BRDA:143,31,2,2
BRDA:149,32,0,0
BRDA:149,32,1,0
BRF:69
BRH:51
end_of_record
